<?xml version="1.0" encoding="UTF-8"?>
<!-- Generated by org.testng.reporters.JUnitXMLReporter -->
<testsuite ignored="8" hostname="AVDCINDED-7" failures="0" tests="1" name="Default test" time="0.053" errors="0" timestamp="2022-09-28T01:54:01 IST">
  <testcase classname="com.base.base.TestBase" name="@BeforeClass initialization" time="-1.664310241181E9">
    <failure type="org.testng.TestNGException" message="
Parameter &amp;apos;strBrowserName&amp;apos; is required by BeforeClass on method initialization but has not been marked @Optional or defined
in C:\Users\H524070\AppData\Local\Temp\testng-eclipse--1622536392\testng-customsuite.xml">
      <![CDATA[org.testng.TestNGException: 
Parameter 'strBrowserName' is required by BeforeClass on method initialization but has not been marked @Optional or defined
in C:\Users\H524070\AppData\Local\Temp\testng-eclipse--1622536392\testng-customsuite.xml
at org.testng.internal.Parameters.createParams(Parameters.java:270)
at org.testng.internal.Parameters.createParametersForMethod(Parameters.java:358)
at org.testng.internal.Parameters.createParameters(Parameters.java:700)
at org.testng.internal.Parameters.createConfigurationParameters(Parameters.java:168)
at org.testng.internal.ConfigInvoker.invokeConfigurations(ConfigInvoker.java:302)
at org.testng.internal.TestMethodWorker.invokeBeforeClassMethods(TestMethodWorker.java:176)
at org.testng.internal.TestMethodWorker.run(TestMethodWorker.java:122)
at java.base/java.util.ArrayList.forEach(ArrayList.java:1511)
at org.testng.TestRunner.privateRun(TestRunner.java:794)
at org.testng.TestRunner.run(TestRunner.java:596)
at org.testng.SuiteRunner.runTest(SuiteRunner.java:377)
at org.testng.SuiteRunner.runSequentially(SuiteRunner.java:371)
at org.testng.SuiteRunner.privateRun(SuiteRunner.java:332)
at org.testng.SuiteRunner.run(SuiteRunner.java:276)
at org.testng.SuiteRunnerWorker.runSuite(SuiteRunnerWorker.java:53)
at org.testng.SuiteRunnerWorker.run(SuiteRunnerWorker.java:96)
at org.testng.TestNG.runSuitesSequentially(TestNG.java:1212)
at org.testng.TestNG.runSuitesLocally(TestNG.java:1134)
at org.testng.TestNG.runSuites(TestNG.java:1063)
at org.testng.TestNG.run(TestNG.java:1031)
at org.testng.remote.AbstractRemoteTestNG.run(AbstractRemoteTestNG.java:115)
at org.testng.remote.RemoteTestNG.initAndRun(RemoteTestNG.java:251)
at org.testng.remote.RemoteTestNG.main(RemoteTestNG.java:77)
]]>
    </failure>
  </testcase> <!-- @BeforeClass initialization -->
  <testcase classname="com.base.base.TestBase" name="@AfterClass tearDown" time="-1.664310241216E9">
    <skipped/>
  </testcase> <!-- @AfterClass tearDown -->
  <testcase classname="com.Workspace.testcases.MultiSence_WorkSpace_Datacollection_Myopenissues" name="TC002_ValidateIssueIDFilters" time="0.0">
    <skipped/>
  </testcase> <!-- TC002_ValidateIssueIDFilters -->
  <testcase classname="com.Workspace.testcases.MultiSence_WorkSpace_Datacollection_Myopenissues" name="TC009_ValidateIssueUserFilter" time="0.0">
    <ignored/>
  </testcase> <!-- TC009_ValidateIssueUserFilter -->
  <testcase classname="com.Workspace.testcases.MultiSence_WorkSpace_Datacollection_Myopenissues" name="TC001_NavigateToIssuePage" time="0.0">
    <ignored/>
  </testcase> <!-- TC001_NavigateToIssuePage -->
  <testcase classname="com.Workspace.testcases.MultiSence_WorkSpace_Datacollection_Myopenissues" name="TC005_ValidateIssueDeviceGroupFilter" time="0.0">
    <ignored/>
  </testcase> <!-- TC005_ValidateIssueDeviceGroupFilter -->
  <testcase classname="com.Workspace.testcases.MultiSence_WorkSpace_Datacollection_Myopenissues" name="TC010_ValidateIssueReasonFilter" time="0.0">
    <ignored/>
  </testcase> <!-- TC010_ValidateIssueReasonFilter -->
  <testcase classname="com.Workspace.testcases.MultiSence_WorkSpace_Datacollection_Myopenissues" name="TC008_ValidateIssueWorkgroupFilter" time="0.0">
    <ignored/>
  </testcase> <!-- TC008_ValidateIssueWorkgroupFilter -->
  <testcase classname="com.Workspace.testcases.MultiSence_WorkSpace_Datacollection_Myopenissues" name="TC006_ValidateIssueDuedateFilter" time="0.0">
    <ignored/>
  </testcase> <!-- TC006_ValidateIssueDuedateFilter -->
  <testcase classname="com.Workspace.testcases.MultiSence_WorkSpace_Datacollection_Myopenissues" name="TC007_ValidateIssueStatusFilter" time="0.0">
    <ignored/>
  </testcase> <!-- TC007_ValidateIssueStatusFilter -->
  <testcase classname="com.Workspace.testcases.MultiSence_WorkSpace_Datacollection_Myopenissues" name="TC004_ValidateIssueDeviceFilter" time="0.0">
    <ignored/>
  </testcase> <!-- TC004_ValidateIssueDeviceFilter -->
</testsuite> <!-- Default test -->
