<html>
<head>
<title>TestNG:  Connexo_RegressionTest_Automation_Suite chrome</title>
<link href="../testng.css" rel="stylesheet" type="text/css" />
<link href="../my-testng.css" rel="stylesheet" type="text/css" />

<style type="text/css">
.log { display: none;} 
.stack-trace { display: none;} 
</style>
<script type="text/javascript">
<!--
function flip(e) {
  current = e.style.display;
  if (current == 'block') {
    e.style.display = 'none';
    return 0;
  }
  else {
    e.style.display = 'block';
    return 1;
  }
}

function toggleBox(szDivId, elem, msg1, msg2)
{
  var res = -1;  if (document.getElementById) {
    res = flip(document.getElementById(szDivId));
  }
  else if (document.all) {
    // this is the way old msie versions work
    res = flip(document.all[szDivId]);
  }
  if(elem) {
    if(res == 0) elem.innerHTML = msg1; else elem.innerHTML = msg2;
  }

}

function toggleAllBoxes() {
  if (document.getElementsByTagName) {
    d = document.getElementsByTagName('div');
    for (i = 0; i < d.length; i++) {
      if (d[i].className == 'log') {
        flip(d[i]);
      }
    }
  }
}

// -->
</script>

</head>
<body>
<h2 align='center'>Connexo_RegressionTest_Automation_Suite chrome</h2><table border='1' align="center">
<tr>
<td>Tests passed/Failed/Skipped:</td><td>9/1/0</td>
</tr><tr>
<td>Started on:</td><td>Thu Sep 29 09:16:23 IST 2022</td>
</tr>
<tr><td>Total time:</td><td>141 seconds (141399 ms)</td>
</tr><tr>
<td>Included groups:</td><td></td>
</tr><tr>
<td>Excluded groups:</td><td></td>
</tr>
</table><p/>
<small><i>(Hover the method name to see the test class name)</i></small><p/>
<table width='100%' border='1' class='invocation-failed'>
<tr><td colspan='4' align='center'><b>FAILED TESTS</b></td></tr>
<tr><td><b>Test method</b></td>
<td width="30%"><b>Exception</b></td>
<td width="10%"><b>Time (seconds)</b></td>
<td><b>Instance</b></td>
</tr>
<tr>
<td title='com.Workspace.testcases.MultiSence_WorkSpace_Alarms_Myworkgroupsalarms.TC005_ValidateAlarmDuedateFilter()'><b>TC005_ValidateAlarmDuedateFilter</b><br>Test class: com.Workspace.testcases.MultiSence_WorkSpace_Alarms_Myworkgroupsalarms</td>
<td><div><pre>org.openqa.selenium.NoSuchElementException: no such element: Unable to locate element: {&quot;method&quot;:&quot;xpath&quot;,&quot;selector&quot;:&quot;(//*[@class=&apos;x-grid-cell x-grid-td x-grid-cell-headerId-alarms-grid-due-date&apos;])[1]&quot;}
  (Session info: chrome=106.0.5249.62)
For documentation on this error, please visit: https://selenium.dev/exceptions/#no_such_element
Build info: version: &apos;4.1.1&apos;, revision: &apos;e8fcc2cecf&apos;
System info: host: &apos;AVDCINDED-7&apos;, ip: &apos;10.72.85.178&apos;, os.name: &apos;Windows 10&apos;, os.arch: &apos;amd64&apos;, os.version: &apos;10.0&apos;, java.version: &apos;17.0.4.1&apos;
Driver info: org.openqa.selenium.chrome.ChromeDriver
Command: [117b5f28ec05dc8f0d4dbf0f94936082, findElement {using=xpath, value=(//*[@class=&apos;x-grid-cell x-grid-td x-grid-cell-headerId-alarms-grid-due-date&apos;])[1]}]
Capabilities {acceptInsecureCerts: true, browserName: chrome, browserVersion: 106.0.5249.62, chrome: {chromedriverVersion: 106.0.5249.61 (511755355844..., userDataDir: C:\Users\H524070\AppData\Lo...}, goog:chromeOptions: {debuggerAddress: localhost:55069}, javascriptEnabled: true, networkConnectionEnabled: false, pageLoadStrategy: normal, platform: WINDOWS, platformName: WINDOWS, proxy: Proxy(), se:cdp: ws://localhost:55069/devtoo..., se:cdpVersion: 106.0.5249.62, setWindowRect: true, strictFileInteractability: false, timeouts: {implicit: 0, pageLoad: 300000, script: 30000}, unhandledPromptBehavior: dismiss and notify, webauthn:extension:credBlob: true, webauthn:extension:largeBlob: true, webauthn:virtualAuthenticators: true}
Session ID: 117b5f28ec05dc8f0d4dbf0f94936082
	at java.base/jdk.internal.reflect.NativeConstructorAccessorImpl.newInstance0(Native Method)
	at java.base/jdk.internal.reflect.NativeConstructorAccessorImpl.newInstance(NativeConstructorAccessorImpl.java:77)
	at java.base/jdk.internal.reflect.DelegatingConstructorAccessorImpl.newInstance(DelegatingConstructorAccessorImpl.java:45)
	at java.base/java.lang.reflect.Constructor.newInstanceWithCaller(Constructor.java:499)
	at java.base/java.lang.reflect.Constructor.newInstance(Constructor.java:480)
	at org.openqa.selenium.remote.codec.w3c.W3CHttpResponseCodec.createException(W3CHttpResponseCodec.java:200)
	at org.openqa.selenium.remote.codec.w3c.W3CHttpResponseCodec.decode(W3CHttpResponseCodec.java:133)
	at org.openqa.selenium.remote.codec.w3c.W3CHttpResponseCodec.decode(W3CHttpResponseCodec.java:53)
	at org.openqa.selenium.remote.HttpCommandExecutor.execute(HttpCommandExecutor.java:184)
	at org.openqa.selenium.remote.service.DriverCommandExecutor.invokeExecute(DriverCommandExecutor.java:167)
	at org.openqa.selenium.remote.service.DriverCommandExecutor.execute(DriverCommandExecutor.java:142)
	at org.openqa.selenium.remote.RemoteWebDriver.execute(RemoteWebDriver.java:543)
	at org.openqa.selenium.remote.ElementLocation$ElementFinder$2.findElement(ElementLocation.java:162)
	at org.openqa.selenium.remote.ElementLocation.findElement(ElementLocation.java:60)
	at org.openqa.selenium.remote.RemoteWebDriver.findElement(RemoteWebDriver.java:367)
	at org.openqa.selenium.remote.RemoteWebDriver.findElement(RemoteWebDriver.java:359)
	at com.Workspace.pages.AlarmsSelectionPage.DueDateValidation(AlarmsSelectionPage.java:316)
	at com.Workspace.pages.AlarmsSelectionPage.selectFilterAndValidateValue(AlarmsSelectionPage.java:114)
	at com.Workspace.testcases.MultiSence_WorkSpace_Alarms_Myworkgroupsalarms.TC005_ValidateAlarmDuedateFilter(MultiSence_WorkSpace_Alarms_Myworkgroupsalarms.java:52)
	at java.base/jdk.internal.reflect.NativeMethodAccessorImpl.invoke0(Native Method)
	at java.base/jdk.internal.reflect.NativeMethodAccessorImpl.invoke(NativeMethodAccessorImpl.java:77)
	at java.base/jdk.internal.reflect.DelegatingMethodAccessorImpl.invoke(DelegatingMethodAccessorImpl.java:43)
	at java.base/java.lang.reflect.Method.invoke(Method.java:568)
	at org.testng.internal.MethodInvocationHelper.invokeMethod(MethodInvocationHelper.java:133)
	at org.testng.internal.TestInvoker.invokeMethod(TestInvoker.java:598)
	at org.testng.internal.TestInvoker.invokeTestMethod(TestInvoker.java:173)
	at org.testng.internal.MethodRunner.runInSequence(MethodRunner.java:46)
	at org.testng.internal.TestInvoker$MethodInvocationAgent.invoke(TestInvoker.java:824)
	at org.testng.internal.TestInvoker.invokeTestMethods(TestInvoker.java:146)
	at org.testng.internal.TestMethodWorker.invokeTestMethods(TestMethodWorker.java:146)
	at org.testng.internal.TestMethodWorker.run(TestMethodWorker.java:128)
	at java.base/java.util.concurrent.ThreadPoolExecutor.runWorker(ThreadPoolExecutor.java:1136)
	at java.base/java.util.concurrent.ThreadPoolExecutor$Worker.run(ThreadPoolExecutor.java:635)
	at java.base/java.lang.Thread.run(Thread.java:833)
</pre></div><a href='#' onClick='toggleBox("stack-trace280922135", this, "Click to show all stack frames", "Click to hide stack frames")'>Click to show all stack frames</a>
<div class='stack-trace' id='stack-trace280922135'><pre>org.openqa.selenium.NoSuchElementException: no such element: Unable to locate element: {&quot;method&quot;:&quot;xpath&quot;,&quot;selector&quot;:&quot;(//*[@class=&apos;x-grid-cell x-grid-td x-grid-cell-headerId-alarms-grid-due-date&apos;])[1]&quot;}
  (Session info: chrome=106.0.5249.62)
For documentation on this error, please visit: https://selenium.dev/exceptions/#no_such_element
Build info: version: &apos;4.1.1&apos;, revision: &apos;e8fcc2cecf&apos;
System info: host: &apos;AVDCINDED-7&apos;, ip: &apos;10.72.85.178&apos;, os.name: &apos;Windows 10&apos;, os.arch: &apos;amd64&apos;, os.version: &apos;10.0&apos;, java.version: &apos;17.0.4.1&apos;
Driver info: org.openqa.selenium.chrome.ChromeDriver
Command: [117b5f28ec05dc8f0d4dbf0f94936082, findElement {using=xpath, value=(//*[@class=&apos;x-grid-cell x-grid-td x-grid-cell-headerId-alarms-grid-due-date&apos;])[1]}]
Capabilities {acceptInsecureCerts: true, browserName: chrome, browserVersion: 106.0.5249.62, chrome: {chromedriverVersion: 106.0.5249.61 (511755355844..., userDataDir: C:\Users\H524070\AppData\Lo...}, goog:chromeOptions: {debuggerAddress: localhost:55069}, javascriptEnabled: true, networkConnectionEnabled: false, pageLoadStrategy: normal, platform: WINDOWS, platformName: WINDOWS, proxy: Proxy(), se:cdp: ws://localhost:55069/devtoo..., se:cdpVersion: 106.0.5249.62, setWindowRect: true, strictFileInteractability: false, timeouts: {implicit: 0, pageLoad: 300000, script: 30000}, unhandledPromptBehavior: dismiss and notify, webauthn:extension:credBlob: true, webauthn:extension:largeBlob: true, webauthn:virtualAuthenticators: true}
Session ID: 117b5f28ec05dc8f0d4dbf0f94936082
	at java.base/jdk.internal.reflect.NativeConstructorAccessorImpl.newInstance0(Native Method)
	at java.base/jdk.internal.reflect.NativeConstructorAccessorImpl.newInstance(NativeConstructorAccessorImpl.java:77)
	at java.base/jdk.internal.reflect.DelegatingConstructorAccessorImpl.newInstance(DelegatingConstructorAccessorImpl.java:45)
	at java.base/java.lang.reflect.Constructor.newInstanceWithCaller(Constructor.java:499)
	at java.base/java.lang.reflect.Constructor.newInstance(Constructor.java:480)
	at org.openqa.selenium.remote.codec.w3c.W3CHttpResponseCodec.createException(W3CHttpResponseCodec.java:200)
	at org.openqa.selenium.remote.codec.w3c.W3CHttpResponseCodec.decode(W3CHttpResponseCodec.java:133)
	at org.openqa.selenium.remote.codec.w3c.W3CHttpResponseCodec.decode(W3CHttpResponseCodec.java:53)
	at org.openqa.selenium.remote.HttpCommandExecutor.execute(HttpCommandExecutor.java:184)
	at org.openqa.selenium.remote.service.DriverCommandExecutor.invokeExecute(DriverCommandExecutor.java:167)
	at org.openqa.selenium.remote.service.DriverCommandExecutor.execute(DriverCommandExecutor.java:142)
	at org.openqa.selenium.remote.RemoteWebDriver.execute(RemoteWebDriver.java:543)
	at org.openqa.selenium.remote.ElementLocation$ElementFinder$2.findElement(ElementLocation.java:162)
	at org.openqa.selenium.remote.ElementLocation.findElement(ElementLocation.java:60)
	at org.openqa.selenium.remote.RemoteWebDriver.findElement(RemoteWebDriver.java:367)
	at org.openqa.selenium.remote.RemoteWebDriver.findElement(RemoteWebDriver.java:359)
	at com.Workspace.pages.AlarmsSelectionPage.DueDateValidation(AlarmsSelectionPage.java:316)
	at com.Workspace.pages.AlarmsSelectionPage.selectFilterAndValidateValue(AlarmsSelectionPage.java:114)
	at com.Workspace.testcases.MultiSence_WorkSpace_Alarms_Myworkgroupsalarms.TC005_ValidateAlarmDuedateFilter(MultiSence_WorkSpace_Alarms_Myworkgroupsalarms.java:52)
	at java.base/jdk.internal.reflect.NativeMethodAccessorImpl.invoke0(Native Method)
	at java.base/jdk.internal.reflect.NativeMethodAccessorImpl.invoke(NativeMethodAccessorImpl.java:77)
	at java.base/jdk.internal.reflect.DelegatingMethodAccessorImpl.invoke(DelegatingMethodAccessorImpl.java:43)
	at java.base/java.lang.reflect.Method.invoke(Method.java:568)
	at org.testng.internal.MethodInvocationHelper.invokeMethod(MethodInvocationHelper.java:133)
	at org.testng.internal.TestInvoker.invokeMethod(TestInvoker.java:598)
	at org.testng.internal.TestInvoker.invokeTestMethod(TestInvoker.java:173)
	at org.testng.internal.MethodRunner.runInSequence(MethodRunner.java:46)
	at org.testng.internal.TestInvoker$MethodInvocationAgent.invoke(TestInvoker.java:824)
	at org.testng.internal.TestInvoker.invokeTestMethods(TestInvoker.java:146)
	at org.testng.internal.TestMethodWorker.invokeTestMethods(TestMethodWorker.java:146)
	at org.testng.internal.TestMethodWorker.run(TestMethodWorker.java:128)
	at java.base/java.util.concurrent.ThreadPoolExecutor.runWorker(ThreadPoolExecutor.java:1136)
	at java.base/java.util.concurrent.ThreadPoolExecutor$Worker.run(ThreadPoolExecutor.java:635)
	at java.base/java.lang.Thread.run(Thread.java:833)
</pre></div></td>
<td>24</td>
<td>com.Workspace.testcases.MultiSence_WorkSpace_Alarms_Myworkgroupsalarms@6256ac4f</td></tr>
</table><p>
<table width='100%' border='1' class='invocation-passed'>
<tr><td colspan='4' align='center'><b>PASSED TESTS</b></td></tr>
<tr><td><b>Test method</b></td>
<td width="30%"><b>Exception</b></td>
<td width="10%"><b>Time (seconds)</b></td>
<td><b>Instance</b></td>
</tr>
<tr>
<td title='com.Workspace.testcases.MultiSence_WorkSpace_Alarms_Myworkgroupsalarms.TC001_NavigateToAlarmsPage()'><b>TC001_NavigateToAlarmsPage</b><br>Test class: com.Workspace.testcases.MultiSence_WorkSpace_Alarms_Myworkgroupsalarms</td>
<td></td>
<td>28</td>
<td>com.Workspace.testcases.MultiSence_WorkSpace_Alarms_Myworkgroupsalarms@6256ac4f</td></tr>
<tr>
<td title='com.Workspace.testcases.MultiSence_WorkSpace_Alarms_Myworkgroupsalarms.TC004_ValidateAlarmDeviceGroupFilter()'><b>TC004_ValidateAlarmDeviceGroupFilter</b><br>Test class: com.Workspace.testcases.MultiSence_WorkSpace_Alarms_Myworkgroupsalarms</td>
<td></td>
<td>7</td>
<td>com.Workspace.testcases.MultiSence_WorkSpace_Alarms_Myworkgroupsalarms@6256ac4f</td></tr>
<tr>
<td title='com.Workspace.testcases.MultiSence_WorkSpace_Alarms_Myworkgroupsalarms.TC010_ValidateAlarmReasonFilter()'><b>TC010_ValidateAlarmReasonFilter</b><br>Test class: com.Workspace.testcases.MultiSence_WorkSpace_Alarms_Myworkgroupsalarms</td>
<td></td>
<td>7</td>
<td>com.Workspace.testcases.MultiSence_WorkSpace_Alarms_Myworkgroupsalarms@6256ac4f</td></tr>
<tr>
<td title='com.Workspace.testcases.MultiSence_WorkSpace_Alarms_Myworkgroupsalarms.TC006_ValidateAlarmStatusFilter()'><b>TC006_ValidateAlarmStatusFilter</b><br>Test class: com.Workspace.testcases.MultiSence_WorkSpace_Alarms_Myworkgroupsalarms</td>
<td></td>
<td>9</td>
<td>com.Workspace.testcases.MultiSence_WorkSpace_Alarms_Myworkgroupsalarms@6256ac4f</td></tr>
<tr>
<td title='com.Workspace.testcases.MultiSence_WorkSpace_Alarms_Myworkgroupsalarms.TC008_ValidateAlarmWorkgroupFilter()'><b>TC008_ValidateAlarmWorkgroupFilter</b><br>Test class: com.Workspace.testcases.MultiSence_WorkSpace_Alarms_Myworkgroupsalarms</td>
<td></td>
<td>8</td>
<td>com.Workspace.testcases.MultiSence_WorkSpace_Alarms_Myworkgroupsalarms@6256ac4f</td></tr>
<tr>
<td title='com.Workspace.testcases.MultiSence_WorkSpace_Alarms_Myworkgroupsalarms.TC002_ValidateAlarmIDFilters()'><b>TC002_ValidateAlarmIDFilters</b><br>Test class: com.Workspace.testcases.MultiSence_WorkSpace_Alarms_Myworkgroupsalarms</td>
<td></td>
<td>6</td>
<td>com.Workspace.testcases.MultiSence_WorkSpace_Alarms_Myworkgroupsalarms@6256ac4f</td></tr>
<tr>
<td title='com.Workspace.testcases.MultiSence_WorkSpace_Alarms_Myworkgroupsalarms.TC009_ValidateAlarmUserFilter()'><b>TC009_ValidateAlarmUserFilter</b><br>Test class: com.Workspace.testcases.MultiSence_WorkSpace_Alarms_Myworkgroupsalarms</td>
<td></td>
<td>19</td>
<td>com.Workspace.testcases.MultiSence_WorkSpace_Alarms_Myworkgroupsalarms@6256ac4f</td></tr>
<tr>
<td title='com.Workspace.testcases.MultiSence_WorkSpace_Alarms_Myworkgroupsalarms.TC003_ValidateAlarmDeviceFilter()'><b>TC003_ValidateAlarmDeviceFilter</b><br>Test class: com.Workspace.testcases.MultiSence_WorkSpace_Alarms_Myworkgroupsalarms</td>
<td></td>
<td>8</td>
<td>com.Workspace.testcases.MultiSence_WorkSpace_Alarms_Myworkgroupsalarms@6256ac4f</td></tr>
<tr>
<td title='com.Workspace.testcases.MultiSence_WorkSpace_Alarms_Myworkgroupsalarms.TC007_ValidateAlarmClearedFilter()'><b>TC007_ValidateAlarmClearedFilter</b><br>Test class: com.Workspace.testcases.MultiSence_WorkSpace_Alarms_Myworkgroupsalarms</td>
<td></td>
<td>8</td>
<td>com.Workspace.testcases.MultiSence_WorkSpace_Alarms_Myworkgroupsalarms@6256ac4f</td></tr>
</table><p>
</body>
</html>