<?xml version="1.0" encoding="UTF-8"?>
<!-- Generated by org.testng.reporters.JUnitXMLReporter -->
<testsuite ignored="0" hostname="AVDCINDED-7" failures="1" tests="10" name="Connexo_RegressionTest_Automation_Suite chrome" time="141.399" errors="0" timestamp="2022-09-29T09:18:45 IST">
  <testcase classname="com.Workspace.testcases.MultiSence_WorkSpace_Alarms_Myworkgroupsalarms" name="TC001_NavigateToAlarmsPage" time="28.177"/>
  <testcase classname="com.Workspace.testcases.MultiSence_WorkSpace_Alarms_Myworkgroupsalarms" name="TC002_ValidateAlarmIDFilters" time="6.555"/>
  <testcase classname="com.Workspace.testcases.MultiSence_WorkSpace_Alarms_Myworkgroupsalarms" name="TC003_ValidateAlarmDeviceFilter" time="8.002"/>
  <testcase classname="com.Workspace.testcases.MultiSence_WorkSpace_Alarms_Myworkgroupsalarms" name="TC004_ValidateAlarmDeviceGroupFilter" time="7.66"/>
  <testcase classname="com.Workspace.testcases.MultiSence_WorkSpace_Alarms_Myworkgroupsalarms" name="TC005_ValidateAlarmDuedateFilter" time="24.072">
    <failure type="org.openqa.selenium.NoSuchElementException" message="no such element: Unable to locate element: {&amp;quot;method&amp;quot;:&amp;quot;xpath&amp;quot;,&amp;quot;selector&amp;quot;:&amp;quot;(//*[@class=&amp;apos;x-grid-cell x-grid-td x-grid-cell-headerId-alarms-grid-due-date&amp;apos;])[1]&amp;quot;}
  (Session info: chrome=106.0.5249.62)
For documentation on this error, please visit: https://selenium.dev/exceptions/#no_such_element
Build info: version: &amp;apos;4.1.1&amp;apos;, revision: &amp;apos;e8fcc2cecf&amp;apos;
System info: host: &amp;apos;AVDCINDED-7&amp;apos;, ip: &amp;apos;10.72.85.178&amp;apos;, os.name: &amp;apos;Windows 10&amp;apos;, os.arch: &amp;apos;amd64&amp;apos;, os.version: &amp;apos;10.0&amp;apos;, java.version: &amp;apos;17.0.4.1&amp;apos;
Driver info: org.openqa.selenium.chrome.ChromeDriver
Command: [117b5f28ec05dc8f0d4dbf0f94936082, findElement {using=xpath, value=(//*[@class=&amp;apos;x-grid-cell x-grid-td x-grid-cell-headerId-alarms-grid-due-date&amp;apos;])[1]}]
Capabilities {acceptInsecureCerts: true, browserName: chrome, browserVersion: 106.0.5249.62, chrome: {chromedriverVersion: 106.0.5249.61 (511755355844..., userDataDir: C:\Users\H524070\AppData\Lo...}, goog:chromeOptions: {debuggerAddress: localhost:55069}, javascriptEnabled: true, networkConnectionEnabled: false, pageLoadStrategy: normal, platform: WINDOWS, platformName: WINDOWS, proxy: Proxy(), se:cdp: ws://localhost:55069/devtoo..., se:cdpVersion: 106.0.5249.62, setWindowRect: true, strictFileInteractability: false, timeouts: {implicit: 0, pageLoad: 300000, script: 30000}, unhandledPromptBehavior: dismiss and notify, webauthn:extension:credBlob: true, webauthn:extension:largeBlob: true, webauthn:virtualAuthenticators: true}
Session ID: 117b5f28ec05dc8f0d4dbf0f94936082">
      <![CDATA[org.openqa.selenium.NoSuchElementException: no such element: Unable to locate element: {"method":"xpath","selector":"(//*[@class='x-grid-cell x-grid-td x-grid-cell-headerId-alarms-grid-due-date'])[1]"}
  (Session info: chrome=106.0.5249.62)
For documentation on this error, please visit: https://selenium.dev/exceptions/#no_such_element
Build info: version: '4.1.1', revision: 'e8fcc2cecf'
System info: host: 'AVDCINDED-7', ip: '10.72.85.178', os.name: 'Windows 10', os.arch: 'amd64', os.version: '10.0', java.version: '17.0.4.1'
Driver info: org.openqa.selenium.chrome.ChromeDriver
Command: [117b5f28ec05dc8f0d4dbf0f94936082, findElement {using=xpath, value=(//*[@class='x-grid-cell x-grid-td x-grid-cell-headerId-alarms-grid-due-date'])[1]}]
Capabilities {acceptInsecureCerts: true, browserName: chrome, browserVersion: 106.0.5249.62, chrome: {chromedriverVersion: 106.0.5249.61 (511755355844..., userDataDir: C:\Users\H524070\AppData\Lo...}, goog:chromeOptions: {debuggerAddress: localhost:55069}, javascriptEnabled: true, networkConnectionEnabled: false, pageLoadStrategy: normal, platform: WINDOWS, platformName: WINDOWS, proxy: Proxy(), se:cdp: ws://localhost:55069/devtoo..., se:cdpVersion: 106.0.5249.62, setWindowRect: true, strictFileInteractability: false, timeouts: {implicit: 0, pageLoad: 300000, script: 30000}, unhandledPromptBehavior: dismiss and notify, webauthn:extension:credBlob: true, webauthn:extension:largeBlob: true, webauthn:virtualAuthenticators: true}
Session ID: 117b5f28ec05dc8f0d4dbf0f94936082
at java.base/jdk.internal.reflect.NativeConstructorAccessorImpl.newInstance0(Native Method)
at java.base/jdk.internal.reflect.NativeConstructorAccessorImpl.newInstance(NativeConstructorAccessorImpl.java:77)
at java.base/jdk.internal.reflect.DelegatingConstructorAccessorImpl.newInstance(DelegatingConstructorAccessorImpl.java:45)
at java.base/java.lang.reflect.Constructor.newInstanceWithCaller(Constructor.java:499)
at java.base/java.lang.reflect.Constructor.newInstance(Constructor.java:480)
at org.openqa.selenium.remote.codec.w3c.W3CHttpResponseCodec.createException(W3CHttpResponseCodec.java:200)
at org.openqa.selenium.remote.codec.w3c.W3CHttpResponseCodec.decode(W3CHttpResponseCodec.java:133)
at org.openqa.selenium.remote.codec.w3c.W3CHttpResponseCodec.decode(W3CHttpResponseCodec.java:53)
at org.openqa.selenium.remote.HttpCommandExecutor.execute(HttpCommandExecutor.java:184)
at org.openqa.selenium.remote.service.DriverCommandExecutor.invokeExecute(DriverCommandExecutor.java:167)
at org.openqa.selenium.remote.service.DriverCommandExecutor.execute(DriverCommandExecutor.java:142)
at org.openqa.selenium.remote.RemoteWebDriver.execute(RemoteWebDriver.java:543)
at org.openqa.selenium.remote.ElementLocation$ElementFinder$2.findElement(ElementLocation.java:162)
at org.openqa.selenium.remote.ElementLocation.findElement(ElementLocation.java:60)
at org.openqa.selenium.remote.RemoteWebDriver.findElement(RemoteWebDriver.java:367)
at org.openqa.selenium.remote.RemoteWebDriver.findElement(RemoteWebDriver.java:359)
at com.Workspace.pages.AlarmsSelectionPage.DueDateValidation(AlarmsSelectionPage.java:316)
at com.Workspace.pages.AlarmsSelectionPage.selectFilterAndValidateValue(AlarmsSelectionPage.java:114)
at com.Workspace.testcases.MultiSence_WorkSpace_Alarms_Myworkgroupsalarms.TC005_ValidateAlarmDuedateFilter(MultiSence_WorkSpace_Alarms_Myworkgroupsalarms.java:52)
at java.base/jdk.internal.reflect.NativeMethodAccessorImpl.invoke0(Native Method)
at java.base/jdk.internal.reflect.NativeMethodAccessorImpl.invoke(NativeMethodAccessorImpl.java:77)
at java.base/jdk.internal.reflect.DelegatingMethodAccessorImpl.invoke(DelegatingMethodAccessorImpl.java:43)
at java.base/java.lang.reflect.Method.invoke(Method.java:568)
at org.testng.internal.MethodInvocationHelper.invokeMethod(MethodInvocationHelper.java:133)
at org.testng.internal.TestInvoker.invokeMethod(TestInvoker.java:598)
at org.testng.internal.TestInvoker.invokeTestMethod(TestInvoker.java:173)
at org.testng.internal.MethodRunner.runInSequence(MethodRunner.java:46)
at org.testng.internal.TestInvoker$MethodInvocationAgent.invoke(TestInvoker.java:824)
at org.testng.internal.TestInvoker.invokeTestMethods(TestInvoker.java:146)
at org.testng.internal.TestMethodWorker.invokeTestMethods(TestMethodWorker.java:146)
at org.testng.internal.TestMethodWorker.run(TestMethodWorker.java:128)
at java.base/java.util.concurrent.ThreadPoolExecutor.runWorker(ThreadPoolExecutor.java:1136)
at java.base/java.util.concurrent.ThreadPoolExecutor$Worker.run(ThreadPoolExecutor.java:635)
at java.base/java.lang.Thread.run(Thread.java:833)
]]>
    </failure>
  </testcase> <!-- TC005_ValidateAlarmDuedateFilter -->
  <testcase classname="com.Workspace.testcases.MultiSence_WorkSpace_Alarms_Myworkgroupsalarms" name="TC006_ValidateAlarmStatusFilter" time="9.055"/>
  <testcase classname="com.Workspace.testcases.MultiSence_WorkSpace_Alarms_Myworkgroupsalarms" name="TC007_ValidateAlarmClearedFilter" time="8.828"/>
  <testcase classname="com.Workspace.testcases.MultiSence_WorkSpace_Alarms_Myworkgroupsalarms" name="TC008_ValidateAlarmWorkgroupFilter" time="8.761"/>
  <testcase classname="com.Workspace.testcases.MultiSence_WorkSpace_Alarms_Myworkgroupsalarms" name="TC009_ValidateAlarmUserFilter" time="19.442"/>
  <testcase classname="com.Workspace.testcases.MultiSence_WorkSpace_Alarms_Myworkgroupsalarms" name="TC010_ValidateAlarmReasonFilter" time="7.326"/>
</testsuite> <!-- Connexo_RegressionTest_Automation_Suite chrome -->
