04:03:51.604 [main] INFO  com.util.logs.Log - OnStart method Connexo_RegressionTest_Automation_Suite chrome
04:03:57.571 [TestNG-test=Connexo_RegressionTest_Automation_Suite chrome-1] INFO  com.util.logs.Log - Executng : TC001_NavigateToAlarmsPage
04:03:58.915 [TestNG-test=Connexo_RegressionTest_Automation_Suite chrome-1] INFO  com.util.logs.Log - Entering User Name
04:04:00.500 [TestNG-test=Connexo_RegressionTest_Automation_Suite chrome-1] INFO  com.util.logs.Log - Entering Password
04:04:01.105 [TestNG-test=Connexo_RegressionTest_Automation_Suite chrome-1] INFO  com.util.logs.Log - Clicking on Login button
04:04:01.137 [TestNG-test=Connexo_RegressionTest_Automation_Suite chrome-1] INFO  com.base.base.TestBase - clicking on the element Login
04:04:05.802 [TestNG-test=Connexo_RegressionTest_Automation_Suite chrome-1] INFO  com.util.logs.Log - Clicking on Menu button
04:04:07.852 [TestNG-test=Connexo_RegressionTest_Automation_Suite chrome-1] INFO  com.base.base.TestBase - clicking on the element  
04:04:39.471 [TestNG-test=Connexo_RegressionTest_Automation_Suite chrome-1] INFO  com.util.logs.Log - Clicking on multisense button
04:04:39.525 [TestNG-test=Connexo_RegressionTest_Automation_Suite chrome-1] INFO  com.base.base.TestBase - clicking on the element MultiSense
04:05:13.572 [TestNG-test=Connexo_RegressionTest_Automation_Suite chrome-1] INFO  com.util.logs.Log - Clicking on Workspace button
04:05:13.624 [TestNG-test=Connexo_RegressionTest_Automation_Suite chrome-1] INFO  com.base.base.TestBase - clicking on the element Workspace
 
04:05:17.583 [TestNG-test=Connexo_RegressionTest_Automation_Suite chrome-1] INFO  com.base.base.TestBase - clicking on the element Alarms
04:05:19.193 [TestNG-test=Connexo_RegressionTest_Automation_Suite chrome-1] INFO  com.util.logs.Log - Test case: TC001_NavigateToAlarmsPage PASSED
04:05:19.670 [TestNG-test=Connexo_RegressionTest_Automation_Suite chrome-1] INFO  com.util.logs.Log - Executng : TC002_ValidateAlarmIDFilters
04:05:19.724 [TestNG-test=Connexo_RegressionTest_Automation_Suite chrome-1] INFO  com.base.base.TestBase - clicking on the element Clear all
04:05:21.411 [TestNG-test=Connexo_RegressionTest_Automation_Suite chrome-1] INFO  com.Workspace.pages.AlarmsSelectionPage - ClearAllButton
04:05:22.233 [TestNG-test=Connexo_RegressionTest_Automation_Suite chrome-1] INFO  com.util.logs.Log - Entered value : ALM-2005 in the element : [[ChromeDriver: chrome on WINDOWS (ed1246f9ac575cc648ed6966934b82d3)] -> xpath: //input[@placeholder='Input alarm ID...']]
04:05:25.277 [TestNG-test=Connexo_RegressionTest_Automation_Suite chrome-1] INFO  com.base.base.TestBase - Clicking on element : Apply
04:05:26.123 [TestNG-test=Connexo_RegressionTest_Automation_Suite chrome-1] INFO  com.base.base.TestBase - Expected Value : ALM-2005 matches with Actual Value : ALM-2005
04:05:26.125 [TestNG-test=Connexo_RegressionTest_Automation_Suite chrome-1] INFO  com.util.logs.Log - Test case: TC002_ValidateAlarmIDFilters PASSED
04:05:26.310 [TestNG-test=Connexo_RegressionTest_Automation_Suite chrome-1] INFO  com.util.logs.Log - Executng : TC003_ValidateAlarmDeviceFilter
04:05:26.347 [TestNG-test=Connexo_RegressionTest_Automation_Suite chrome-1] INFO  com.base.base.TestBase - clicking on the element Clear all
04:05:28.024 [TestNG-test=Connexo_RegressionTest_Automation_Suite chrome-1] INFO  com.Workspace.pages.AlarmsSelectionPage - ClearAllButton
04:05:28.266 [TestNG-test=Connexo_RegressionTest_Automation_Suite chrome-1] INFO  com.util.logs.Log - Entered value : SPE01000012 in the element : [[ChromeDriver: chrome on WINDOWS (ed1246f9ac575cc648ed6966934b82d3)] -> xpath: //input[@placeholder='Device']]
04:05:28.881 [TestNG-test=Connexo_RegressionTest_Automation_Suite chrome-1] INFO  com.base.base.TestBase - clicking on the element SPE01000012
04:05:33.479 [TestNG-test=Connexo_RegressionTest_Automation_Suite chrome-1] INFO  com.base.base.TestBase - Clicking on element : Apply
04:05:34.265 [TestNG-test=Connexo_RegressionTest_Automation_Suite chrome-1] INFO  com.base.base.TestBase - Expected Value : SPE01000012 matches with Actual Value : SPE01000012
04:05:34.266 [TestNG-test=Connexo_RegressionTest_Automation_Suite chrome-1] INFO  com.util.logs.Log - Test case: TC003_ValidateAlarmDeviceFilter PASSED
04:05:34.444 [TestNG-test=Connexo_RegressionTest_Automation_Suite chrome-1] INFO  com.util.logs.Log - Executng : TC004_ValidateAlarmDeviceGroupFilter
04:05:34.587 [TestNG-test=Connexo_RegressionTest_Automation_Suite chrome-1] INFO  com.base.base.TestBase - clicking on the element 
04:05:36.184 [TestNG-test=Connexo_RegressionTest_Automation_Suite chrome-1] INFO  com.base.base.TestBase - clicking on the element Electricity devices
04:05:40.763 [TestNG-test=Connexo_RegressionTest_Automation_Suite chrome-1] INFO  com.base.base.TestBase - Clicking on element : Apply
04:05:41.883 [TestNG-test=Connexo_RegressionTest_Automation_Suite chrome-1] INFO  com.base.base.TestBase - Expected Value : SPE01000012 matches with Actual Value : SPE01000012
04:05:41.883 [TestNG-test=Connexo_RegressionTest_Automation_Suite chrome-1] INFO  com.util.logs.Log - Test case: TC004_ValidateAlarmDeviceGroupFilter PASSED
04:05:42.104 [TestNG-test=Connexo_RegressionTest_Automation_Suite chrome-1] INFO  com.util.logs.Log - Executng : TC005_ValidateAlarmDuedateFilter
04:05:42.140 [TestNG-test=Connexo_RegressionTest_Automation_Suite chrome-1] INFO  com.base.base.TestBase - clicking on the element Clear all
04:05:43.802 [TestNG-test=Connexo_RegressionTest_Automation_Suite chrome-1] INFO  com.Workspace.pages.AlarmsSelectionPage - ClearAllButton
04:05:43.917 [TestNG-test=Connexo_RegressionTest_Automation_Suite chrome-1] INFO  com.base.base.TestBase - clicking on the element 
04:05:45.516 [TestNG-test=Connexo_RegressionTest_Automation_Suite chrome-1] INFO  com.base.base.TestBase - clicking on the element Due today
04:05:50.099 [TestNG-test=Connexo_RegressionTest_Automation_Suite chrome-1] INFO  com.base.base.TestBase - Clicking on element : Apply
04:06:06.042 [TestNG-test=Connexo_RegressionTest_Automation_Suite chrome-1] INFO  com.util.logs.Log - Test case: TC005_ValidateAlarmDuedateFilter FAILED
04:06:06.205 [TestNG-test=Connexo_RegressionTest_Automation_Suite chrome-1] INFO  com.util.logs.Log - Executng : TC006_ValidateAlarmStatusFilter
04:06:06.261 [TestNG-test=Connexo_RegressionTest_Automation_Suite chrome-1] INFO  com.base.base.TestBase - clicking on the element Clear all
04:06:08.047 [TestNG-test=Connexo_RegressionTest_Automation_Suite chrome-1] INFO  com.Workspace.pages.AlarmsSelectionPage - ClearAllButton
04:06:08.146 [TestNG-test=Connexo_RegressionTest_Automation_Suite chrome-1] INFO  com.base.base.TestBase - clicking on the element 
04:06:09.749 [TestNG-test=Connexo_RegressionTest_Automation_Suite chrome-1] INFO  com.base.base.TestBase - clicking on the element Created
04:06:14.339 [TestNG-test=Connexo_RegressionTest_Automation_Suite chrome-1] INFO  com.base.base.TestBase - Clicking on element : Apply
04:06:15.145 [TestNG-test=Connexo_RegressionTest_Automation_Suite chrome-1] INFO  com.base.base.TestBase - Expected Value : Created matches with Actual Value : Created
04:06:15.146 [TestNG-test=Connexo_RegressionTest_Automation_Suite chrome-1] INFO  com.util.logs.Log - Test case: TC006_ValidateAlarmStatusFilter PASSED
04:06:15.349 [TestNG-test=Connexo_RegressionTest_Automation_Suite chrome-1] INFO  com.util.logs.Log - Executng : TC007_ValidateAlarmClearedFilter
04:06:15.398 [TestNG-test=Connexo_RegressionTest_Automation_Suite chrome-1] INFO  com.base.base.TestBase - clicking on the element Clear all
04:06:17.053 [TestNG-test=Connexo_RegressionTest_Automation_Suite chrome-1] INFO  com.Workspace.pages.AlarmsSelectionPage - ClearAllButton
04:06:17.145 [TestNG-test=Connexo_RegressionTest_Automation_Suite chrome-1] INFO  com.base.base.TestBase - clicking on the element 
04:06:18.730 [TestNG-test=Connexo_RegressionTest_Automation_Suite chrome-1] INFO  com.base.base.TestBase - clicking on the element No
04:06:23.328 [TestNG-test=Connexo_RegressionTest_Automation_Suite chrome-1] INFO  com.base.base.TestBase - Clicking on element : Apply
04:06:24.146 [TestNG-test=Connexo_RegressionTest_Automation_Suite chrome-1] INFO  com.base.base.TestBase - Expected Value : No matches with Actual Value : No
04:06:24.149 [TestNG-test=Connexo_RegressionTest_Automation_Suite chrome-1] INFO  com.util.logs.Log - Test case: TC007_ValidateAlarmClearedFilter PASSED
04:06:24.366 [TestNG-test=Connexo_RegressionTest_Automation_Suite chrome-1] INFO  com.util.logs.Log - Executng : TC008_ValidateAlarmWorkgroupFilter
04:06:24.413 [TestNG-test=Connexo_RegressionTest_Automation_Suite chrome-1] INFO  com.base.base.TestBase - clicking on the element Clear all
04:06:26.063 [TestNG-test=Connexo_RegressionTest_Automation_Suite chrome-1] INFO  com.Workspace.pages.AlarmsSelectionPage - ClearAllButton
04:06:26.153 [TestNG-test=Connexo_RegressionTest_Automation_Suite chrome-1] INFO  com.base.base.TestBase - clicking on the element 
04:06:27.742 [TestNG-test=Connexo_RegressionTest_Automation_Suite chrome-1] INFO  com.base.base.TestBase - clicking on the element Unassigned
04:06:32.318 [TestNG-test=Connexo_RegressionTest_Automation_Suite chrome-1] INFO  com.base.base.TestBase - Clicking on element : Apply
04:06:33.080 [TestNG-test=Connexo_RegressionTest_Automation_Suite chrome-1] INFO  com.base.base.TestBase - Expected Value : Unassigned matches with Actual Value : Unassigned
04:06:33.081 [TestNG-test=Connexo_RegressionTest_Automation_Suite chrome-1] INFO  com.util.logs.Log - Test case: TC008_ValidateAlarmWorkgroupFilter PASSED
04:06:33.255 [TestNG-test=Connexo_RegressionTest_Automation_Suite chrome-1] INFO  com.util.logs.Log - Executng : TC009_ValidateAlarmUserFilter
04:06:33.308 [TestNG-test=Connexo_RegressionTest_Automation_Suite chrome-1] INFO  com.base.base.TestBase - clicking on the element Clear all
04:06:34.975 [TestNG-test=Connexo_RegressionTest_Automation_Suite chrome-1] INFO  com.Workspace.pages.AlarmsSelectionPage - ClearAllButton
04:06:35.056 [TestNG-test=Connexo_RegressionTest_Automation_Suite chrome-1] INFO  com.base.base.TestBase - clicking on the element 
04:06:52.846 [TestNG-test=Connexo_RegressionTest_Automation_Suite chrome-1] INFO  com.base.base.TestBase - Clicking on element : Apply
04:07:04.237 [TestNG-test=Connexo_RegressionTest_Automation_Suite chrome-1] INFO  com.util.logs.Log - Test case: TC009_ValidateAlarmUserFilter FAILED
04:07:04.410 [TestNG-test=Connexo_RegressionTest_Automation_Suite chrome-1] INFO  com.util.logs.Log - Executng : TC010_ValidateAlarmReasonFilter
04:07:04.454 [TestNG-test=Connexo_RegressionTest_Automation_Suite chrome-1] INFO  com.base.base.TestBase - clicking on the element Clear all
04:07:06.175 [TestNG-test=Connexo_RegressionTest_Automation_Suite chrome-1] INFO  com.Workspace.pages.AlarmsSelectionPage - ClearAllButton
04:07:06.297 [TestNG-test=Connexo_RegressionTest_Automation_Suite chrome-1] INFO  com.util.logs.Log - Entered value : Tampering in the element : [[ChromeDriver: chrome on WINDOWS (ed1246f9ac575cc648ed6966934b82d3)] -> xpath: //input[@placeholder='Reason']]
04:07:06.348 [TestNG-test=Connexo_RegressionTest_Automation_Suite chrome-1] INFO  com.base.base.TestBase - clicking on the element Tampering
04:07:10.932 [TestNG-test=Connexo_RegressionTest_Automation_Suite chrome-1] INFO  com.base.base.TestBase - Clicking on element : Apply
04:07:11.717 [TestNG-test=Connexo_RegressionTest_Automation_Suite chrome-1] INFO  com.base.base.TestBase - Expected Value : Tampering matches with Actual Value : Tampering
04:07:11.718 [TestNG-test=Connexo_RegressionTest_Automation_Suite chrome-1] INFO  com.util.logs.Log - Test case: TC010_ValidateAlarmReasonFilter PASSED
04:07:11.913 [TestNG-test=Connexo_RegressionTest_Automation_Suite chrome-1] INFO  com.util.logs.Log - Executng : TC011_ValidateAlarmPriorityFilter
04:07:11.984 [TestNG-test=Connexo_RegressionTest_Automation_Suite chrome-1] INFO  com.base.base.TestBase - clicking on the element 
04:07:13.817 [TestNG-test=Connexo_RegressionTest_Automation_Suite chrome-1] INFO  com.base.base.TestBase - clicking on the element 
04:07:15.455 [TestNG-test=Connexo_RegressionTest_Automation_Suite chrome-1] INFO  com.base.base.TestBase - clicking on the element Priority
04:07:20.559 [TestNG-test=Connexo_RegressionTest_Automation_Suite chrome-1] INFO  com.base.base.TestBase - Clicking on element : Priority
04:07:21.444 [TestNG-test=Connexo_RegressionTest_Automation_Suite chrome-1] INFO  com.util.logs.Log - Test case: TC011_ValidateAlarmPriorityFilter PASSED
04:07:21.644 [TestNG-test=Connexo_RegressionTest_Automation_Suite chrome-1] INFO  com.util.logs.Log - Executng : TC012_ValidateBulkAction
04:07:21.694 [TestNG-test=Connexo_RegressionTest_Automation_Suite chrome-1] INFO  com.base.base.TestBase - clicking on the element 
04:07:26.559 [TestNG-test=Connexo_RegressionTest_Automation_Suite chrome-1] INFO  com.base.base.TestBase - clicking on the element All alarms
04:07:28.154 [TestNG-test=Connexo_RegressionTest_Automation_Suite chrome-1] INFO  com.base.base.TestBase - clicking on the element 
04:07:29.920 [TestNG-test=Connexo_RegressionTest_Automation_Suite chrome-1] INFO  com.base.base.TestBase - clicking on the element Assign alarms
04:07:31.476 [TestNG-test=Connexo_RegressionTest_Automation_Suite chrome-1] INFO  com.base.base.TestBase - clicking on the element 
04:07:33.406 [TestNG-test=Connexo_RegressionTest_Automation_Suite chrome-1] INFO  com.base.base.TestBase - clicking on the element 
04:07:35.017 [TestNG-test=Connexo_RegressionTest_Automation_Suite chrome-1] INFO  com.base.base.TestBase - clicking on the element Unassigned
04:07:36.607 [TestNG-test=Connexo_RegressionTest_Automation_Suite chrome-1] INFO  com.base.base.TestBase - clicking on the element 
04:07:38.207 [TestNG-test=Connexo_RegressionTest_Automation_Suite chrome-1] INFO  com.base.base.TestBase - clicking on the element Show all users
04:07:39.768 [TestNG-test=Connexo_RegressionTest_Automation_Suite chrome-1] INFO  com.base.base.TestBase - clicking on the element 
04:07:41.384 [TestNG-test=Connexo_RegressionTest_Automation_Suite chrome-1] INFO  com.base.base.TestBase - clicking on the element root
04:07:42.957 [TestNG-test=Connexo_RegressionTest_Automation_Suite chrome-1] INFO  com.base.base.TestBase - clicking on the element 
04:07:44.698 [TestNG-test=Connexo_RegressionTest_Automation_Suite chrome-1] INFO  com.base.base.TestBase - clicking on the element Confirm
04:07:46.489 [TestNG-test=Connexo_RegressionTest_Automation_Suite chrome-1] INFO  com.Workspace.pages.AlarmsSelectionPage - able to perform Bulk Allocation- succesfully
04:07:46.536 [TestNG-test=Connexo_RegressionTest_Automation_Suite chrome-1] INFO  com.base.base.TestBase - clicking on the element Finish
04:07:48.134 [TestNG-test=Connexo_RegressionTest_Automation_Suite chrome-1] INFO  com.util.logs.Log - Test case: TC012_ValidateBulkAction PASSED
04:07:48.387 [TestNG-test=Connexo_RegressionTest_Automation_Suite chrome-1] INFO  com.base.base.TestBase - clicking on the element   
04:07:50.499 [TestNG-test=Connexo_RegressionTest_Automation_Suite chrome-1] INFO  com.base.base.TestBase - clicking on the element Logout
04:07:52.398 [main] INFO  com.util.logs.Log - OnFinish method Connexo_RegressionTest_Automation_Suite chrome
