03:23:52.872 [main] INFO  com.util.logs.Log - OnStart method Connexo_RegressionTest_Automation_Suite chrome
03:23:59.454 [TestNG-test=Connexo_RegressionTest_Automation_Suite chrome-1] INFO  com.util.logs.Log - Executng : TC001_NavigateToAlarmsPage
03:24:00.801 [TestNG-test=Connexo_RegressionTest_Automation_Suite chrome-1] INFO  com.util.logs.Log - Entering User Name
03:24:02.376 [TestNG-test=Connexo_RegressionTest_Automation_Suite chrome-1] INFO  com.util.logs.Log - Entering Password
03:24:02.975 [TestNG-test=Connexo_RegressionTest_Automation_Suite chrome-1] INFO  com.util.logs.Log - Clicking on Login button
03:24:03.009 [TestNG-test=Connexo_RegressionTest_Automation_Suite chrome-1] INFO  com.base.base.TestBase - clicking on the element Login
03:24:07.723 [TestNG-test=Connexo_RegressionTest_Automation_Suite chrome-1] INFO  com.util.logs.Log - Clicking on Menu button
03:24:09.771 [TestNG-test=Connexo_RegressionTest_Automation_Suite chrome-1] INFO  com.base.base.TestBase - clicking on the element  
03:24:41.402 [TestNG-test=Connexo_RegressionTest_Automation_Suite chrome-1] INFO  com.util.logs.Log - Clicking on multisense button
03:24:41.466 [TestNG-test=Connexo_RegressionTest_Automation_Suite chrome-1] INFO  com.base.base.TestBase - clicking on the element MultiSense
03:25:15.746 [TestNG-test=Connexo_RegressionTest_Automation_Suite chrome-1] INFO  com.util.logs.Log - Clicking on Workspace button
03:25:15.806 [TestNG-test=Connexo_RegressionTest_Automation_Suite chrome-1] INFO  com.base.base.TestBase - clicking on the element Workspace
 
03:25:19.793 [TestNG-test=Connexo_RegressionTest_Automation_Suite chrome-1] INFO  com.base.base.TestBase - clicking on the element Alarms
03:25:21.394 [TestNG-test=Connexo_RegressionTest_Automation_Suite chrome-1] INFO  com.util.logs.Log - Test case: TC001_NavigateToAlarmsPage PASSED
03:25:21.907 [TestNG-test=Connexo_RegressionTest_Automation_Suite chrome-1] INFO  com.util.logs.Log - Executng : TC002_ValidateAlarmIDFilters
03:25:21.977 [TestNG-test=Connexo_RegressionTest_Automation_Suite chrome-1] INFO  com.base.base.TestBase - clicking on the element Clear all
03:25:23.661 [TestNG-test=Connexo_RegressionTest_Automation_Suite chrome-1] INFO  com.Workspace.pages.AlarmsSelectionPage - ClearAllButton
03:25:24.484 [TestNG-test=Connexo_RegressionTest_Automation_Suite chrome-1] INFO  com.util.logs.Log - Entered value : ALM-2005 in the element : [[ChromeDriver: chrome on WINDOWS (00530689aab33bfe122512116ae23b64)] -> xpath: //input[@placeholder='Input alarm ID...']]
03:25:27.568 [TestNG-test=Connexo_RegressionTest_Automation_Suite chrome-1] INFO  com.base.base.TestBase - Clicking on element : Apply
03:25:28.791 [TestNG-test=Connexo_RegressionTest_Automation_Suite chrome-1] INFO  com.base.base.TestBase - Expected Value : ALM-2005 matches with Actual Value : ALM-2005
03:25:28.793 [TestNG-test=Connexo_RegressionTest_Automation_Suite chrome-1] INFO  com.util.logs.Log - Test case: TC002_ValidateAlarmIDFilters PASSED
03:25:28.992 [TestNG-test=Connexo_RegressionTest_Automation_Suite chrome-1] INFO  com.util.logs.Log - Executng : TC003_ValidateAlarmDeviceFilter
03:25:29.030 [TestNG-test=Connexo_RegressionTest_Automation_Suite chrome-1] INFO  com.base.base.TestBase - clicking on the element Clear all
03:25:30.755 [TestNG-test=Connexo_RegressionTest_Automation_Suite chrome-1] INFO  com.Workspace.pages.AlarmsSelectionPage - ClearAllButton
03:25:30.959 [TestNG-test=Connexo_RegressionTest_Automation_Suite chrome-1] INFO  com.util.logs.Log - Entered value : SPE01000012 in the element : [[ChromeDriver: chrome on WINDOWS (00530689aab33bfe122512116ae23b64)] -> xpath: //input[@placeholder='Device']]
03:25:31.582 [TestNG-test=Connexo_RegressionTest_Automation_Suite chrome-1] INFO  com.base.base.TestBase - clicking on the element SPE01000012
03:25:36.185 [TestNG-test=Connexo_RegressionTest_Automation_Suite chrome-1] INFO  com.base.base.TestBase - Clicking on element : Apply
03:25:37.057 [TestNG-test=Connexo_RegressionTest_Automation_Suite chrome-1] INFO  com.base.base.TestBase - Expected Value : SPE01000012 matches with Actual Value : SPE01000012
03:25:37.058 [TestNG-test=Connexo_RegressionTest_Automation_Suite chrome-1] INFO  com.util.logs.Log - Test case: TC003_ValidateAlarmDeviceFilter PASSED
03:25:37.265 [TestNG-test=Connexo_RegressionTest_Automation_Suite chrome-1] INFO  com.util.logs.Log - Executng : TC004_ValidateAlarmDeviceGroupFilter
03:25:37.393 [TestNG-test=Connexo_RegressionTest_Automation_Suite chrome-1] INFO  com.base.base.TestBase - clicking on the element 
03:25:39.016 [TestNG-test=Connexo_RegressionTest_Automation_Suite chrome-1] INFO  com.base.base.TestBase - clicking on the element Electricity devices
03:25:43.604 [TestNG-test=Connexo_RegressionTest_Automation_Suite chrome-1] INFO  com.base.base.TestBase - Clicking on element : Apply
03:25:44.874 [TestNG-test=Connexo_RegressionTest_Automation_Suite chrome-1] INFO  com.base.base.TestBase - Expected Value : SPE01000012 matches with Actual Value : SPE01000012
03:25:44.875 [TestNG-test=Connexo_RegressionTest_Automation_Suite chrome-1] INFO  com.util.logs.Log - Test case: TC004_ValidateAlarmDeviceGroupFilter PASSED
03:25:45.120 [TestNG-test=Connexo_RegressionTest_Automation_Suite chrome-1] INFO  com.util.logs.Log - Executng : TC005_ValidateAlarmDuedateFilter
03:25:45.157 [TestNG-test=Connexo_RegressionTest_Automation_Suite chrome-1] INFO  com.base.base.TestBase - clicking on the element Clear all
03:25:46.852 [TestNG-test=Connexo_RegressionTest_Automation_Suite chrome-1] INFO  com.Workspace.pages.AlarmsSelectionPage - ClearAllButton
03:25:46.981 [TestNG-test=Connexo_RegressionTest_Automation_Suite chrome-1] INFO  com.base.base.TestBase - clicking on the element 
03:25:48.583 [TestNG-test=Connexo_RegressionTest_Automation_Suite chrome-1] INFO  com.base.base.TestBase - clicking on the element Due today
03:25:53.183 [TestNG-test=Connexo_RegressionTest_Automation_Suite chrome-1] INFO  com.base.base.TestBase - Clicking on element : Apply
03:26:09.224 [TestNG-test=Connexo_RegressionTest_Automation_Suite chrome-1] INFO  com.util.logs.Log - Test case: TC005_ValidateAlarmDuedateFilter FAILED
03:26:09.417 [TestNG-test=Connexo_RegressionTest_Automation_Suite chrome-1] INFO  com.util.logs.Log - Executng : TC006_ValidateAlarmStatusFilter
03:26:09.489 [TestNG-test=Connexo_RegressionTest_Automation_Suite chrome-1] INFO  com.base.base.TestBase - clicking on the element Clear all
03:26:11.277 [TestNG-test=Connexo_RegressionTest_Automation_Suite chrome-1] INFO  com.Workspace.pages.AlarmsSelectionPage - ClearAllButton
03:26:11.399 [TestNG-test=Connexo_RegressionTest_Automation_Suite chrome-1] INFO  com.base.base.TestBase - clicking on the element 
03:26:13.009 [TestNG-test=Connexo_RegressionTest_Automation_Suite chrome-1] INFO  com.base.base.TestBase - clicking on the element Created
03:26:17.616 [TestNG-test=Connexo_RegressionTest_Automation_Suite chrome-1] INFO  com.base.base.TestBase - Clicking on element : Apply
03:26:18.588 [TestNG-test=Connexo_RegressionTest_Automation_Suite chrome-1] INFO  com.base.base.TestBase - Expected Value : Created matches with Actual Value : Created
03:26:18.589 [TestNG-test=Connexo_RegressionTest_Automation_Suite chrome-1] INFO  com.util.logs.Log - Test case: TC006_ValidateAlarmStatusFilter PASSED
03:26:18.810 [TestNG-test=Connexo_RegressionTest_Automation_Suite chrome-1] INFO  com.util.logs.Log - Executng : TC007_ValidateAlarmClearedFilter
03:26:18.854 [TestNG-test=Connexo_RegressionTest_Automation_Suite chrome-1] INFO  com.base.base.TestBase - clicking on the element Clear all
03:26:20.642 [TestNG-test=Connexo_RegressionTest_Automation_Suite chrome-1] INFO  com.Workspace.pages.AlarmsSelectionPage - ClearAllButton
03:26:20.747 [TestNG-test=Connexo_RegressionTest_Automation_Suite chrome-1] INFO  com.base.base.TestBase - clicking on the element 
03:26:37.357 [TestNG-test=Connexo_RegressionTest_Automation_Suite chrome-1] INFO  com.util.logs.Log - Test case: TC007_ValidateAlarmClearedFilter FAILED
03:26:37.561 [TestNG-test=Connexo_RegressionTest_Automation_Suite chrome-1] INFO  com.util.logs.Log - Executng : TC008_ValidateAlarmWorkgroupFilter
03:26:37.620 [TestNG-test=Connexo_RegressionTest_Automation_Suite chrome-1] INFO  com.base.base.TestBase - clicking on the element Clear all
03:26:39.171 [TestNG-test=Connexo_RegressionTest_Automation_Suite chrome-1] INFO  com.Workspace.pages.AlarmsSelectionPage - ClearAllButton
03:26:39.279 [TestNG-test=Connexo_RegressionTest_Automation_Suite chrome-1] INFO  com.base.base.TestBase - clicking on the element 
03:26:40.889 [TestNG-test=Connexo_RegressionTest_Automation_Suite chrome-1] INFO  com.base.base.TestBase - clicking on the element Unassigned
03:26:45.506 [TestNG-test=Connexo_RegressionTest_Automation_Suite chrome-1] INFO  com.util.logs.Log - Test case: TC008_ValidateAlarmWorkgroupFilter FAILED
03:26:45.544 [TestNG-test=Connexo_RegressionTest_Automation_Suite chrome-1] INFO  com.util.logs.Log - Executng : TC009_ValidateAlarmUserFilter
03:26:45.549 [TestNG-test=Connexo_RegressionTest_Automation_Suite chrome-1] INFO  com.util.logs.Log - Test case: TC009_ValidateAlarmUserFilter FAILED
03:26:45.572 [TestNG-test=Connexo_RegressionTest_Automation_Suite chrome-1] INFO  com.util.logs.Log - Executng : TC010_ValidateAlarmReasonFilter
03:26:45.581 [TestNG-test=Connexo_RegressionTest_Automation_Suite chrome-1] INFO  com.util.logs.Log - Test case: TC010_ValidateAlarmReasonFilter FAILED
03:26:45.614 [TestNG-test=Connexo_RegressionTest_Automation_Suite chrome-1] INFO  com.util.logs.Log - Executng : TC011_ValidateAlarmPriorityFilter
03:26:45.618 [TestNG-test=Connexo_RegressionTest_Automation_Suite chrome-1] INFO  com.util.logs.Log - Test case: TC011_ValidateAlarmPriorityFilter FAILED
03:26:45.661 [TestNG-test=Connexo_RegressionTest_Automation_Suite chrome-1] INFO  com.util.logs.Log - Executng : TC012_ValidateBulkAction
03:26:45.671 [TestNG-test=Connexo_RegressionTest_Automation_Suite chrome-1] INFO  com.util.logs.Log - Test case: TC012_ValidateBulkAction FAILED
03:26:45.985 [main] INFO  com.util.logs.Log - OnFinish method Connexo_RegressionTest_Automation_Suite chrome
