02:20:45.918 [main] INFO  com.util.logs.Log - OnStart method Connexo_RegressionTest_Automation_Suite chrome
02:20:51.978 [TestNG-test=Connexo_RegressionTest_Automation_Suite chrome-1] INFO  com.util.logs.Log - Executng : TC001_NavigateToAlarmsPage
02:20:53.314 [TestNG-test=Connexo_RegressionTest_Automation_Suite chrome-1] INFO  com.util.logs.Log - Entering User Name
02:20:54.898 [TestNG-test=Connexo_RegressionTest_Automation_Suite chrome-1] INFO  com.util.logs.Log - Entering Password
02:20:55.529 [TestNG-test=Connexo_RegressionTest_Automation_Suite chrome-1] INFO  com.util.logs.Log - Clicking on Login button
02:20:55.563 [TestNG-test=Connexo_RegressionTest_Automation_Suite chrome-1] INFO  com.base.base.TestBase - clicking on the element Login
02:21:00.241 [TestNG-test=Connexo_RegressionTest_Automation_Suite chrome-1] INFO  com.util.logs.Log - Clicking on Menu button
02:21:02.292 [TestNG-test=Connexo_RegressionTest_Automation_Suite chrome-1] INFO  com.base.base.TestBase - clicking on the element  
02:21:33.879 [TestNG-test=Connexo_RegressionTest_Automation_Suite chrome-1] INFO  com.util.logs.Log - Clicking on multisense button
02:21:33.933 [TestNG-test=Connexo_RegressionTest_Automation_Suite chrome-1] INFO  com.base.base.TestBase - clicking on the element MultiSense
02:22:08.011 [TestNG-test=Connexo_RegressionTest_Automation_Suite chrome-1] INFO  com.util.logs.Log - Clicking on Workspace button
02:22:08.067 [TestNG-test=Connexo_RegressionTest_Automation_Suite chrome-1] INFO  com.base.base.TestBase - clicking on the element Workspace
 
02:22:12.099 [TestNG-test=Connexo_RegressionTest_Automation_Suite chrome-1] INFO  com.base.base.TestBase - clicking on the element Alarms
02:22:13.697 [TestNG-test=Connexo_RegressionTest_Automation_Suite chrome-1] INFO  com.util.logs.Log - Test case: TC001_NavigateToAlarmsPage PASSED
02:22:14.179 [TestNG-test=Connexo_RegressionTest_Automation_Suite chrome-1] INFO  com.util.logs.Log - Executng : TC002_ValidateAlarmIDFilters
02:22:14.236 [TestNG-test=Connexo_RegressionTest_Automation_Suite chrome-1] INFO  com.base.base.TestBase - clicking on the element Clear all
02:22:15.911 [TestNG-test=Connexo_RegressionTest_Automation_Suite chrome-1] INFO  com.Workspace.pages.AlarmsSelectionPage - ClearAllButton
02:22:16.665 [TestNG-test=Connexo_RegressionTest_Automation_Suite chrome-1] INFO  com.util.logs.Log - Entered value : ALM-2005 in the element : [[ChromeDriver: chrome on WINDOWS (f6596f24b1fce7e9e69dd3fafbb17896)] -> xpath: //input[@placeholder='Input alarm ID...']]
02:22:19.712 [TestNG-test=Connexo_RegressionTest_Automation_Suite chrome-1] INFO  com.base.base.TestBase - Clicking on element : Apply
02:22:20.868 [TestNG-test=Connexo_RegressionTest_Automation_Suite chrome-1] INFO  com.base.base.TestBase - Expected Value : ALM-2005 matches with Actual Value : ALM-2005
02:22:20.869 [TestNG-test=Connexo_RegressionTest_Automation_Suite chrome-1] INFO  com.util.logs.Log - Test case: TC002_ValidateAlarmIDFilters PASSED
02:22:21.066 [TestNG-test=Connexo_RegressionTest_Automation_Suite chrome-1] INFO  com.util.logs.Log - Executng : TC003_ValidateAlarmDeviceFilter
02:22:21.102 [TestNG-test=Connexo_RegressionTest_Automation_Suite chrome-1] INFO  com.base.base.TestBase - clicking on the element Clear all
02:22:22.793 [TestNG-test=Connexo_RegressionTest_Automation_Suite chrome-1] INFO  com.Workspace.pages.AlarmsSelectionPage - ClearAllButton
02:22:22.988 [TestNG-test=Connexo_RegressionTest_Automation_Suite chrome-1] INFO  com.util.logs.Log - Entered value : SPE01000012 in the element : [[ChromeDriver: chrome on WINDOWS (f6596f24b1fce7e9e69dd3fafbb17896)] -> xpath: //input[@placeholder='Device']]
02:22:23.602 [TestNG-test=Connexo_RegressionTest_Automation_Suite chrome-1] INFO  com.base.base.TestBase - clicking on the element SPE01000012
02:22:28.200 [TestNG-test=Connexo_RegressionTest_Automation_Suite chrome-1] INFO  com.base.base.TestBase - Clicking on element : Apply
02:22:29.019 [TestNG-test=Connexo_RegressionTest_Automation_Suite chrome-1] INFO  com.base.base.TestBase - Expected Value : SPE01000012 matches with Actual Value : SPE01000012
02:22:29.021 [TestNG-test=Connexo_RegressionTest_Automation_Suite chrome-1] INFO  com.util.logs.Log - Test case: TC003_ValidateAlarmDeviceFilter PASSED
02:22:29.226 [TestNG-test=Connexo_RegressionTest_Automation_Suite chrome-1] INFO  com.util.logs.Log - Executng : TC004_ValidateAlarmDeviceGroupFilter
02:22:29.386 [TestNG-test=Connexo_RegressionTest_Automation_Suite chrome-1] INFO  com.base.base.TestBase - clicking on the element 
02:22:30.997 [TestNG-test=Connexo_RegressionTest_Automation_Suite chrome-1] INFO  com.base.base.TestBase - clicking on the element Electricity devices
02:22:35.596 [TestNG-test=Connexo_RegressionTest_Automation_Suite chrome-1] INFO  com.base.base.TestBase - Clicking on element : Apply
02:22:36.730 [TestNG-test=Connexo_RegressionTest_Automation_Suite chrome-1] INFO  com.base.base.TestBase - Expected Value : SPE01000012 matches with Actual Value : SPE01000012
02:22:36.731 [TestNG-test=Connexo_RegressionTest_Automation_Suite chrome-1] INFO  com.util.logs.Log - Test case: TC004_ValidateAlarmDeviceGroupFilter PASSED
02:22:36.911 [TestNG-test=Connexo_RegressionTest_Automation_Suite chrome-1] INFO  com.util.logs.Log - Executng : TC005_ValidateAlarmDuedateFilter
02:22:36.942 [TestNG-test=Connexo_RegressionTest_Automation_Suite chrome-1] INFO  com.base.base.TestBase - clicking on the element Clear all
02:22:38.630 [TestNG-test=Connexo_RegressionTest_Automation_Suite chrome-1] INFO  com.Workspace.pages.AlarmsSelectionPage - ClearAllButton
02:22:38.773 [TestNG-test=Connexo_RegressionTest_Automation_Suite chrome-1] INFO  com.base.base.TestBase - clicking on the element 
02:22:40.402 [TestNG-test=Connexo_RegressionTest_Automation_Suite chrome-1] INFO  com.base.base.TestBase - clicking on the element Due today
02:22:44.980 [TestNG-test=Connexo_RegressionTest_Automation_Suite chrome-1] INFO  com.base.base.TestBase - Clicking on element : Apply
02:23:00.968 [TestNG-test=Connexo_RegressionTest_Automation_Suite chrome-1] INFO  com.util.logs.Log - Test case: TC005_ValidateAlarmDuedateFilter FAILED
02:23:01.151 [TestNG-test=Connexo_RegressionTest_Automation_Suite chrome-1] INFO  com.util.logs.Log - Executng : TC006_ValidateAlarmStatusFilter
02:23:01.201 [TestNG-test=Connexo_RegressionTest_Automation_Suite chrome-1] INFO  com.base.base.TestBase - clicking on the element Clear all
02:23:03.161 [TestNG-test=Connexo_RegressionTest_Automation_Suite chrome-1] INFO  com.Workspace.pages.AlarmsSelectionPage - ClearAllButton
02:23:03.279 [TestNG-test=Connexo_RegressionTest_Automation_Suite chrome-1] INFO  com.base.base.TestBase - clicking on the element 
02:23:04.882 [TestNG-test=Connexo_RegressionTest_Automation_Suite chrome-1] INFO  com.base.base.TestBase - clicking on the element Created
02:23:09.473 [TestNG-test=Connexo_RegressionTest_Automation_Suite chrome-1] INFO  com.base.base.TestBase - Clicking on element : Apply
02:23:10.320 [TestNG-test=Connexo_RegressionTest_Automation_Suite chrome-1] INFO  com.base.base.TestBase - Expected Value : Created matches with Actual Value : Created
02:23:10.321 [TestNG-test=Connexo_RegressionTest_Automation_Suite chrome-1] INFO  com.util.logs.Log - Test case: TC006_ValidateAlarmStatusFilter PASSED
02:23:10.511 [TestNG-test=Connexo_RegressionTest_Automation_Suite chrome-1] INFO  com.util.logs.Log - Executng : TC007_ValidateAlarmClearedFilter
02:23:10.545 [TestNG-test=Connexo_RegressionTest_Automation_Suite chrome-1] INFO  com.base.base.TestBase - clicking on the element Clear all
02:23:12.204 [TestNG-test=Connexo_RegressionTest_Automation_Suite chrome-1] INFO  com.Workspace.pages.AlarmsSelectionPage - ClearAllButton
02:23:12.300 [TestNG-test=Connexo_RegressionTest_Automation_Suite chrome-1] INFO  com.base.base.TestBase - clicking on the element 
02:23:24.190 [TestNG-test=Connexo_RegressionTest_Automation_Suite chrome-1] INFO  com.util.logs.Log - Test case: TC007_ValidateAlarmClearedFilter FAILED
02:23:24.374 [TestNG-test=Connexo_RegressionTest_Automation_Suite chrome-1] INFO  com.util.logs.Log - Executng : TC008_ValidateAlarmWorkgroupFilter
02:23:24.409 [TestNG-test=Connexo_RegressionTest_Automation_Suite chrome-1] INFO  com.base.base.TestBase - clicking on the element Clear all
02:23:25.944 [TestNG-test=Connexo_RegressionTest_Automation_Suite chrome-1] INFO  com.Workspace.pages.AlarmsSelectionPage - ClearAllButton
02:23:26.032 [TestNG-test=Connexo_RegressionTest_Automation_Suite chrome-1] INFO  com.base.base.TestBase - clicking on the element 
02:23:27.632 [TestNG-test=Connexo_RegressionTest_Automation_Suite chrome-1] INFO  com.base.base.TestBase - clicking on the element Unassigned
02:23:32.212 [TestNG-test=Connexo_RegressionTest_Automation_Suite chrome-1] INFO  com.base.base.TestBase - Clicking on element : Apply
02:23:33.002 [TestNG-test=Connexo_RegressionTest_Automation_Suite chrome-1] INFO  com.base.base.TestBase - Expected Value : Unassigned matches with Actual Value : Unassigned
02:23:33.007 [TestNG-test=Connexo_RegressionTest_Automation_Suite chrome-1] INFO  com.util.logs.Log - Test case: TC008_ValidateAlarmWorkgroupFilter PASSED
02:23:33.235 [TestNG-test=Connexo_RegressionTest_Automation_Suite chrome-1] INFO  com.util.logs.Log - Executng : TC009_ValidateAlarmUserFilter
02:23:33.352 [TestNG-test=Connexo_RegressionTest_Automation_Suite chrome-1] INFO  com.base.base.TestBase - clicking on the element Clear all
02:23:35.007 [TestNG-test=Connexo_RegressionTest_Automation_Suite chrome-1] INFO  com.Workspace.pages.AlarmsSelectionPage - ClearAllButton
02:23:35.089 [TestNG-test=Connexo_RegressionTest_Automation_Suite chrome-1] INFO  com.base.base.TestBase - clicking on the element 
02:23:52.890 [TestNG-test=Connexo_RegressionTest_Automation_Suite chrome-1] INFO  com.base.base.TestBase - Clicking on element : Apply
02:23:53.645 [TestNG-test=Connexo_RegressionTest_Automation_Suite chrome-1] INFO  com.base.base.TestBase - Expected Value : Unassigned matches with Actual Value : Unassigned
02:23:53.651 [TestNG-test=Connexo_RegressionTest_Automation_Suite chrome-1] INFO  com.util.logs.Log - Test case: TC009_ValidateAlarmUserFilter PASSED
02:23:53.853 [TestNG-test=Connexo_RegressionTest_Automation_Suite chrome-1] INFO  com.util.logs.Log - Executng : TC010_ValidateAlarmReasonFilter
02:23:53.884 [TestNG-test=Connexo_RegressionTest_Automation_Suite chrome-1] INFO  com.base.base.TestBase - clicking on the element Clear all
02:23:55.575 [TestNG-test=Connexo_RegressionTest_Automation_Suite chrome-1] INFO  com.Workspace.pages.AlarmsSelectionPage - ClearAllButton
02:23:55.690 [TestNG-test=Connexo_RegressionTest_Automation_Suite chrome-1] INFO  com.util.logs.Log - Entered value : Tampering in the element : [[ChromeDriver: chrome on WINDOWS (f6596f24b1fce7e9e69dd3fafbb17896)] -> xpath: //input[@placeholder='Reason']]
02:23:55.746 [TestNG-test=Connexo_RegressionTest_Automation_Suite chrome-1] INFO  com.base.base.TestBase - clicking on the element Tampering
02:24:00.347 [TestNG-test=Connexo_RegressionTest_Automation_Suite chrome-1] INFO  com.base.base.TestBase - Clicking on element : Apply
02:24:01.216 [TestNG-test=Connexo_RegressionTest_Automation_Suite chrome-1] INFO  com.base.base.TestBase - Expected Value : Tampering matches with Actual Value : Tampering
02:24:01.217 [TestNG-test=Connexo_RegressionTest_Automation_Suite chrome-1] INFO  com.util.logs.Log - Test case: TC010_ValidateAlarmReasonFilter PASSED
02:24:01.496 [TestNG-test=Connexo_RegressionTest_Automation_Suite chrome-1] INFO  com.util.logs.Log - Executng : TC011_ValidateAlarmPriorityFilter
02:24:01.579 [TestNG-test=Connexo_RegressionTest_Automation_Suite chrome-1] INFO  com.base.base.TestBase - clicking on the element 
02:24:03.401 [TestNG-test=Connexo_RegressionTest_Automation_Suite chrome-1] INFO  com.base.base.TestBase - clicking on the element 
02:24:04.993 [TestNG-test=Connexo_RegressionTest_Automation_Suite chrome-1] INFO  com.base.base.TestBase - clicking on the element Priority
02:24:10.047 [TestNG-test=Connexo_RegressionTest_Automation_Suite chrome-1] INFO  com.base.base.TestBase - Clicking on element : Priority
02:24:10.975 [TestNG-test=Connexo_RegressionTest_Automation_Suite chrome-1] INFO  com.util.logs.Log - Test case: TC011_ValidateAlarmPriorityFilter PASSED
02:24:11.184 [TestNG-test=Connexo_RegressionTest_Automation_Suite chrome-1] INFO  com.util.logs.Log - Executng : TC012_ValidateBulkAction
02:24:11.230 [TestNG-test=Connexo_RegressionTest_Automation_Suite chrome-1] INFO  com.base.base.TestBase - clicking on the element 
02:24:16.138 [TestNG-test=Connexo_RegressionTest_Automation_Suite chrome-1] INFO  com.base.base.TestBase - clicking on the element All alarms
02:24:17.720 [TestNG-test=Connexo_RegressionTest_Automation_Suite chrome-1] INFO  com.base.base.TestBase - clicking on the element 
02:24:19.427 [TestNG-test=Connexo_RegressionTest_Automation_Suite chrome-1] INFO  com.base.base.TestBase - clicking on the element Assign alarms
02:24:20.977 [TestNG-test=Connexo_RegressionTest_Automation_Suite chrome-1] INFO  com.base.base.TestBase - clicking on the element 
02:24:22.818 [TestNG-test=Connexo_RegressionTest_Automation_Suite chrome-1] INFO  com.base.base.TestBase - clicking on the element 
02:24:24.421 [TestNG-test=Connexo_RegressionTest_Automation_Suite chrome-1] INFO  com.base.base.TestBase - clicking on the element Unassigned
02:24:25.996 [TestNG-test=Connexo_RegressionTest_Automation_Suite chrome-1] INFO  com.base.base.TestBase - clicking on the element 
02:24:27.586 [TestNG-test=Connexo_RegressionTest_Automation_Suite chrome-1] INFO  com.base.base.TestBase - clicking on the element Show all users
02:24:29.148 [TestNG-test=Connexo_RegressionTest_Automation_Suite chrome-1] INFO  com.base.base.TestBase - clicking on the element 
02:24:30.779 [TestNG-test=Connexo_RegressionTest_Automation_Suite chrome-1] INFO  com.base.base.TestBase - clicking on the element root
02:24:32.360 [TestNG-test=Connexo_RegressionTest_Automation_Suite chrome-1] INFO  com.base.base.TestBase - clicking on the element 
02:24:34.103 [TestNG-test=Connexo_RegressionTest_Automation_Suite chrome-1] INFO  com.base.base.TestBase - clicking on the element Confirm
02:24:35.879 [TestNG-test=Connexo_RegressionTest_Automation_Suite chrome-1] INFO  com.Workspace.pages.AlarmsSelectionPage - able to perform Bulk Allocation- succesfully
02:24:35.923 [TestNG-test=Connexo_RegressionTest_Automation_Suite chrome-1] INFO  com.base.base.TestBase - clicking on the element Finish
02:24:37.886 [TestNG-test=Connexo_RegressionTest_Automation_Suite chrome-1] INFO  com.util.logs.Log - Test case: TC012_ValidateBulkAction PASSED
02:24:38.089 [TestNG-test=Connexo_RegressionTest_Automation_Suite chrome-1] INFO  com.base.base.TestBase - clicking on the element   
02:24:40.196 [TestNG-test=Connexo_RegressionTest_Automation_Suite chrome-1] INFO  com.base.base.TestBase - clicking on the element Logout
02:24:42.120 [main] INFO  com.util.logs.Log - OnFinish method Connexo_RegressionTest_Automation_Suite chrome
