08:51:35.460 [main] INFO  com.util.logs.Log - OnStart method Connexo_RegressionTest_Automation_Suite chrome
08:51:42.973 [TestNG-test=Connexo_RegressionTest_Automation_Suite chrome-1] INFO  com.util.logs.Log - Executng : TC001_NavigateToAlarmsPage
08:51:44.359 [TestNG-test=Connexo_RegressionTest_Automation_Suite chrome-1] INFO  com.util.logs.Log - Entering User Name
08:51:45.965 [TestNG-test=Connexo_RegressionTest_Automation_Suite chrome-1] INFO  com.util.logs.Log - Entering Password
08:51:46.596 [TestNG-test=Connexo_RegressionTest_Automation_Suite chrome-1] INFO  com.util.logs.Log - Clicking on Login button
08:51:46.634 [TestNG-test=Connexo_RegressionTest_Automation_Suite chrome-1] INFO  com.base.base.TestBase - clicking on the element Login
08:51:51.406 [TestNG-test=Connexo_RegressionTest_Automation_Suite chrome-1] INFO  com.util.logs.Log - Clicking on Menu button
08:51:53.463 [TestNG-test=Connexo_RegressionTest_Automation_Suite chrome-1] INFO  com.base.base.TestBase - clicking on the element  
08:52:25.106 [TestNG-test=Connexo_RegressionTest_Automation_Suite chrome-1] INFO  com.util.logs.Log - Test case: TC001_NavigateToAlarmsPage FAILED
08:52:25.717 [TestNG-test=Connexo_RegressionTest_Automation_Suite chrome-1] INFO  com.util.logs.Log - Executng : TC002_ValidateAlarmStatusFilter
08:52:41.674 [TestNG-test=Connexo_RegressionTest_Automation_Suite chrome-1] INFO  com.util.logs.Log - Test case: TC002_ValidateAlarmStatusFilter FAILED
08:52:41.940 [TestNG-test=Connexo_RegressionTest_Automation_Suite chrome-1] INFO  com.util.logs.Log - Executng : TC003_ValidateAlarmWorkgroupFilter
08:52:48.685 [TestNG-test=Connexo_RegressionTest_Automation_Suite chrome-1] INFO  com.base.base.TestBase - clicking on the element Clear all
08:52:50.978 [TestNG-test=Connexo_RegressionTest_Automation_Suite chrome-1] INFO  com.Workspace.pages.AlarmsSelectionPage - ClearAllButton
08:52:51.003 [TestNG-test=Connexo_RegressionTest_Automation_Suite chrome-1] INFO  com.base.base.TestBase - clicking on the element 
08:52:52.649 [TestNG-test=Connexo_RegressionTest_Automation_Suite chrome-1] INFO  com.base.base.TestBase - clicking on the element Unassigned
08:52:57.267 [TestNG-test=Connexo_RegressionTest_Automation_Suite chrome-1] INFO  com.base.base.TestBase - Clicking on element : Apply
08:53:18.535 [TestNG-test=Connexo_RegressionTest_Automation_Suite chrome-1] INFO  com.base.base.TestBase - Expected Value : Unassigned matches with Actual Value : Unassigned
08:53:18.538 [TestNG-test=Connexo_RegressionTest_Automation_Suite chrome-1] INFO  com.util.logs.Log - Test case: TC003_ValidateAlarmWorkgroupFilter PASSED
08:53:18.864 [TestNG-test=Connexo_RegressionTest_Automation_Suite chrome-1] INFO  com.util.logs.Log - Executng : TC004_ValidateAlarmUserFilter
08:53:28.831 [TestNG-test=Connexo_RegressionTest_Automation_Suite chrome-1] INFO  com.base.base.TestBase - clicking on the element Clear all
08:53:30.439 [TestNG-test=Connexo_RegressionTest_Automation_Suite chrome-1] INFO  com.Workspace.pages.AlarmsSelectionPage - ClearAllButton
08:53:37.460 [TestNG-test=Connexo_RegressionTest_Automation_Suite chrome-1] INFO  com.base.base.TestBase - clicking on the element 
08:53:48.542 [TestNG-test=Connexo_RegressionTest_Automation_Suite chrome-1] INFO  com.base.base.TestBase - clicking on the element root
08:54:02.240 [TestNG-test=Connexo_RegressionTest_Automation_Suite chrome-1] INFO  com.base.base.TestBase - Clicking on element : Apply
