08:40:23.718 [main] INFO  com.util.logs.Log - OnStart method Connexo_RegressionTest_Automation_Suite chrome
08:40:30.278 [TestNG-test=Connexo_RegressionTest_Automation_Suite chrome-1] INFO  com.util.logs.Log - Executng : TC001_NavigateToAlarmsPage
08:40:31.615 [TestNG-test=Connexo_RegressionTest_Automation_Suite chrome-1] INFO  com.util.logs.Log - Entering User Name
08:40:33.204 [TestNG-test=Connexo_RegressionTest_Automation_Suite chrome-1] INFO  com.util.logs.Log - Entering Password
08:40:33.789 [TestNG-test=Connexo_RegressionTest_Automation_Suite chrome-1] INFO  com.util.logs.Log - Clicking on Login button
08:40:33.824 [TestNG-test=Connexo_RegressionTest_Automation_Suite chrome-1] INFO  com.base.base.TestBase - clicking on the element Login
08:40:38.539 [TestNG-test=Connexo_RegressionTest_Automation_Suite chrome-1] INFO  com.util.logs.Log - Clicking on Menu button
08:40:40.591 [TestNG-test=Connexo_RegressionTest_Automation_Suite chrome-1] INFO  com.base.base.TestBase - clicking on the element  
08:40:50.806 [TestNG-test=Connexo_RegressionTest_Automation_Suite chrome-1] INFO  com.base.base.TestBase - clicking on the element Alarms overview
08:40:52.424 [TestNG-test=Connexo_RegressionTest_Automation_Suite chrome-1] INFO  com.util.logs.Log - Test case: TC001_NavigateToAlarmsPage PASSED
08:40:53.273 [TestNG-test=Connexo_RegressionTest_Automation_Suite chrome-1] INFO  com.util.logs.Log - Executng : TC002_ValidateAlarmStatusFilter
08:40:54.055 [TestNG-test=Connexo_RegressionTest_Automation_Suite chrome-1] INFO  com.base.base.TestBase - clicking on the element 
08:40:55.700 [TestNG-test=Connexo_RegressionTest_Automation_Suite chrome-1] INFO  com.base.base.TestBase - clicking on the element Created
08:41:00.305 [TestNG-test=Connexo_RegressionTest_Automation_Suite chrome-1] INFO  com.base.base.TestBase - Clicking on element : Apply
08:41:16.306 [TestNG-test=Connexo_RegressionTest_Automation_Suite chrome-1] INFO  com.util.logs.Log - Test case: TC002_ValidateAlarmStatusFilter FAILED
08:41:16.500 [TestNG-test=Connexo_RegressionTest_Automation_Suite chrome-1] INFO  com.util.logs.Log - Executng : TC003_ValidateAlarmWorkgroupFilter
08:41:16.673 [TestNG-test=Connexo_RegressionTest_Automation_Suite chrome-1] INFO  com.base.base.TestBase - clicking on the element 
08:41:18.284 [TestNG-test=Connexo_RegressionTest_Automation_Suite chrome-1] INFO  com.base.base.TestBase - clicking on the element Unassigned
08:41:22.875 [TestNG-test=Connexo_RegressionTest_Automation_Suite chrome-1] INFO  com.base.base.TestBase - Clicking on element : Apply
08:41:23.646 [TestNG-test=Connexo_RegressionTest_Automation_Suite chrome-1] INFO  com.util.logs.Log - Test case: TC003_ValidateAlarmWorkgroupFilter FAILED
08:41:23.907 [TestNG-test=Connexo_RegressionTest_Automation_Suite chrome-1] INFO  com.util.logs.Log - Executng : TC004_ValidateAlarmUserFilter
08:41:24.022 [TestNG-test=Connexo_RegressionTest_Automation_Suite chrome-1] INFO  com.base.base.TestBase - clicking on the element 
08:41:35.959 [TestNG-test=Connexo_RegressionTest_Automation_Suite chrome-1] INFO  com.util.logs.Log - Test case: TC004_ValidateAlarmUserFilter FAILED
08:41:36.222 [TestNG-test=Connexo_RegressionTest_Automation_Suite chrome-1] INFO  com.base.base.TestBase - clicking on the element   
08:41:38.365 [TestNG-test=Connexo_RegressionTest_Automation_Suite chrome-1] INFO  com.base.base.TestBase - clicking on the element Logout
08:41:40.626 [main] INFO  com.util.logs.Log - OnFinish method Connexo_RegressionTest_Automation_Suite chrome
