<?xml version="1.0" encoding="UTF-8"?>
<!-- Generated by org.testng.reporters.JUnitReportReporter -->
<testsuite hostname="AVDCINDED-7" failures="0" tests="10" name="com.Workspace.testcases.MultiSence_WorkSpace_Issues_Myworkgroupsissues" time="154.767" errors="1" timestamp="2022-09-28T01:43:26 IST" skipped="0">
  <testcase classname="com.Workspace.testcases.MultiSence_WorkSpace_Issues_Myworkgroupsissues" name="TC001_NavigateToIssuePage" time="81.854"/>
  <system-out/>
  <testcase classname="com.Workspace.testcases.MultiSence_WorkSpace_Issues_Myworkgroupsissues" name="TC002_ValidateIssueIDFilters" time="7.278"/>
  <system-out/>
  <testcase classname="com.Workspace.testcases.MultiSence_WorkSpace_Issues_Myworkgroupsissues" name="TC003_ValidateTypeFilters" time="7.698"/>
  <system-out/>
  <testcase classname="com.Workspace.testcases.MultiSence_WorkSpace_Issues_Myworkgroupsissues" name="TC004_ValidateIssueDeviceFilter" time="8.015"/>
  <system-out/>
  <testcase classname="com.Workspace.testcases.MultiSence_WorkSpace_Issues_Myworkgroupsissues" name="TC005_ValidateIssueDeviceGroupFilter" time="7.619"/>
  <system-out/>
  <testcase classname="com.Workspace.testcases.MultiSence_WorkSpace_Issues_Myworkgroupsissues" name="TC006_ValidateIssueDuedateFilter" time="0.003"/>
  <system-out/>
  <testcase classname="com.Workspace.testcases.MultiSence_WorkSpace_Issues_Myworkgroupsissues" name="TC007_ValidateIssueStatusFilter" time="9.305"/>
  <system-out/>
  <testcase classname="com.Workspace.testcases.MultiSence_WorkSpace_Issues_Myworkgroupsissues" name="TC008_ValidateIssueWorkgroupFilter" time="9.500"/>
  <system-out/>
  <testcase classname="com.Workspace.testcases.MultiSence_WorkSpace_Issues_Myworkgroupsissues" name="TC009_ValidateIssueUserFilter" time="20.949"/>
  <system-out/>
  <testcase classname="com.Workspace.testcases.MultiSence_WorkSpace_Issues_Myworkgroupsissues" name="TC010_ValidateIssueReasonFilter" time="2.546">
    <error message="stale element reference: element is not attached to the page document
  (Session info: chrome=105.0.5195.127)
For documentation on this error, please visit: https://selenium.dev/exceptions/#stale_element_reference
Build info: version: &#039;4.1.1&#039;, revision: &#039;e8fcc2cecf&#039;
System info: host: &#039;AVDCINDED-7&#039;, ip: &#039;10.72.85.178&#039;, os.name: &#039;Windows 10&#039;, os.arch: &#039;amd64&#039;, os.version: &#039;10.0&#039;, java.version: &#039;17.0.4.1&#039;
Driver info: org.openqa.selenium.chrome.ChromeDriver
Command: [fae6797186e4c2c3e7ee7bee63b00ab7, isElementDisplayed {id=9fcabdd7-35bf-44f3-bac2-427f2af76f64}]
Capabilities {acceptInsecureCerts: true, browserName: chrome, browserVersion: 105.0.5195.127, chrome: {chromedriverVersion: 105.0.5195.52 (412c95e51883..., userDataDir: C:\Users\H524070\AppData\Lo...}, goog:chromeOptions: {debuggerAddress: localhost:63668}, javascriptEnabled: true, networkConnectionEnabled: false, pageLoadStrategy: normal, platform: WINDOWS, platformName: WINDOWS, proxy: Proxy(), se:cdp: ws://localhost:63668/devtoo..., se:cdpVersion: 105.0.5195.127, setWindowRect: true, strictFileInteractability: false, timeouts: {implicit: 0, pageLoad: 300000, script: 30000}, unhandledPromptBehavior: dismiss and notify, webauthn:extension:credBlob: true, webauthn:extension:largeBlob: true, webauthn:virtualAuthenticators: true}
Element: [[ChromeDriver: chrome on WINDOWS (fae6797186e4c2c3e7ee7bee63b00ab7)] -&gt; xpath: //*[@role=&#039;option&#039; and contains(text(),&#039;Task failed&#039;)]]
Session ID: fae6797186e4c2c3e7ee7bee63b00ab7" type="org.openqa.selenium.StaleElementReferenceException">
      <![CDATA[org.openqa.selenium.StaleElementReferenceException: stale element reference: element is not attached to the page document
  (Session info: chrome=105.0.5195.127)
For documentation on this error, please visit: https://selenium.dev/exceptions/#stale_element_reference
Build info: version: '4.1.1', revision: 'e8fcc2cecf'
System info: host: 'AVDCINDED-7', ip: '10.72.85.178', os.name: 'Windows 10', os.arch: 'amd64', os.version: '10.0', java.version: '17.0.4.1'
Driver info: org.openqa.selenium.chrome.ChromeDriver
Command: [fae6797186e4c2c3e7ee7bee63b00ab7, isElementDisplayed {id=9fcabdd7-35bf-44f3-bac2-427f2af76f64}]
Capabilities {acceptInsecureCerts: true, browserName: chrome, browserVersion: 105.0.5195.127, chrome: {chromedriverVersion: 105.0.5195.52 (412c95e51883..., userDataDir: C:\Users\H524070\AppData\Lo...}, goog:chromeOptions: {debuggerAddress: localhost:63668}, javascriptEnabled: true, networkConnectionEnabled: false, pageLoadStrategy: normal, platform: WINDOWS, platformName: WINDOWS, proxy: Proxy(), se:cdp: ws://localhost:63668/devtoo..., se:cdpVersion: 105.0.5195.127, setWindowRect: true, strictFileInteractability: false, timeouts: {implicit: 0, pageLoad: 300000, script: 30000}, unhandledPromptBehavior: dismiss and notify, webauthn:extension:credBlob: true, webauthn:extension:largeBlob: true, webauthn:virtualAuthenticators: true}
Element: [[ChromeDriver: chrome on WINDOWS (fae6797186e4c2c3e7ee7bee63b00ab7)] -> xpath: //*[@role='option' and contains(text(),'Task failed')]]
Session ID: fae6797186e4c2c3e7ee7bee63b00ab7
at java.base/jdk.internal.reflect.NativeConstructorAccessorImpl.newInstance0(Native Method)
at java.base/jdk.internal.reflect.NativeConstructorAccessorImpl.newInstance(NativeConstructorAccessorImpl.java:77)
at java.base/jdk.internal.reflect.DelegatingConstructorAccessorImpl.newInstance(DelegatingConstructorAccessorImpl.java:45)
at java.base/java.lang.reflect.Constructor.newInstanceWithCaller(Constructor.java:499)
at java.base/java.lang.reflect.Constructor.newInstance(Constructor.java:480)
at org.openqa.selenium.remote.codec.w3c.W3CHttpResponseCodec.createException(W3CHttpResponseCodec.java:200)
at org.openqa.selenium.remote.codec.w3c.W3CHttpResponseCodec.decode(W3CHttpResponseCodec.java:133)
at org.openqa.selenium.remote.codec.w3c.W3CHttpResponseCodec.decode(W3CHttpResponseCodec.java:53)
at org.openqa.selenium.remote.HttpCommandExecutor.execute(HttpCommandExecutor.java:184)
at org.openqa.selenium.remote.service.DriverCommandExecutor.invokeExecute(DriverCommandExecutor.java:167)
at org.openqa.selenium.remote.service.DriverCommandExecutor.execute(DriverCommandExecutor.java:142)
at org.openqa.selenium.remote.RemoteWebDriver.execute(RemoteWebDriver.java:543)
at org.openqa.selenium.remote.RemoteWebElement.execute(RemoteWebElement.java:251)
at org.openqa.selenium.remote.RemoteWebElement.isDisplayed(RemoteWebElement.java:307)
at org.openqa.selenium.support.ui.ExpectedConditions.elementIfVisible(ExpectedConditions.java:307)
at org.openqa.selenium.support.ui.ExpectedConditions.access$000(ExpectedConditions.java:40)
at org.openqa.selenium.support.ui.ExpectedConditions$10.apply(ExpectedConditions.java:293)
at org.openqa.selenium.support.ui.ExpectedConditions$10.apply(ExpectedConditions.java:290)
at org.openqa.selenium.support.ui.ExpectedConditions$23.apply(ExpectedConditions.java:660)
at org.openqa.selenium.support.ui.ExpectedConditions$23.apply(ExpectedConditions.java:656)
at org.openqa.selenium.support.ui.FluentWait.until(FluentWait.java:208)
at com.util.util.TestUtil.waitforElementTobeLocated(TestUtil.java:173)
at com.Workspace.pages.DataCollectionIssuesPage.selectFilterAndValidateValue(DataCollectionIssuesPage.java:111)
at com.Workspace.testcases.MultiSence_WorkSpace_Issues_Myworkgroupsissues.TC010_ValidateIssueReasonFilter(MultiSence_WorkSpace_Issues_Myworkgroupsissues.java:71)
at java.base/jdk.internal.reflect.NativeMethodAccessorImpl.invoke0(Native Method)
at java.base/jdk.internal.reflect.NativeMethodAccessorImpl.invoke(NativeMethodAccessorImpl.java:77)
at java.base/jdk.internal.reflect.DelegatingMethodAccessorImpl.invoke(DelegatingMethodAccessorImpl.java:43)
at java.base/java.lang.reflect.Method.invoke(Method.java:568)
at org.testng.internal.MethodInvocationHelper.invokeMethod(MethodInvocationHelper.java:133)
at org.testng.internal.TestInvoker.invokeMethod(TestInvoker.java:598)
at org.testng.internal.TestInvoker.invokeTestMethod(TestInvoker.java:173)
at org.testng.internal.MethodRunner.runInSequence(MethodRunner.java:46)
at org.testng.internal.TestInvoker$MethodInvocationAgent.invoke(TestInvoker.java:824)
at org.testng.internal.TestInvoker.invokeTestMethods(TestInvoker.java:146)
at org.testng.internal.TestMethodWorker.invokeTestMethods(TestMethodWorker.java:146)
at org.testng.internal.TestMethodWorker.run(TestMethodWorker.java:128)
at java.base/java.util.concurrent.ThreadPoolExecutor.runWorker(ThreadPoolExecutor.java:1136)
at java.base/java.util.concurrent.ThreadPoolExecutor$Worker.run(ThreadPoolExecutor.java:635)
at java.base/java.lang.Thread.run(Thread.java:833)
]]>
    </error>
  </testcase> <!-- TC010_ValidateIssueReasonFilter -->
  <system-out/>
</testsuite> <!-- com.Workspace.testcases.MultiSence_WorkSpace_Issues_Myworkgroupsissues -->
