<?xml version="1.0" encoding="UTF-8"?>
<!-- Generated by org.testng.reporters.JUnitReportReporter -->
<testsuite skipped="0" hostname="IE1FLTJCDCK63" name="com.ConnexoAdmin.testcases.UserSecuritySettings" tests="7" failures="0" timestamp="2022-03-19T23:47:02 IST" time="208.957" errors="1">
  <testcase name="VerifyUserSecuritySettings" time="77.391" classname="com.ConnexoAdmin.testcases.UserSecuritySettings"/>
  <system-out/>
  <testcase name="VerifyCancelButton" time="16.714" classname="com.ConnexoAdmin.testcases.UserSecuritySettings"/>
  <system-out/>
  <testcase name="VerifyAddButton" time="10.485" classname="com.ConnexoAdmin.testcases.UserSecuritySettings"/>
  <system-out/>
  <testcase name="VerifyUpdateMaxFailedAttepts" time="28.406" classname="com.ConnexoAdmin.testcases.UserSecuritySettings">
    <error type="org.openqa.selenium.TimeoutException" message="Expected condition failed: waiting for element to be clickable: [[ChromeDriver: chrome on WINDOWS (c1f2c3d5f6493d4d4f2bed6d20444a05)] -&gt; xpath: //input[@name=&quot;failedLoginAttempts&quot;]] (tried for 10 second(s) with 500 milliseconds interval)
Build info: version: &#039;4.1.1&#039;, revision: &#039;e8fcc2cecf&#039;
System info: host: &#039;IE1FLTJCDCK63&#039;, ip: &#039;192.168.1.6&#039;, os.name: &#039;Windows 10&#039;, os.arch: &#039;amd64&#039;, os.version: &#039;10.0&#039;, java.version: &#039;1.8.0_321&#039;
Driver info: org.openqa.selenium.chrome.ChromeDriver
Capabilities {acceptInsecureCerts: true, browserName: chrome, browserVersion: 99.0.4844.74, chrome: {chromedriverVersion: 99.0.4844.51 (d537ec02474b5..., userDataDir: C:\Users\h455108\AppData\Lo...}, goog:chromeOptions: {debuggerAddress: localhost:55619}, javascriptEnabled: true, networkConnectionEnabled: false, pageLoadStrategy: normal, platform: WINDOWS, platformName: WINDOWS, proxy: Proxy(), se:cdp: ws://localhost:55619/devtoo..., se:cdpVersion: 99.0.4844.74, setWindowRect: true, strictFileInteractability: false, timeouts: {implicit: 0, pageLoad: 300000, script: 30000}, unhandledPromptBehavior: dismiss and notify, webauthn:extension:credBlob: true, webauthn:extension:largeBlob: true, webauthn:virtualAuthenticators: true}
Session ID: c1f2c3d5f6493d4d4f2bed6d20444a05">
      <![CDATA[org.openqa.selenium.TimeoutException: Expected condition failed: waiting for element to be clickable: [[ChromeDriver: chrome on WINDOWS (c1f2c3d5f6493d4d4f2bed6d20444a05)] -> xpath: //input[@name="failedLoginAttempts"]] (tried for 10 second(s) with 500 milliseconds interval)
Build info: version: '4.1.1', revision: 'e8fcc2cecf'
System info: host: 'IE1FLTJCDCK63', ip: '192.168.1.6', os.name: 'Windows 10', os.arch: 'amd64', os.version: '10.0', java.version: '1.8.0_321'
Driver info: org.openqa.selenium.chrome.ChromeDriver
Capabilities {acceptInsecureCerts: true, browserName: chrome, browserVersion: 99.0.4844.74, chrome: {chromedriverVersion: 99.0.4844.51 (d537ec02474b5..., userDataDir: C:\Users\h455108\AppData\Lo...}, goog:chromeOptions: {debuggerAddress: localhost:55619}, javascriptEnabled: true, networkConnectionEnabled: false, pageLoadStrategy: normal, platform: WINDOWS, platformName: WINDOWS, proxy: Proxy(), se:cdp: ws://localhost:55619/devtoo..., se:cdpVersion: 99.0.4844.74, setWindowRect: true, strictFileInteractability: false, timeouts: {implicit: 0, pageLoad: 300000, script: 30000}, unhandledPromptBehavior: dismiss and notify, webauthn:extension:credBlob: true, webauthn:extension:largeBlob: true, webauthn:virtualAuthenticators: true}
Session ID: c1f2c3d5f6493d4d4f2bed6d20444a05
at org.openqa.selenium.support.ui.WebDriverWait.timeoutException(WebDriverWait.java:138)
at org.openqa.selenium.support.ui.FluentWait.until(FluentWait.java:231)
at com.util.util.TestUtil.waitforElementTobeLocated(TestUtil.java:166)
at com.ConnexoAdmin.pages.UserSecuritySettingsPage.UserSecuritySettingsPage.updateMaxFailedLoginAttempts(UserSecuritySettingsPage.java:95)
at com.ConnexoAdmin.testcases.UserSecuritySettings.VerifyUpdateMaxFailedAttepts(UserSecuritySettings.java:73)
at sun.reflect.NativeMethodAccessorImpl.invoke0(Native Method)
at sun.reflect.NativeMethodAccessorImpl.invoke(Unknown Source)
at sun.reflect.DelegatingMethodAccessorImpl.invoke(Unknown Source)
at java.lang.reflect.Method.invoke(Unknown Source)
at org.testng.internal.MethodInvocationHelper.invokeMethod(MethodInvocationHelper.java:133)
at org.testng.internal.TestInvoker.invokeMethod(TestInvoker.java:598)
at org.testng.internal.TestInvoker.invokeTestMethod(TestInvoker.java:173)
at org.testng.internal.MethodRunner.runInSequence(MethodRunner.java:46)
at org.testng.internal.TestInvoker$MethodInvocationAgent.invoke(TestInvoker.java:824)
at org.testng.internal.TestInvoker.invokeTestMethods(TestInvoker.java:146)
at org.testng.internal.TestMethodWorker.invokeTestMethods(TestMethodWorker.java:146)
at org.testng.internal.TestMethodWorker.run(TestMethodWorker.java:128)
at java.util.concurrent.ThreadPoolExecutor.runWorker(Unknown Source)
at java.util.concurrent.ThreadPoolExecutor$Worker.run(Unknown Source)
at java.lang.Thread.run(Unknown Source)
]]>
    </error>
  </testcase> <!-- VerifyUpdateMaxFailedAttepts -->
  <system-out/>
  <testcase name="VerifyUpdateLockoutTime" time="30.183" classname="com.ConnexoAdmin.testcases.UserSecuritySettings"/>
  <system-out/>
  <testcase name="VerifyDefaultStatusOfActivateAccountLockingCheckbox" time="18.712" classname="com.ConnexoAdmin.testcases.UserSecuritySettings"/>
  <system-out/>
  <testcase name="VerifyByClickActivateAccountLockingCheckbox" time="27.066" classname="com.ConnexoAdmin.testcases.UserSecuritySettings"/>
  <system-out/>
</testsuite> <!-- com.ConnexoAdmin.testcases.UserSecuritySettings -->
