<?xml version="1.0" encoding="UTF-8"?>
<!-- Generated by org.testng.reporters.JUnitReportReporter -->
<testsuite skipped="0" hostname="IE1FLTJCDCK63" name="com.Workspace.testcases.FirmwareCampaignTest" tests="6" failures="0" timestamp="2022-03-19T23:47:02 IST" time="202.434" errors="2">
  <testcase name="devicegroups" time="101.607" classname="com.Workspace.testcases.FirmwareCampaignTest"/>
  <system-out>
    <![CDATA[Starting testcase to select device groups<br/>]]>
  </system-out>
  <testcase name="clickfirmwarecampaign" time="20.784" classname="com.Workspace.testcases.FirmwareCampaignTest"/>
  <system-out>
    <![CDATA[Starting testcase Navigating to firmware campaign page<br/>]]>
  </system-out>
  <testcase name="addfirmwarecampaign" time="7.248" classname="com.Workspace.testcases.FirmwareCampaignTest"/>
  <system-out>
    <![CDATA[Starting testcase Add  firmware campaign <br/>]]>
  </system-out>
  <testcase name="AddFirmwareCampaignvalue" time="32.737" classname="com.Workspace.testcases.FirmwareCampaignTest"/>
  <system-out>
    <![CDATA[Starting testcase Add  firmware campaign value <br/>]]>
  </system-out>
  <testcase name="editFirmwareCampaign" time="20.035" classname="com.Workspace.testcases.FirmwareCampaignTest">
    <error type="org.openqa.selenium.NoSuchElementException" message="no such element: Unable to locate element: {&quot;method&quot;:&quot;xpath&quot;,&quot;selector&quot;:&quot;(//*[text()=&#039;mX51ElQwh&#039;]//ancestor::td//following-sibling::td//span[@class=&#039;icon-cog2 x-action-col-icon x-action-col-0  icon-cog2&#039;])[1]&quot;}
  (Session info: headless chrome=99.0.4844.74)
For documentation on this error, please visit: https://selenium.dev/exceptions/#no_such_element
Build info: version: &#039;4.1.1&#039;, revision: &#039;e8fcc2cecf&#039;
System info: host: &#039;IE1FLTJCDCK63&#039;, ip: &#039;192.168.1.6&#039;, os.name: &#039;Windows 10&#039;, os.arch: &#039;amd64&#039;, os.version: &#039;10.0&#039;, java.version: &#039;1.8.0_321&#039;
Driver info: org.openqa.selenium.chrome.ChromeDriver
Command: [c1f2c3d5f6493d4d4f2bed6d20444a05, findElement {using=xpath, value=(//*[text()=&#039;mX51ElQwh&#039;]//ancestor::td//following-sibling::td//span[@class=&#039;icon-cog2 x-action-col-icon x-action-col-0  icon-cog2&#039;])[1]}]
Capabilities {acceptInsecureCerts: true, browserName: chrome, browserVersion: 99.0.4844.74, chrome: {chromedriverVersion: 99.0.4844.51 (d537ec02474b5..., userDataDir: C:\Users\h455108\AppData\Lo...}, goog:chromeOptions: {debuggerAddress: localhost:55619}, javascriptEnabled: true, networkConnectionEnabled: false, pageLoadStrategy: normal, platform: WINDOWS, platformName: WINDOWS, proxy: Proxy(), se:cdp: ws://localhost:55619/devtoo..., se:cdpVersion: 99.0.4844.74, setWindowRect: true, strictFileInteractability: false, timeouts: {implicit: 0, pageLoad: 300000, script: 30000}, unhandledPromptBehavior: dismiss and notify, webauthn:extension:credBlob: true, webauthn:extension:largeBlob: true, webauthn:virtualAuthenticators: true}
Session ID: c1f2c3d5f6493d4d4f2bed6d20444a05">
      <![CDATA[org.openqa.selenium.NoSuchElementException: no such element: Unable to locate element: {"method":"xpath","selector":"(//*[text()='mX51ElQwh']//ancestor::td//following-sibling::td//span[@class='icon-cog2 x-action-col-icon x-action-col-0  icon-cog2'])[1]"}
  (Session info: headless chrome=99.0.4844.74)
For documentation on this error, please visit: https://selenium.dev/exceptions/#no_such_element
Build info: version: '4.1.1', revision: 'e8fcc2cecf'
System info: host: 'IE1FLTJCDCK63', ip: '192.168.1.6', os.name: 'Windows 10', os.arch: 'amd64', os.version: '10.0', java.version: '1.8.0_321'
Driver info: org.openqa.selenium.chrome.ChromeDriver
Command: [c1f2c3d5f6493d4d4f2bed6d20444a05, findElement {using=xpath, value=(//*[text()='mX51ElQwh']//ancestor::td//following-sibling::td//span[@class='icon-cog2 x-action-col-icon x-action-col-0  icon-cog2'])[1]}]
Capabilities {acceptInsecureCerts: true, browserName: chrome, browserVersion: 99.0.4844.74, chrome: {chromedriverVersion: 99.0.4844.51 (d537ec02474b5..., userDataDir: C:\Users\h455108\AppData\Lo...}, goog:chromeOptions: {debuggerAddress: localhost:55619}, javascriptEnabled: true, networkConnectionEnabled: false, pageLoadStrategy: normal, platform: WINDOWS, platformName: WINDOWS, proxy: Proxy(), se:cdp: ws://localhost:55619/devtoo..., se:cdpVersion: 99.0.4844.74, setWindowRect: true, strictFileInteractability: false, timeouts: {implicit: 0, pageLoad: 300000, script: 30000}, unhandledPromptBehavior: dismiss and notify, webauthn:extension:credBlob: true, webauthn:extension:largeBlob: true, webauthn:virtualAuthenticators: true}
Session ID: c1f2c3d5f6493d4d4f2bed6d20444a05
at sun.reflect.GeneratedConstructorAccessor41.newInstance(Unknown Source)
at sun.reflect.DelegatingConstructorAccessorImpl.newInstance(Unknown Source)
at java.lang.reflect.Constructor.newInstance(Unknown Source)
at org.openqa.selenium.remote.codec.w3c.W3CHttpResponseCodec.createException(W3CHttpResponseCodec.java:200)
at org.openqa.selenium.remote.codec.w3c.W3CHttpResponseCodec.decode(W3CHttpResponseCodec.java:133)
at org.openqa.selenium.remote.codec.w3c.W3CHttpResponseCodec.decode(W3CHttpResponseCodec.java:53)
at org.openqa.selenium.remote.HttpCommandExecutor.execute(HttpCommandExecutor.java:184)
at org.openqa.selenium.remote.service.DriverCommandExecutor.invokeExecute(DriverCommandExecutor.java:167)
at org.openqa.selenium.remote.service.DriverCommandExecutor.execute(DriverCommandExecutor.java:142)
at org.openqa.selenium.remote.RemoteWebDriver.execute(RemoteWebDriver.java:543)
at org.openqa.selenium.remote.ElementLocation$ElementFinder$2.findElement(ElementLocation.java:162)
at org.openqa.selenium.remote.ElementLocation.findElement(ElementLocation.java:60)
at org.openqa.selenium.remote.RemoteWebDriver.findElement(RemoteWebDriver.java:367)
at org.openqa.selenium.remote.RemoteWebDriver.findElement(RemoteWebDriver.java:359)
at com.Workspace.pages.FirmwareCampaignPage.editFirmwareCampaign(FirmwareCampaignPage.java:148)
at com.Workspace.testcases.FirmwareCampaignTest.editFirmwareCampaign(FirmwareCampaignTest.java:77)
at sun.reflect.NativeMethodAccessorImpl.invoke0(Native Method)
at sun.reflect.NativeMethodAccessorImpl.invoke(Unknown Source)
at sun.reflect.DelegatingMethodAccessorImpl.invoke(Unknown Source)
at java.lang.reflect.Method.invoke(Unknown Source)
at org.testng.internal.MethodInvocationHelper.invokeMethod(MethodInvocationHelper.java:133)
at org.testng.internal.TestInvoker.invokeMethod(TestInvoker.java:598)
at org.testng.internal.TestInvoker.invokeTestMethod(TestInvoker.java:173)
at org.testng.internal.MethodRunner.runInSequence(MethodRunner.java:46)
at org.testng.internal.TestInvoker$MethodInvocationAgent.invoke(TestInvoker.java:824)
at org.testng.internal.TestInvoker.invokeTestMethods(TestInvoker.java:146)
at org.testng.internal.TestMethodWorker.invokeTestMethods(TestMethodWorker.java:146)
at org.testng.internal.TestMethodWorker.run(TestMethodWorker.java:128)
at java.util.concurrent.ThreadPoolExecutor.runWorker(Unknown Source)
at java.util.concurrent.ThreadPoolExecutor$Worker.run(Unknown Source)
at java.lang.Thread.run(Unknown Source)
]]>
    </error>
  </testcase> <!-- editFirmwareCampaign -->
  <system-out>
    <![CDATA[Starting testcase edit  firmware campaign value <br/>]]>
  </system-out>
  <testcase name="cancelFirmwareCampaign" time="20.023" classname="com.Workspace.testcases.FirmwareCampaignTest">
    <error type="org.openqa.selenium.NoSuchElementException" message="no such element: Unable to locate element: {&quot;method&quot;:&quot;xpath&quot;,&quot;selector&quot;:&quot;(//*[text()=&#039;mX51ElQwh&#039;]//ancestor::td//following-sibling::td//span[@class=&#039;icon-cog2 x-action-col-icon x-action-col-0  icon-cog2&#039;])[1]&quot;}
  (Session info: headless chrome=99.0.4844.74)
For documentation on this error, please visit: https://selenium.dev/exceptions/#no_such_element
Build info: version: &#039;4.1.1&#039;, revision: &#039;e8fcc2cecf&#039;
System info: host: &#039;IE1FLTJCDCK63&#039;, ip: &#039;192.168.1.6&#039;, os.name: &#039;Windows 10&#039;, os.arch: &#039;amd64&#039;, os.version: &#039;10.0&#039;, java.version: &#039;1.8.0_321&#039;
Driver info: org.openqa.selenium.chrome.ChromeDriver
Command: [c1f2c3d5f6493d4d4f2bed6d20444a05, findElement {using=xpath, value=(//*[text()=&#039;mX51ElQwh&#039;]//ancestor::td//following-sibling::td//span[@class=&#039;icon-cog2 x-action-col-icon x-action-col-0  icon-cog2&#039;])[1]}]
Capabilities {acceptInsecureCerts: true, browserName: chrome, browserVersion: 99.0.4844.74, chrome: {chromedriverVersion: 99.0.4844.51 (d537ec02474b5..., userDataDir: C:\Users\h455108\AppData\Lo...}, goog:chromeOptions: {debuggerAddress: localhost:55619}, javascriptEnabled: true, networkConnectionEnabled: false, pageLoadStrategy: normal, platform: WINDOWS, platformName: WINDOWS, proxy: Proxy(), se:cdp: ws://localhost:55619/devtoo..., se:cdpVersion: 99.0.4844.74, setWindowRect: true, strictFileInteractability: false, timeouts: {implicit: 0, pageLoad: 300000, script: 30000}, unhandledPromptBehavior: dismiss and notify, webauthn:extension:credBlob: true, webauthn:extension:largeBlob: true, webauthn:virtualAuthenticators: true}
Session ID: c1f2c3d5f6493d4d4f2bed6d20444a05">
      <![CDATA[org.openqa.selenium.NoSuchElementException: no such element: Unable to locate element: {"method":"xpath","selector":"(//*[text()='mX51ElQwh']//ancestor::td//following-sibling::td//span[@class='icon-cog2 x-action-col-icon x-action-col-0  icon-cog2'])[1]"}
  (Session info: headless chrome=99.0.4844.74)
For documentation on this error, please visit: https://selenium.dev/exceptions/#no_such_element
Build info: version: '4.1.1', revision: 'e8fcc2cecf'
System info: host: 'IE1FLTJCDCK63', ip: '192.168.1.6', os.name: 'Windows 10', os.arch: 'amd64', os.version: '10.0', java.version: '1.8.0_321'
Driver info: org.openqa.selenium.chrome.ChromeDriver
Command: [c1f2c3d5f6493d4d4f2bed6d20444a05, findElement {using=xpath, value=(//*[text()='mX51ElQwh']//ancestor::td//following-sibling::td//span[@class='icon-cog2 x-action-col-icon x-action-col-0  icon-cog2'])[1]}]
Capabilities {acceptInsecureCerts: true, browserName: chrome, browserVersion: 99.0.4844.74, chrome: {chromedriverVersion: 99.0.4844.51 (d537ec02474b5..., userDataDir: C:\Users\h455108\AppData\Lo...}, goog:chromeOptions: {debuggerAddress: localhost:55619}, javascriptEnabled: true, networkConnectionEnabled: false, pageLoadStrategy: normal, platform: WINDOWS, platformName: WINDOWS, proxy: Proxy(), se:cdp: ws://localhost:55619/devtoo..., se:cdpVersion: 99.0.4844.74, setWindowRect: true, strictFileInteractability: false, timeouts: {implicit: 0, pageLoad: 300000, script: 30000}, unhandledPromptBehavior: dismiss and notify, webauthn:extension:credBlob: true, webauthn:extension:largeBlob: true, webauthn:virtualAuthenticators: true}
Session ID: c1f2c3d5f6493d4d4f2bed6d20444a05
at sun.reflect.GeneratedConstructorAccessor41.newInstance(Unknown Source)
at sun.reflect.DelegatingConstructorAccessorImpl.newInstance(Unknown Source)
at java.lang.reflect.Constructor.newInstance(Unknown Source)
at org.openqa.selenium.remote.codec.w3c.W3CHttpResponseCodec.createException(W3CHttpResponseCodec.java:200)
at org.openqa.selenium.remote.codec.w3c.W3CHttpResponseCodec.decode(W3CHttpResponseCodec.java:133)
at org.openqa.selenium.remote.codec.w3c.W3CHttpResponseCodec.decode(W3CHttpResponseCodec.java:53)
at org.openqa.selenium.remote.HttpCommandExecutor.execute(HttpCommandExecutor.java:184)
at org.openqa.selenium.remote.service.DriverCommandExecutor.invokeExecute(DriverCommandExecutor.java:167)
at org.openqa.selenium.remote.service.DriverCommandExecutor.execute(DriverCommandExecutor.java:142)
at org.openqa.selenium.remote.RemoteWebDriver.execute(RemoteWebDriver.java:543)
at org.openqa.selenium.remote.ElementLocation$ElementFinder$2.findElement(ElementLocation.java:162)
at org.openqa.selenium.remote.ElementLocation.findElement(ElementLocation.java:60)
at org.openqa.selenium.remote.RemoteWebDriver.findElement(RemoteWebDriver.java:367)
at org.openqa.selenium.remote.RemoteWebDriver.findElement(RemoteWebDriver.java:359)
at com.Workspace.pages.FirmwareCampaignPage.cancelFirmwareCampaign(FirmwareCampaignPage.java:161)
at com.Workspace.testcases.FirmwareCampaignTest.cancelFirmwareCampaign(FirmwareCampaignTest.java:86)
at sun.reflect.NativeMethodAccessorImpl.invoke0(Native Method)
at sun.reflect.NativeMethodAccessorImpl.invoke(Unknown Source)
at sun.reflect.DelegatingMethodAccessorImpl.invoke(Unknown Source)
at java.lang.reflect.Method.invoke(Unknown Source)
at org.testng.internal.MethodInvocationHelper.invokeMethod(MethodInvocationHelper.java:133)
at org.testng.internal.TestInvoker.invokeMethod(TestInvoker.java:598)
at org.testng.internal.TestInvoker.invokeTestMethod(TestInvoker.java:173)
at org.testng.internal.MethodRunner.runInSequence(MethodRunner.java:46)
at org.testng.internal.TestInvoker$MethodInvocationAgent.invoke(TestInvoker.java:824)
at org.testng.internal.TestInvoker.invokeTestMethods(TestInvoker.java:146)
at org.testng.internal.TestMethodWorker.invokeTestMethods(TestMethodWorker.java:146)
at org.testng.internal.TestMethodWorker.run(TestMethodWorker.java:128)
at java.util.concurrent.ThreadPoolExecutor.runWorker(Unknown Source)
at java.util.concurrent.ThreadPoolExecutor$Worker.run(Unknown Source)
at java.lang.Thread.run(Unknown Source)
]]>
    </error>
  </testcase> <!-- cancelFirmwareCampaign -->
  <system-out>
    <![CDATA[Starting testcase cancel  firmware campaign value <br/>]]>
  </system-out>
</testsuite> <!-- com.Workspace.testcases.FirmwareCampaignTest -->
