<?xml version="1.0" encoding="UTF-8"?>
<!-- Generated by org.testng.reporters.JUnitReportReporter -->
<testsuite skipped="0" hostname="IE1FLTJCDCK63" name="com.multisense.testcases.CommandLimitationRulesTest" tests="12" failures="0" timestamp="2022-03-19T23:47:02 IST" time="238.363" errors="6">
  <testcase name="verifyAndSelectCommandLimitationRule" time="104.412" classname="com.multisense.testcases.CommandLimitationRulesTest"/>
  <system-out>
    <![CDATA[Starting testcase Verify and Select Command Limitation Rule<br/>]]>
  </system-out>
  <testcase name="CreatedCommandLimitationRule" time="8.395" classname="com.multisense.testcases.CommandLimitationRulesTest"/>
  <system-out>
    <![CDATA[Starting testcase Verify and Select Command Limitation Rule<br/>]]>
  </system-out>
  <testcase name="CreatedADDCommandCommandLimitationRule" time="17.247" classname="com.multisense.testcases.CommandLimitationRulesTest"/>
  <system-out>
    <![CDATA[Starting testcase Create Add Command Limitation Rule<br/>]]>
  </system-out>
  <testcase name="activationCommandLimitationRule" time="21.271" classname="com.multisense.testcases.CommandLimitationRulesTest"/>
  <system-out>
    <![CDATA[Starting testcase Activate Command Limitation Rule<br/>]]>
  </system-out>
  <testcase name="editedCommandLimitationRule" time="24.795" classname="com.multisense.testcases.CommandLimitationRulesTest"/>
  <system-out>
    <![CDATA[Starting testcase Edit Command Limitation Rule<br/>]]>
  </system-out>
  <testcase name="changedDaylimitCommandLimitationRule" time="8.752" classname="com.multisense.testcases.CommandLimitationRulesTest"/>
  <system-out>
    <![CDATA[Starting testcase Change Daily Limit Command Limitation Rule<br/>]]>
  </system-out>
  <testcase name="viewPendingChangesCommandLimitationRule" time="20.053" classname="com.multisense.testcases.CommandLimitationRulesTest">
    <error type="org.openqa.selenium.NoSuchElementException" message="no such element: Unable to locate element: {&quot;method&quot;:&quot;xpath&quot;,&quot;selector&quot;:&quot;//a[text()=&#039;wDqBHXxI&#039;]//ancestor::td//following-sibling::td//span&quot;}
  (Session info: headless chrome=99.0.4844.74)
For documentation on this error, please visit: https://selenium.dev/exceptions/#no_such_element
Build info: version: &#039;4.1.1&#039;, revision: &#039;e8fcc2cecf&#039;
System info: host: &#039;IE1FLTJCDCK63&#039;, ip: &#039;192.168.1.6&#039;, os.name: &#039;Windows 10&#039;, os.arch: &#039;amd64&#039;, os.version: &#039;10.0&#039;, java.version: &#039;1.8.0_321&#039;
Driver info: org.openqa.selenium.chrome.ChromeDriver
Command: [c1f2c3d5f6493d4d4f2bed6d20444a05, findElement {using=xpath, value=//a[text()=&#039;wDqBHXxI&#039;]//ancestor::td//following-sibling::td//span}]
Capabilities {acceptInsecureCerts: true, browserName: chrome, browserVersion: 99.0.4844.74, chrome: {chromedriverVersion: 99.0.4844.51 (d537ec02474b5..., userDataDir: C:\Users\h455108\AppData\Lo...}, goog:chromeOptions: {debuggerAddress: localhost:55619}, javascriptEnabled: true, networkConnectionEnabled: false, pageLoadStrategy: normal, platform: WINDOWS, platformName: WINDOWS, proxy: Proxy(), se:cdp: ws://localhost:55619/devtoo..., se:cdpVersion: 99.0.4844.74, setWindowRect: true, strictFileInteractability: false, timeouts: {implicit: 0, pageLoad: 300000, script: 30000}, unhandledPromptBehavior: dismiss and notify, webauthn:extension:credBlob: true, webauthn:extension:largeBlob: true, webauthn:virtualAuthenticators: true}
Session ID: c1f2c3d5f6493d4d4f2bed6d20444a05">
      <![CDATA[org.openqa.selenium.NoSuchElementException: no such element: Unable to locate element: {"method":"xpath","selector":"//a[text()='wDqBHXxI']//ancestor::td//following-sibling::td//span"}
  (Session info: headless chrome=99.0.4844.74)
For documentation on this error, please visit: https://selenium.dev/exceptions/#no_such_element
Build info: version: '4.1.1', revision: 'e8fcc2cecf'
System info: host: 'IE1FLTJCDCK63', ip: '192.168.1.6', os.name: 'Windows 10', os.arch: 'amd64', os.version: '10.0', java.version: '1.8.0_321'
Driver info: org.openqa.selenium.chrome.ChromeDriver
Command: [c1f2c3d5f6493d4d4f2bed6d20444a05, findElement {using=xpath, value=//a[text()='wDqBHXxI']//ancestor::td//following-sibling::td//span}]
Capabilities {acceptInsecureCerts: true, browserName: chrome, browserVersion: 99.0.4844.74, chrome: {chromedriverVersion: 99.0.4844.51 (d537ec02474b5..., userDataDir: C:\Users\h455108\AppData\Lo...}, goog:chromeOptions: {debuggerAddress: localhost:55619}, javascriptEnabled: true, networkConnectionEnabled: false, pageLoadStrategy: normal, platform: WINDOWS, platformName: WINDOWS, proxy: Proxy(), se:cdp: ws://localhost:55619/devtoo..., se:cdpVersion: 99.0.4844.74, setWindowRect: true, strictFileInteractability: false, timeouts: {implicit: 0, pageLoad: 300000, script: 30000}, unhandledPromptBehavior: dismiss and notify, webauthn:extension:credBlob: true, webauthn:extension:largeBlob: true, webauthn:virtualAuthenticators: true}
Session ID: c1f2c3d5f6493d4d4f2bed6d20444a05
at sun.reflect.GeneratedConstructorAccessor41.newInstance(Unknown Source)
at sun.reflect.DelegatingConstructorAccessorImpl.newInstance(Unknown Source)
at java.lang.reflect.Constructor.newInstance(Unknown Source)
at org.openqa.selenium.remote.codec.w3c.W3CHttpResponseCodec.createException(W3CHttpResponseCodec.java:200)
at org.openqa.selenium.remote.codec.w3c.W3CHttpResponseCodec.decode(W3CHttpResponseCodec.java:133)
at org.openqa.selenium.remote.codec.w3c.W3CHttpResponseCodec.decode(W3CHttpResponseCodec.java:53)
at org.openqa.selenium.remote.HttpCommandExecutor.execute(HttpCommandExecutor.java:184)
at org.openqa.selenium.remote.service.DriverCommandExecutor.invokeExecute(DriverCommandExecutor.java:167)
at org.openqa.selenium.remote.service.DriverCommandExecutor.execute(DriverCommandExecutor.java:142)
at org.openqa.selenium.remote.RemoteWebDriver.execute(RemoteWebDriver.java:543)
at org.openqa.selenium.remote.ElementLocation$ElementFinder$2.findElement(ElementLocation.java:162)
at org.openqa.selenium.remote.ElementLocation.findElement(ElementLocation.java:60)
at org.openqa.selenium.remote.RemoteWebDriver.findElement(RemoteWebDriver.java:367)
at org.openqa.selenium.remote.RemoteWebDriver.findElement(RemoteWebDriver.java:359)
at com.multisense.pages.DeviceCommunicationPage.CommandLimitationRulePage.viewPendingChanges(CommandLimitationRulePage.java:116)
at com.multisense.testcases.CommandLimitationRulesTest.viewPendingChangesCommandLimitationRule(CommandLimitationRulesTest.java:102)
at sun.reflect.NativeMethodAccessorImpl.invoke0(Native Method)
at sun.reflect.NativeMethodAccessorImpl.invoke(Unknown Source)
at sun.reflect.DelegatingMethodAccessorImpl.invoke(Unknown Source)
at java.lang.reflect.Method.invoke(Unknown Source)
at org.testng.internal.MethodInvocationHelper.invokeMethod(MethodInvocationHelper.java:133)
at org.testng.internal.TestInvoker.invokeMethod(TestInvoker.java:598)
at org.testng.internal.TestInvoker.invokeTestMethod(TestInvoker.java:173)
at org.testng.internal.MethodRunner.runInSequence(MethodRunner.java:46)
at org.testng.internal.TestInvoker$MethodInvocationAgent.invoke(TestInvoker.java:824)
at org.testng.internal.TestInvoker.invokeTestMethods(TestInvoker.java:146)
at org.testng.internal.TestMethodWorker.invokeTestMethods(TestMethodWorker.java:146)
at org.testng.internal.TestMethodWorker.run(TestMethodWorker.java:128)
at java.util.concurrent.ThreadPoolExecutor.runWorker(Unknown Source)
at java.util.concurrent.ThreadPoolExecutor$Worker.run(Unknown Source)
at java.lang.Thread.run(Unknown Source)
]]>
    </error>
  </testcase> <!-- viewPendingChangesCommandLimitationRule -->
  <system-out>
    <![CDATA[Starting testcase viewPendingChanges Command Limitation Rule<br/>]]>
  </system-out>
  <testcase name="removedCommandLimitationRule" time="28.799" classname="com.multisense.testcases.CommandLimitationRulesTest">
    <error type="org.openqa.selenium.NoSuchElementException" message="no such element: Unable to locate element: {&quot;method&quot;:&quot;xpath&quot;,&quot;selector&quot;:&quot;//span[contains(text(),&#039;wDqBHXxI&#039;)]//ancestor::div//a[normalize-space()=&#039;Remove&#039;]&quot;}
  (Session info: headless chrome=99.0.4844.74)
For documentation on this error, please visit: https://selenium.dev/exceptions/#no_such_element
Build info: version: &#039;4.1.1&#039;, revision: &#039;e8fcc2cecf&#039;
System info: host: &#039;IE1FLTJCDCK63&#039;, ip: &#039;192.168.1.6&#039;, os.name: &#039;Windows 10&#039;, os.arch: &#039;amd64&#039;, os.version: &#039;10.0&#039;, java.version: &#039;1.8.0_321&#039;
Driver info: org.openqa.selenium.chrome.ChromeDriver
Command: [c1f2c3d5f6493d4d4f2bed6d20444a05, findElement {using=xpath, value=//span[contains(text(),&#039;wDqBHXxI&#039;)]//ancestor::div//a[normalize-space()=&#039;Remove&#039;]}]
Capabilities {acceptInsecureCerts: true, browserName: chrome, browserVersion: 99.0.4844.74, chrome: {chromedriverVersion: 99.0.4844.51 (d537ec02474b5..., userDataDir: C:\Users\h455108\AppData\Lo...}, goog:chromeOptions: {debuggerAddress: localhost:55619}, javascriptEnabled: true, networkConnectionEnabled: false, pageLoadStrategy: normal, platform: WINDOWS, platformName: WINDOWS, proxy: Proxy(), se:cdp: ws://localhost:55619/devtoo..., se:cdpVersion: 99.0.4844.74, setWindowRect: true, strictFileInteractability: false, timeouts: {implicit: 0, pageLoad: 300000, script: 30000}, unhandledPromptBehavior: dismiss and notify, webauthn:extension:credBlob: true, webauthn:extension:largeBlob: true, webauthn:virtualAuthenticators: true}
Session ID: c1f2c3d5f6493d4d4f2bed6d20444a05">
      <![CDATA[org.openqa.selenium.NoSuchElementException: no such element: Unable to locate element: {"method":"xpath","selector":"//span[contains(text(),'wDqBHXxI')]//ancestor::div//a[normalize-space()='Remove']"}
  (Session info: headless chrome=99.0.4844.74)
For documentation on this error, please visit: https://selenium.dev/exceptions/#no_such_element
Build info: version: '4.1.1', revision: 'e8fcc2cecf'
System info: host: 'IE1FLTJCDCK63', ip: '192.168.1.6', os.name: 'Windows 10', os.arch: 'amd64', os.version: '10.0', java.version: '1.8.0_321'
Driver info: org.openqa.selenium.chrome.ChromeDriver
Command: [c1f2c3d5f6493d4d4f2bed6d20444a05, findElement {using=xpath, value=//span[contains(text(),'wDqBHXxI')]//ancestor::div//a[normalize-space()='Remove']}]
Capabilities {acceptInsecureCerts: true, browserName: chrome, browserVersion: 99.0.4844.74, chrome: {chromedriverVersion: 99.0.4844.51 (d537ec02474b5..., userDataDir: C:\Users\h455108\AppData\Lo...}, goog:chromeOptions: {debuggerAddress: localhost:55619}, javascriptEnabled: true, networkConnectionEnabled: false, pageLoadStrategy: normal, platform: WINDOWS, platformName: WINDOWS, proxy: Proxy(), se:cdp: ws://localhost:55619/devtoo..., se:cdpVersion: 99.0.4844.74, setWindowRect: true, strictFileInteractability: false, timeouts: {implicit: 0, pageLoad: 300000, script: 30000}, unhandledPromptBehavior: dismiss and notify, webauthn:extension:credBlob: true, webauthn:extension:largeBlob: true, webauthn:virtualAuthenticators: true}
Session ID: c1f2c3d5f6493d4d4f2bed6d20444a05
at sun.reflect.GeneratedConstructorAccessor41.newInstance(Unknown Source)
at sun.reflect.DelegatingConstructorAccessorImpl.newInstance(Unknown Source)
at java.lang.reflect.Constructor.newInstance(Unknown Source)
at org.openqa.selenium.remote.codec.w3c.W3CHttpResponseCodec.createException(W3CHttpResponseCodec.java:200)
at org.openqa.selenium.remote.codec.w3c.W3CHttpResponseCodec.decode(W3CHttpResponseCodec.java:133)
at org.openqa.selenium.remote.codec.w3c.W3CHttpResponseCodec.decode(W3CHttpResponseCodec.java:53)
at org.openqa.selenium.remote.HttpCommandExecutor.execute(HttpCommandExecutor.java:184)
at org.openqa.selenium.remote.service.DriverCommandExecutor.invokeExecute(DriverCommandExecutor.java:167)
at org.openqa.selenium.remote.service.DriverCommandExecutor.execute(DriverCommandExecutor.java:142)
at org.openqa.selenium.remote.RemoteWebDriver.execute(RemoteWebDriver.java:543)
at org.openqa.selenium.remote.ElementLocation$ElementFinder$2.findElement(ElementLocation.java:162)
at org.openqa.selenium.remote.ElementLocation.findElement(ElementLocation.java:60)
at org.openqa.selenium.remote.RemoteWebDriver.findElement(RemoteWebDriver.java:367)
at org.openqa.selenium.remote.RemoteWebDriver.findElement(RemoteWebDriver.java:359)
at com.multisense.pages.DeviceCommunicationPage.CommandLimitationRulePage.removeCommandLimitationRule(CommandLimitationRulePage.java:139)
at com.multisense.testcases.CommandLimitationRulesTest.removedCommandLimitationRule(CommandLimitationRulesTest.java:111)
at sun.reflect.NativeMethodAccessorImpl.invoke0(Native Method)
at sun.reflect.NativeMethodAccessorImpl.invoke(Unknown Source)
at sun.reflect.DelegatingMethodAccessorImpl.invoke(Unknown Source)
at java.lang.reflect.Method.invoke(Unknown Source)
at org.testng.internal.MethodInvocationHelper.invokeMethod(MethodInvocationHelper.java:133)
at org.testng.internal.TestInvoker.invokeMethod(TestInvoker.java:598)
at org.testng.internal.TestInvoker.invokeTestMethod(TestInvoker.java:173)
at org.testng.internal.MethodRunner.runInSequence(MethodRunner.java:46)
at org.testng.internal.TestInvoker$MethodInvocationAgent.invoke(TestInvoker.java:824)
at org.testng.internal.TestInvoker.invokeTestMethods(TestInvoker.java:146)
at org.testng.internal.TestMethodWorker.invokeTestMethods(TestMethodWorker.java:146)
at org.testng.internal.TestMethodWorker.run(TestMethodWorker.java:128)
at java.util.concurrent.ThreadPoolExecutor.runWorker(Unknown Source)
at java.util.concurrent.ThreadPoolExecutor$Worker.run(Unknown Source)
at java.lang.Thread.run(Unknown Source)
]]>
    </error>
  </testcase> <!-- removedCommandLimitationRule -->
  <system-out>
    <![CDATA[Starting testcase Remove Command Limitation Rule<br/>]]>
  </system-out>
  <testcase name="VerifyAddCommandLimitationRuleName" time="1.159" classname="com.multisense.testcases.CommandLimitationRulesTest">
    <error type="org.openqa.selenium.ElementClickInterceptedException" message="element click intercepted: Element &lt;a class=&quot;x-btn x-unselectable x-box-item x-toolbar-item x-btn-default-small x-noicon x-btn-noicon x-btn-default-small-noicon&quot; hidefocus=&quot;on&quot; unselectable=&quot;on&quot; id=&quot;button-1851&quot; tabindex=&quot;0&quot; href=&quot;#/administration/commandrules/add&quot; target=&quot;_self&quot; style=&quot;right: auto; top: 0px; margin: 0px; left: 1047px;&quot;&gt;...&lt;/a&gt; is not clickable at point (1276, 169). Other element would receive the click: &lt;div role=&quot;presentation&quot; class=&quot;x-mask&quot; style=&quot;height: 800px; width: 1400px; z-index: 18996; right: auto; left: 0px; top: 0px;&quot; id=&quot;ext-gen2285&quot;&gt;&lt;/div&gt;
  (Session info: headless chrome=99.0.4844.74)
Build info: version: &#039;4.1.1&#039;, revision: &#039;e8fcc2cecf&#039;
System info: host: &#039;IE1FLTJCDCK63&#039;, ip: &#039;192.168.1.6&#039;, os.name: &#039;Windows 10&#039;, os.arch: &#039;amd64&#039;, os.version: &#039;10.0&#039;, java.version: &#039;1.8.0_321&#039;
Driver info: org.openqa.selenium.chrome.ChromeDriver
Command: [c1f2c3d5f6493d4d4f2bed6d20444a05, clickElement {id=02ae1b24-1d5b-44f4-a79f-7acb17e1b543}]
Capabilities {acceptInsecureCerts: true, browserName: chrome, browserVersion: 99.0.4844.74, chrome: {chromedriverVersion: 99.0.4844.51 (d537ec02474b5..., userDataDir: C:\Users\h455108\AppData\Lo...}, goog:chromeOptions: {debuggerAddress: localhost:55619}, javascriptEnabled: true, networkConnectionEnabled: false, pageLoadStrategy: normal, platform: WINDOWS, platformName: WINDOWS, proxy: Proxy(), se:cdp: ws://localhost:55619/devtoo..., se:cdpVersion: 99.0.4844.74, setWindowRect: true, strictFileInteractability: false, timeouts: {implicit: 0, pageLoad: 300000, script: 30000}, unhandledPromptBehavior: dismiss and notify, webauthn:extension:credBlob: true, webauthn:extension:largeBlob: true, webauthn:virtualAuthenticators: true}
Element: [[ChromeDriver: chrome on WINDOWS (c1f2c3d5f6493d4d4f2bed6d20444a05)] -&gt; xpath: (//span[contains(text(),&#039;Add command limitation rule&#039;)]//ancestor::a)[2]]
Session ID: c1f2c3d5f6493d4d4f2bed6d20444a05">
      <![CDATA[org.openqa.selenium.ElementClickInterceptedException: element click intercepted: Element <a class="x-btn x-unselectable x-box-item x-toolbar-item x-btn-default-small x-noicon x-btn-noicon x-btn-default-small-noicon" hidefocus="on" unselectable="on" id="button-1851" tabindex="0" href="#/administration/commandrules/add" target="_self" style="right: auto; top: 0px; margin: 0px; left: 1047px;">...</a> is not clickable at point (1276, 169). Other element would receive the click: <div role="presentation" class="x-mask" style="height: 800px; width: 1400px; z-index: 18996; right: auto; left: 0px; top: 0px;" id="ext-gen2285"></div>
  (Session info: headless chrome=99.0.4844.74)
Build info: version: '4.1.1', revision: 'e8fcc2cecf'
System info: host: 'IE1FLTJCDCK63', ip: '192.168.1.6', os.name: 'Windows 10', os.arch: 'amd64', os.version: '10.0', java.version: '1.8.0_321'
Driver info: org.openqa.selenium.chrome.ChromeDriver
Command: [c1f2c3d5f6493d4d4f2bed6d20444a05, clickElement {id=02ae1b24-1d5b-44f4-a79f-7acb17e1b543}]
Capabilities {acceptInsecureCerts: true, browserName: chrome, browserVersion: 99.0.4844.74, chrome: {chromedriverVersion: 99.0.4844.51 (d537ec02474b5..., userDataDir: C:\Users\h455108\AppData\Lo...}, goog:chromeOptions: {debuggerAddress: localhost:55619}, javascriptEnabled: true, networkConnectionEnabled: false, pageLoadStrategy: normal, platform: WINDOWS, platformName: WINDOWS, proxy: Proxy(), se:cdp: ws://localhost:55619/devtoo..., se:cdpVersion: 99.0.4844.74, setWindowRect: true, strictFileInteractability: false, timeouts: {implicit: 0, pageLoad: 300000, script: 30000}, unhandledPromptBehavior: dismiss and notify, webauthn:extension:credBlob: true, webauthn:extension:largeBlob: true, webauthn:virtualAuthenticators: true}
Element: [[ChromeDriver: chrome on WINDOWS (c1f2c3d5f6493d4d4f2bed6d20444a05)] -> xpath: (//span[contains(text(),'Add command limitation rule')]//ancestor::a)[2]]
Session ID: c1f2c3d5f6493d4d4f2bed6d20444a05
at sun.reflect.NativeConstructorAccessorImpl.newInstance0(Native Method)
at sun.reflect.NativeConstructorAccessorImpl.newInstance(Unknown Source)
at sun.reflect.DelegatingConstructorAccessorImpl.newInstance(Unknown Source)
at java.lang.reflect.Constructor.newInstance(Unknown Source)
at org.openqa.selenium.remote.codec.w3c.W3CHttpResponseCodec.createException(W3CHttpResponseCodec.java:200)
at org.openqa.selenium.remote.codec.w3c.W3CHttpResponseCodec.decode(W3CHttpResponseCodec.java:133)
at org.openqa.selenium.remote.codec.w3c.W3CHttpResponseCodec.decode(W3CHttpResponseCodec.java:53)
at org.openqa.selenium.remote.HttpCommandExecutor.execute(HttpCommandExecutor.java:184)
at org.openqa.selenium.remote.service.DriverCommandExecutor.invokeExecute(DriverCommandExecutor.java:167)
at org.openqa.selenium.remote.service.DriverCommandExecutor.execute(DriverCommandExecutor.java:142)
at org.openqa.selenium.remote.RemoteWebDriver.execute(RemoteWebDriver.java:543)
at org.openqa.selenium.remote.RemoteWebElement.execute(RemoteWebElement.java:251)
at org.openqa.selenium.remote.RemoteWebElement.click(RemoteWebElement.java:77)
at com.multisense.pages.DeviceCommunicationPage.CommandLimitationRulePage.clickonAddCommandLimitationRule(CommandLimitationRulePage.java:46)
at com.multisense.testcases.CommandLimitationRulesTest.VerifyAddCommandLimitationRuleName(CommandLimitationRulesTest.java:122)
at sun.reflect.NativeMethodAccessorImpl.invoke0(Native Method)
at sun.reflect.NativeMethodAccessorImpl.invoke(Unknown Source)
at sun.reflect.DelegatingMethodAccessorImpl.invoke(Unknown Source)
at java.lang.reflect.Method.invoke(Unknown Source)
at org.testng.internal.MethodInvocationHelper.invokeMethod(MethodInvocationHelper.java:133)
at org.testng.internal.TestInvoker.invokeMethod(TestInvoker.java:598)
at org.testng.internal.TestInvoker.invokeTestMethod(TestInvoker.java:173)
at org.testng.internal.MethodRunner.runInSequence(MethodRunner.java:46)
at org.testng.internal.TestInvoker$MethodInvocationAgent.invoke(TestInvoker.java:824)
at org.testng.internal.TestInvoker.invokeTestMethods(TestInvoker.java:146)
at org.testng.internal.TestMethodWorker.invokeTestMethods(TestMethodWorker.java:146)
at org.testng.internal.TestMethodWorker.run(TestMethodWorker.java:128)
at java.util.concurrent.ThreadPoolExecutor.runWorker(Unknown Source)
at java.util.concurrent.ThreadPoolExecutor$Worker.run(Unknown Source)
at java.lang.Thread.run(Unknown Source)
]]>
    </error>
  </testcase> <!-- VerifyAddCommandLimitationRuleName -->
  <system-out>
    <![CDATA[Starting test case Verify the error message for Add Command Limitation Rule Name<br/>]]>
  </system-out>
  <testcase name="VerifyAddCommands" time="1.202" classname="com.multisense.testcases.CommandLimitationRulesTest">
    <error type="org.openqa.selenium.ElementClickInterceptedException" message="element click intercepted: Element &lt;a class=&quot;x-btn x-unselectable x-box-item x-toolbar-item x-btn-default-small x-noicon x-btn-noicon x-btn-default-small-noicon&quot; hidefocus=&quot;on&quot; unselectable=&quot;on&quot; id=&quot;button-1851&quot; tabindex=&quot;0&quot; href=&quot;#/administration/commandrules/add&quot; target=&quot;_self&quot; style=&quot;right: auto; top: 0px; margin: 0px; left: 1047px;&quot;&gt;...&lt;/a&gt; is not clickable at point (1276, 169). Other element would receive the click: &lt;div role=&quot;presentation&quot; class=&quot;x-mask&quot; style=&quot;height: 800px; width: 1400px; z-index: 18996; right: auto; left: 0px; top: 0px;&quot; id=&quot;ext-gen2285&quot;&gt;&lt;/div&gt;
  (Session info: headless chrome=99.0.4844.74)
Build info: version: &#039;4.1.1&#039;, revision: &#039;e8fcc2cecf&#039;
System info: host: &#039;IE1FLTJCDCK63&#039;, ip: &#039;192.168.1.6&#039;, os.name: &#039;Windows 10&#039;, os.arch: &#039;amd64&#039;, os.version: &#039;10.0&#039;, java.version: &#039;1.8.0_321&#039;
Driver info: org.openqa.selenium.chrome.ChromeDriver
Command: [c1f2c3d5f6493d4d4f2bed6d20444a05, clickElement {id=02ae1b24-1d5b-44f4-a79f-7acb17e1b543}]
Capabilities {acceptInsecureCerts: true, browserName: chrome, browserVersion: 99.0.4844.74, chrome: {chromedriverVersion: 99.0.4844.51 (d537ec02474b5..., userDataDir: C:\Users\h455108\AppData\Lo...}, goog:chromeOptions: {debuggerAddress: localhost:55619}, javascriptEnabled: true, networkConnectionEnabled: false, pageLoadStrategy: normal, platform: WINDOWS, platformName: WINDOWS, proxy: Proxy(), se:cdp: ws://localhost:55619/devtoo..., se:cdpVersion: 99.0.4844.74, setWindowRect: true, strictFileInteractability: false, timeouts: {implicit: 0, pageLoad: 300000, script: 30000}, unhandledPromptBehavior: dismiss and notify, webauthn:extension:credBlob: true, webauthn:extension:largeBlob: true, webauthn:virtualAuthenticators: true}
Element: [[ChromeDriver: chrome on WINDOWS (c1f2c3d5f6493d4d4f2bed6d20444a05)] -&gt; xpath: (//span[contains(text(),&#039;Add command limitation rule&#039;)]//ancestor::a)[2]]
Session ID: c1f2c3d5f6493d4d4f2bed6d20444a05">
      <![CDATA[org.openqa.selenium.ElementClickInterceptedException: element click intercepted: Element <a class="x-btn x-unselectable x-box-item x-toolbar-item x-btn-default-small x-noicon x-btn-noicon x-btn-default-small-noicon" hidefocus="on" unselectable="on" id="button-1851" tabindex="0" href="#/administration/commandrules/add" target="_self" style="right: auto; top: 0px; margin: 0px; left: 1047px;">...</a> is not clickable at point (1276, 169). Other element would receive the click: <div role="presentation" class="x-mask" style="height: 800px; width: 1400px; z-index: 18996; right: auto; left: 0px; top: 0px;" id="ext-gen2285"></div>
  (Session info: headless chrome=99.0.4844.74)
Build info: version: '4.1.1', revision: 'e8fcc2cecf'
System info: host: 'IE1FLTJCDCK63', ip: '192.168.1.6', os.name: 'Windows 10', os.arch: 'amd64', os.version: '10.0', java.version: '1.8.0_321'
Driver info: org.openqa.selenium.chrome.ChromeDriver
Command: [c1f2c3d5f6493d4d4f2bed6d20444a05, clickElement {id=02ae1b24-1d5b-44f4-a79f-7acb17e1b543}]
Capabilities {acceptInsecureCerts: true, browserName: chrome, browserVersion: 99.0.4844.74, chrome: {chromedriverVersion: 99.0.4844.51 (d537ec02474b5..., userDataDir: C:\Users\h455108\AppData\Lo...}, goog:chromeOptions: {debuggerAddress: localhost:55619}, javascriptEnabled: true, networkConnectionEnabled: false, pageLoadStrategy: normal, platform: WINDOWS, platformName: WINDOWS, proxy: Proxy(), se:cdp: ws://localhost:55619/devtoo..., se:cdpVersion: 99.0.4844.74, setWindowRect: true, strictFileInteractability: false, timeouts: {implicit: 0, pageLoad: 300000, script: 30000}, unhandledPromptBehavior: dismiss and notify, webauthn:extension:credBlob: true, webauthn:extension:largeBlob: true, webauthn:virtualAuthenticators: true}
Element: [[ChromeDriver: chrome on WINDOWS (c1f2c3d5f6493d4d4f2bed6d20444a05)] -> xpath: (//span[contains(text(),'Add command limitation rule')]//ancestor::a)[2]]
Session ID: c1f2c3d5f6493d4d4f2bed6d20444a05
at sun.reflect.NativeConstructorAccessorImpl.newInstance0(Native Method)
at sun.reflect.NativeConstructorAccessorImpl.newInstance(Unknown Source)
at sun.reflect.DelegatingConstructorAccessorImpl.newInstance(Unknown Source)
at java.lang.reflect.Constructor.newInstance(Unknown Source)
at org.openqa.selenium.remote.codec.w3c.W3CHttpResponseCodec.createException(W3CHttpResponseCodec.java:200)
at org.openqa.selenium.remote.codec.w3c.W3CHttpResponseCodec.decode(W3CHttpResponseCodec.java:133)
at org.openqa.selenium.remote.codec.w3c.W3CHttpResponseCodec.decode(W3CHttpResponseCodec.java:53)
at org.openqa.selenium.remote.HttpCommandExecutor.execute(HttpCommandExecutor.java:184)
at org.openqa.selenium.remote.service.DriverCommandExecutor.invokeExecute(DriverCommandExecutor.java:167)
at org.openqa.selenium.remote.service.DriverCommandExecutor.execute(DriverCommandExecutor.java:142)
at org.openqa.selenium.remote.RemoteWebDriver.execute(RemoteWebDriver.java:543)
at org.openqa.selenium.remote.RemoteWebElement.execute(RemoteWebElement.java:251)
at org.openqa.selenium.remote.RemoteWebElement.click(RemoteWebElement.java:77)
at com.multisense.pages.DeviceCommunicationPage.CommandLimitationRulePage.clickonAddCommandLimitationRule(CommandLimitationRulePage.java:46)
at com.multisense.testcases.CommandLimitationRulesTest.VerifyAddCommands(CommandLimitationRulesTest.java:138)
at sun.reflect.NativeMethodAccessorImpl.invoke0(Native Method)
at sun.reflect.NativeMethodAccessorImpl.invoke(Unknown Source)
at sun.reflect.DelegatingMethodAccessorImpl.invoke(Unknown Source)
at java.lang.reflect.Method.invoke(Unknown Source)
at org.testng.internal.MethodInvocationHelper.invokeMethod(MethodInvocationHelper.java:133)
at org.testng.internal.TestInvoker.invokeMethod(TestInvoker.java:598)
at org.testng.internal.TestInvoker.invokeTestMethod(TestInvoker.java:173)
at org.testng.internal.MethodRunner.runInSequence(MethodRunner.java:46)
at org.testng.internal.TestInvoker$MethodInvocationAgent.invoke(TestInvoker.java:824)
at org.testng.internal.TestInvoker.invokeTestMethods(TestInvoker.java:146)
at org.testng.internal.TestMethodWorker.invokeTestMethods(TestMethodWorker.java:146)
at org.testng.internal.TestMethodWorker.run(TestMethodWorker.java:128)
at java.util.concurrent.ThreadPoolExecutor.runWorker(Unknown Source)
at java.util.concurrent.ThreadPoolExecutor$Worker.run(Unknown Source)
at java.lang.Thread.run(Unknown Source)
]]>
    </error>
  </testcase> <!-- VerifyAddCommands -->
  <system-out>
    <![CDATA[Starting test case Verify the error message for Add Commands in Add Command Limitation Rule <br/>]]>
  </system-out>
  <testcase name="AddCommadsCheckAllCategory" time="1.152" classname="com.multisense.testcases.CommandLimitationRulesTest">
    <error type="org.openqa.selenium.ElementClickInterceptedException" message="element click intercepted: Element &lt;a class=&quot;x-btn x-unselectable x-box-item x-toolbar-item x-btn-default-small x-noicon x-btn-noicon x-btn-default-small-noicon&quot; hidefocus=&quot;on&quot; unselectable=&quot;on&quot; id=&quot;button-1851&quot; tabindex=&quot;0&quot; href=&quot;#/administration/commandrules/add&quot; target=&quot;_self&quot; style=&quot;right: auto; top: 0px; margin: 0px; left: 1047px;&quot;&gt;...&lt;/a&gt; is not clickable at point (1276, 169). Other element would receive the click: &lt;div role=&quot;presentation&quot; class=&quot;x-mask&quot; style=&quot;height: 800px; width: 1400px; z-index: 18996; right: auto; left: 0px; top: 0px;&quot; id=&quot;ext-gen2285&quot;&gt;&lt;/div&gt;
  (Session info: headless chrome=99.0.4844.74)
Build info: version: &#039;4.1.1&#039;, revision: &#039;e8fcc2cecf&#039;
System info: host: &#039;IE1FLTJCDCK63&#039;, ip: &#039;192.168.1.6&#039;, os.name: &#039;Windows 10&#039;, os.arch: &#039;amd64&#039;, os.version: &#039;10.0&#039;, java.version: &#039;1.8.0_321&#039;
Driver info: org.openqa.selenium.chrome.ChromeDriver
Command: [c1f2c3d5f6493d4d4f2bed6d20444a05, clickElement {id=02ae1b24-1d5b-44f4-a79f-7acb17e1b543}]
Capabilities {acceptInsecureCerts: true, browserName: chrome, browserVersion: 99.0.4844.74, chrome: {chromedriverVersion: 99.0.4844.51 (d537ec02474b5..., userDataDir: C:\Users\h455108\AppData\Lo...}, goog:chromeOptions: {debuggerAddress: localhost:55619}, javascriptEnabled: true, networkConnectionEnabled: false, pageLoadStrategy: normal, platform: WINDOWS, platformName: WINDOWS, proxy: Proxy(), se:cdp: ws://localhost:55619/devtoo..., se:cdpVersion: 99.0.4844.74, setWindowRect: true, strictFileInteractability: false, timeouts: {implicit: 0, pageLoad: 300000, script: 30000}, unhandledPromptBehavior: dismiss and notify, webauthn:extension:credBlob: true, webauthn:extension:largeBlob: true, webauthn:virtualAuthenticators: true}
Element: [[ChromeDriver: chrome on WINDOWS (c1f2c3d5f6493d4d4f2bed6d20444a05)] -&gt; xpath: (//span[contains(text(),&#039;Add command limitation rule&#039;)]//ancestor::a)[2]]
Session ID: c1f2c3d5f6493d4d4f2bed6d20444a05">
      <![CDATA[org.openqa.selenium.ElementClickInterceptedException: element click intercepted: Element <a class="x-btn x-unselectable x-box-item x-toolbar-item x-btn-default-small x-noicon x-btn-noicon x-btn-default-small-noicon" hidefocus="on" unselectable="on" id="button-1851" tabindex="0" href="#/administration/commandrules/add" target="_self" style="right: auto; top: 0px; margin: 0px; left: 1047px;">...</a> is not clickable at point (1276, 169). Other element would receive the click: <div role="presentation" class="x-mask" style="height: 800px; width: 1400px; z-index: 18996; right: auto; left: 0px; top: 0px;" id="ext-gen2285"></div>
  (Session info: headless chrome=99.0.4844.74)
Build info: version: '4.1.1', revision: 'e8fcc2cecf'
System info: host: 'IE1FLTJCDCK63', ip: '192.168.1.6', os.name: 'Windows 10', os.arch: 'amd64', os.version: '10.0', java.version: '1.8.0_321'
Driver info: org.openqa.selenium.chrome.ChromeDriver
Command: [c1f2c3d5f6493d4d4f2bed6d20444a05, clickElement {id=02ae1b24-1d5b-44f4-a79f-7acb17e1b543}]
Capabilities {acceptInsecureCerts: true, browserName: chrome, browserVersion: 99.0.4844.74, chrome: {chromedriverVersion: 99.0.4844.51 (d537ec02474b5..., userDataDir: C:\Users\h455108\AppData\Lo...}, goog:chromeOptions: {debuggerAddress: localhost:55619}, javascriptEnabled: true, networkConnectionEnabled: false, pageLoadStrategy: normal, platform: WINDOWS, platformName: WINDOWS, proxy: Proxy(), se:cdp: ws://localhost:55619/devtoo..., se:cdpVersion: 99.0.4844.74, setWindowRect: true, strictFileInteractability: false, timeouts: {implicit: 0, pageLoad: 300000, script: 30000}, unhandledPromptBehavior: dismiss and notify, webauthn:extension:credBlob: true, webauthn:extension:largeBlob: true, webauthn:virtualAuthenticators: true}
Element: [[ChromeDriver: chrome on WINDOWS (c1f2c3d5f6493d4d4f2bed6d20444a05)] -> xpath: (//span[contains(text(),'Add command limitation rule')]//ancestor::a)[2]]
Session ID: c1f2c3d5f6493d4d4f2bed6d20444a05
at sun.reflect.NativeConstructorAccessorImpl.newInstance0(Native Method)
at sun.reflect.NativeConstructorAccessorImpl.newInstance(Unknown Source)
at sun.reflect.DelegatingConstructorAccessorImpl.newInstance(Unknown Source)
at java.lang.reflect.Constructor.newInstance(Unknown Source)
at org.openqa.selenium.remote.codec.w3c.W3CHttpResponseCodec.createException(W3CHttpResponseCodec.java:200)
at org.openqa.selenium.remote.codec.w3c.W3CHttpResponseCodec.decode(W3CHttpResponseCodec.java:133)
at org.openqa.selenium.remote.codec.w3c.W3CHttpResponseCodec.decode(W3CHttpResponseCodec.java:53)
at org.openqa.selenium.remote.HttpCommandExecutor.execute(HttpCommandExecutor.java:184)
at org.openqa.selenium.remote.service.DriverCommandExecutor.invokeExecute(DriverCommandExecutor.java:167)
at org.openqa.selenium.remote.service.DriverCommandExecutor.execute(DriverCommandExecutor.java:142)
at org.openqa.selenium.remote.RemoteWebDriver.execute(RemoteWebDriver.java:543)
at org.openqa.selenium.remote.RemoteWebElement.execute(RemoteWebElement.java:251)
at org.openqa.selenium.remote.RemoteWebElement.click(RemoteWebElement.java:77)
at com.multisense.pages.DeviceCommunicationPage.CommandLimitationRulePage.clickonAddCommandLimitationRule(CommandLimitationRulePage.java:46)
at com.multisense.testcases.CommandLimitationRulesTest.AddCommadsCheckAllCategory(CommandLimitationRulesTest.java:154)
at sun.reflect.NativeMethodAccessorImpl.invoke0(Native Method)
at sun.reflect.NativeMethodAccessorImpl.invoke(Unknown Source)
at sun.reflect.DelegatingMethodAccessorImpl.invoke(Unknown Source)
at java.lang.reflect.Method.invoke(Unknown Source)
at org.testng.internal.MethodInvocationHelper.invokeMethod(MethodInvocationHelper.java:133)
at org.testng.internal.TestInvoker.invokeMethod(TestInvoker.java:598)
at org.testng.internal.TestInvoker.invokeTestMethod(TestInvoker.java:173)
at org.testng.internal.MethodRunner.runInSequence(MethodRunner.java:46)
at org.testng.internal.TestInvoker$MethodInvocationAgent.invoke(TestInvoker.java:824)
at org.testng.internal.TestInvoker.invokeTestMethods(TestInvoker.java:146)
at org.testng.internal.TestMethodWorker.invokeTestMethods(TestMethodWorker.java:146)
at org.testng.internal.TestMethodWorker.run(TestMethodWorker.java:128)
at java.util.concurrent.ThreadPoolExecutor.runWorker(Unknown Source)
at java.util.concurrent.ThreadPoolExecutor$Worker.run(Unknown Source)
at java.lang.Thread.run(Unknown Source)
]]>
    </error>
  </testcase> <!-- AddCommadsCheckAllCategory -->
  <system-out>
    <![CDATA[Starting test case Verify the Check All Category in Add Commands<br/>]]>
  </system-out>
  <testcase name="AddCommadsTest" time="1.126" classname="com.multisense.testcases.CommandLimitationRulesTest">
    <error type="org.openqa.selenium.ElementClickInterceptedException" message="element click intercepted: Element &lt;a class=&quot;x-btn x-unselectable x-box-item x-toolbar-item x-btn-default-small x-noicon x-btn-noicon x-btn-default-small-noicon&quot; hidefocus=&quot;on&quot; unselectable=&quot;on&quot; id=&quot;button-1851&quot; tabindex=&quot;0&quot; href=&quot;#/administration/commandrules/add&quot; target=&quot;_self&quot; style=&quot;right: auto; top: 0px; margin: 0px; left: 1047px;&quot;&gt;...&lt;/a&gt; is not clickable at point (1276, 169). Other element would receive the click: &lt;div role=&quot;presentation&quot; class=&quot;x-mask&quot; style=&quot;height: 800px; width: 1400px; z-index: 18996; right: auto; left: 0px; top: 0px;&quot; id=&quot;ext-gen2285&quot;&gt;&lt;/div&gt;
  (Session info: headless chrome=99.0.4844.74)
Build info: version: &#039;4.1.1&#039;, revision: &#039;e8fcc2cecf&#039;
System info: host: &#039;IE1FLTJCDCK63&#039;, ip: &#039;192.168.1.6&#039;, os.name: &#039;Windows 10&#039;, os.arch: &#039;amd64&#039;, os.version: &#039;10.0&#039;, java.version: &#039;1.8.0_321&#039;
Driver info: org.openqa.selenium.chrome.ChromeDriver
Command: [c1f2c3d5f6493d4d4f2bed6d20444a05, clickElement {id=02ae1b24-1d5b-44f4-a79f-7acb17e1b543}]
Capabilities {acceptInsecureCerts: true, browserName: chrome, browserVersion: 99.0.4844.74, chrome: {chromedriverVersion: 99.0.4844.51 (d537ec02474b5..., userDataDir: C:\Users\h455108\AppData\Lo...}, goog:chromeOptions: {debuggerAddress: localhost:55619}, javascriptEnabled: true, networkConnectionEnabled: false, pageLoadStrategy: normal, platform: WINDOWS, platformName: WINDOWS, proxy: Proxy(), se:cdp: ws://localhost:55619/devtoo..., se:cdpVersion: 99.0.4844.74, setWindowRect: true, strictFileInteractability: false, timeouts: {implicit: 0, pageLoad: 300000, script: 30000}, unhandledPromptBehavior: dismiss and notify, webauthn:extension:credBlob: true, webauthn:extension:largeBlob: true, webauthn:virtualAuthenticators: true}
Element: [[ChromeDriver: chrome on WINDOWS (c1f2c3d5f6493d4d4f2bed6d20444a05)] -&gt; xpath: (//span[contains(text(),&#039;Add command limitation rule&#039;)]//ancestor::a)[2]]
Session ID: c1f2c3d5f6493d4d4f2bed6d20444a05">
      <![CDATA[org.openqa.selenium.ElementClickInterceptedException: element click intercepted: Element <a class="x-btn x-unselectable x-box-item x-toolbar-item x-btn-default-small x-noicon x-btn-noicon x-btn-default-small-noicon" hidefocus="on" unselectable="on" id="button-1851" tabindex="0" href="#/administration/commandrules/add" target="_self" style="right: auto; top: 0px; margin: 0px; left: 1047px;">...</a> is not clickable at point (1276, 169). Other element would receive the click: <div role="presentation" class="x-mask" style="height: 800px; width: 1400px; z-index: 18996; right: auto; left: 0px; top: 0px;" id="ext-gen2285"></div>
  (Session info: headless chrome=99.0.4844.74)
Build info: version: '4.1.1', revision: 'e8fcc2cecf'
System info: host: 'IE1FLTJCDCK63', ip: '192.168.1.6', os.name: 'Windows 10', os.arch: 'amd64', os.version: '10.0', java.version: '1.8.0_321'
Driver info: org.openqa.selenium.chrome.ChromeDriver
Command: [c1f2c3d5f6493d4d4f2bed6d20444a05, clickElement {id=02ae1b24-1d5b-44f4-a79f-7acb17e1b543}]
Capabilities {acceptInsecureCerts: true, browserName: chrome, browserVersion: 99.0.4844.74, chrome: {chromedriverVersion: 99.0.4844.51 (d537ec02474b5..., userDataDir: C:\Users\h455108\AppData\Lo...}, goog:chromeOptions: {debuggerAddress: localhost:55619}, javascriptEnabled: true, networkConnectionEnabled: false, pageLoadStrategy: normal, platform: WINDOWS, platformName: WINDOWS, proxy: Proxy(), se:cdp: ws://localhost:55619/devtoo..., se:cdpVersion: 99.0.4844.74, setWindowRect: true, strictFileInteractability: false, timeouts: {implicit: 0, pageLoad: 300000, script: 30000}, unhandledPromptBehavior: dismiss and notify, webauthn:extension:credBlob: true, webauthn:extension:largeBlob: true, webauthn:virtualAuthenticators: true}
Element: [[ChromeDriver: chrome on WINDOWS (c1f2c3d5f6493d4d4f2bed6d20444a05)] -> xpath: (//span[contains(text(),'Add command limitation rule')]//ancestor::a)[2]]
Session ID: c1f2c3d5f6493d4d4f2bed6d20444a05
at sun.reflect.NativeConstructorAccessorImpl.newInstance0(Native Method)
at sun.reflect.NativeConstructorAccessorImpl.newInstance(Unknown Source)
at sun.reflect.DelegatingConstructorAccessorImpl.newInstance(Unknown Source)
at java.lang.reflect.Constructor.newInstance(Unknown Source)
at org.openqa.selenium.remote.codec.w3c.W3CHttpResponseCodec.createException(W3CHttpResponseCodec.java:200)
at org.openqa.selenium.remote.codec.w3c.W3CHttpResponseCodec.decode(W3CHttpResponseCodec.java:133)
at org.openqa.selenium.remote.codec.w3c.W3CHttpResponseCodec.decode(W3CHttpResponseCodec.java:53)
at org.openqa.selenium.remote.HttpCommandExecutor.execute(HttpCommandExecutor.java:184)
at org.openqa.selenium.remote.service.DriverCommandExecutor.invokeExecute(DriverCommandExecutor.java:167)
at org.openqa.selenium.remote.service.DriverCommandExecutor.execute(DriverCommandExecutor.java:142)
at org.openqa.selenium.remote.RemoteWebDriver.execute(RemoteWebDriver.java:543)
at org.openqa.selenium.remote.RemoteWebElement.execute(RemoteWebElement.java:251)
at org.openqa.selenium.remote.RemoteWebElement.click(RemoteWebElement.java:77)
at com.multisense.pages.DeviceCommunicationPage.CommandLimitationRulePage.clickonAddCommandLimitationRule(CommandLimitationRulePage.java:46)
at com.multisense.testcases.CommandLimitationRulesTest.AddCommadsTest(CommandLimitationRulesTest.java:183)
at sun.reflect.NativeMethodAccessorImpl.invoke0(Native Method)
at sun.reflect.NativeMethodAccessorImpl.invoke(Unknown Source)
at sun.reflect.DelegatingMethodAccessorImpl.invoke(Unknown Source)
at java.lang.reflect.Method.invoke(Unknown Source)
at org.testng.internal.MethodInvocationHelper.invokeMethod(MethodInvocationHelper.java:133)
at org.testng.internal.TestInvoker.invokeMethod(TestInvoker.java:598)
at org.testng.internal.TestInvoker.invokeTestMethod(TestInvoker.java:173)
at org.testng.internal.MethodRunner.runInSequence(MethodRunner.java:46)
at org.testng.internal.TestInvoker$MethodInvocationAgent.invoke(TestInvoker.java:824)
at org.testng.internal.TestInvoker.invokeTestMethods(TestInvoker.java:146)
at org.testng.internal.TestMethodWorker.invokeTestMethods(TestMethodWorker.java:146)
at org.testng.internal.TestMethodWorker.run(TestMethodWorker.java:128)
at java.util.concurrent.ThreadPoolExecutor.runWorker(Unknown Source)
at java.util.concurrent.ThreadPoolExecutor$Worker.run(Unknown Source)
at java.lang.Thread.run(Unknown Source)
]]>
    </error>
  </testcase> <!-- AddCommadsTest -->
  <system-out>
    <![CDATA[Starting test case Verify the Check All Category in Add Commands<br/>]]>
  </system-out>
</testsuite> <!-- com.multisense.testcases.CommandLimitationRulesTest -->
