<?xml version="1.0" encoding="UTF-8"?>
<!-- Generated by org.testng.reporters.JUnitReportReporter -->
<testsuite skipped="0" hostname="IE1FLTJCDCK63" name="com.DevicesAndSearch.testcases.MultisenseAdvanceSearchTest" tests="43" failures="1" timestamp="2022-03-19T23:47:02 IST" time="18071.053" errors="1">
  <testcase name="PerformMRIDSearch" time="263.382" classname="com.DevicesAndSearch.testcases.MultisenseAdvanceSearchTest"/>
  <system-out>
    <![CDATA[Starting testcase : Performing Search Test on MRID Field<br/>
Starting BeforeMethod : click on search field<br/>]]>
  </system-out>
  <testcase name="PerformMRIDSearch" time="263.502" classname="com.DevicesAndSearch.testcases.MultisenseAdvanceSearchTest"/>
  <system-out>
    <![CDATA[Starting testcase : Performing Search Test on MRID Field<br/>
Starting BeforeMethod : click on search field<br/>]]>
  </system-out>
  <testcase name="PerformMRIDSearch" time="264.700" classname="com.DevicesAndSearch.testcases.MultisenseAdvanceSearchTest"/>
  <system-out>
    <![CDATA[Starting testcase : Performing Search Test on MRID Field<br/>
Starting BeforeMethod : click on search field<br/>]]>
  </system-out>
  <testcase name="PerformConnectionMethodSearch" time="430.458" classname="com.DevicesAndSearch.testcases.MultisenseAdvanceSearchTest"/>
  <system-out>
    <![CDATA[Starting testcase : Performing Search Test on Connection Method Field<br/>]]>
  </system-out>
  <testcase name="PerformConnectionMethodSearch" time="442.196" classname="com.DevicesAndSearch.testcases.MultisenseAdvanceSearchTest"/>
  <system-out>
    <![CDATA[Starting testcase : Performing Search Test on Connection Method Field<br/>]]>
  </system-out>
  <testcase name="PerformSharedScheduleSearch" time="443.545" classname="com.DevicesAndSearch.testcases.MultisenseAdvanceSearchTest"/>
  <system-out>
    <![CDATA[Starting testcase : Performing Search Test on 'Shared schedule' Field<br/>]]>
  </system-out>
  <testcase name="PerformSharedScheduleSearch" time="458.050" classname="com.DevicesAndSearch.testcases.MultisenseAdvanceSearchTest"/>
  <system-out>
    <![CDATA[Starting testcase : Performing Search Test on 'Shared schedule' Field<br/>]]>
  </system-out>
  <testcase name="PerformChannelIntervalSearch" time="452.118" classname="com.DevicesAndSearch.testcases.MultisenseAdvanceSearchTest"/>
  <system-out>
    <![CDATA[Starting testcase : Performing Search Test on 'Channel-Interval' Field<br/>]]>
  </system-out>
  <testcase name="PerformChannelIntervalSearch" time="455.337" classname="com.DevicesAndSearch.testcases.MultisenseAdvanceSearchTest"/>
  <system-out>
    <![CDATA[Starting testcase : Performing Search Test on 'Channel-Interval' Field<br/>]]>
  </system-out>
  <testcase name="PerformChannelOBISCodeSearch" time="560.656" classname="com.DevicesAndSearch.testcases.MultisenseAdvanceSearchTest"/>
  <system-out>
    <![CDATA[Starting testcase : Performing Search Test on 'Channel-OBIS Code' Field<br/>]]>
  </system-out>
  <testcase name="PerformCommunicationTaskNameSearch" time="459.545" classname="com.DevicesAndSearch.testcases.MultisenseAdvanceSearchTest"/>
  <system-out>
    <![CDATA[Starting testcase : Performing Search Test on 'CommunicationTask-Name' Field<br/>]]>
  </system-out>
  <testcase name="PerformCommunicationTaskNameSearch" time="462.219" classname="com.DevicesAndSearch.testcases.MultisenseAdvanceSearchTest"/>
  <system-out>
    <![CDATA[Starting testcase : Performing Search Test on 'CommunicationTask-Name' Field<br/>]]>
  </system-out>
  <testcase name="PerformCommunicationTaskNextCommunicationSearch" time="440.026" classname="com.DevicesAndSearch.testcases.MultisenseAdvanceSearchTest"/>
  <system-out>
    <![CDATA[Starting testcase : Performing Search Test on 'CommunicationTas-NextCommunication' Field<br/>]]>
  </system-out>
  <testcase name="PerformCommunicationTaskScheduleNameSearch" time="457.162" classname="com.DevicesAndSearch.testcases.MultisenseAdvanceSearchTest"/>
  <system-out>
    <![CDATA[Starting testcase : Performing Search Test on 'CommunicationTas-ScheduleName' Field<br/>]]>
  </system-out>
  <testcase name="PerformCommunicationTaskScheduleNameSearch" time="457.195" classname="com.DevicesAndSearch.testcases.MultisenseAdvanceSearchTest"/>
  <system-out>
    <![CDATA[Starting testcase : Performing Search Test on 'CommunicationTas-ScheduleName' Field<br/>]]>
  </system-out>
  <testcase name="PerformCommunicationTaskScheduleTypeSearch" time="264.119" classname="com.DevicesAndSearch.testcases.MultisenseAdvanceSearchTest">
    <failure type="java.lang.AssertionError" message="expected:&lt;true&gt; but was:&lt;false&gt;">
      <![CDATA[java.lang.AssertionError: expected:<true> but was:<false>
at org.testng.AssertJUnit.fail(AssertJUnit.java:65)
at org.testng.AssertJUnit.failNotEquals(AssertJUnit.java:468)
at org.testng.AssertJUnit.assertEquals(AssertJUnit.java:88)
at org.testng.AssertJUnit.assertEquals(AssertJUnit.java:230)
at org.testng.AssertJUnit.assertEquals(AssertJUnit.java:240)
at com.DevicesAndSearch.testcases.MultisenseAdvanceSearchTest.PerformCommunicationTaskScheduleTypeSearch(MultisenseAdvanceSearchTest.java:420)
at sun.reflect.NativeMethodAccessorImpl.invoke0(Native Method)
at sun.reflect.NativeMethodAccessorImpl.invoke(Unknown Source)
at sun.reflect.DelegatingMethodAccessorImpl.invoke(Unknown Source)
at java.lang.reflect.Method.invoke(Unknown Source)
at org.testng.internal.MethodInvocationHelper.invokeMethod(MethodInvocationHelper.java:133)
at org.testng.internal.TestInvoker.invokeMethod(TestInvoker.java:598)
at org.testng.internal.TestInvoker.invokeTestMethod(TestInvoker.java:173)
at org.testng.internal.MethodRunner.runInSequence(MethodRunner.java:46)
at org.testng.internal.TestInvoker$MethodInvocationAgent.invoke(TestInvoker.java:824)
at org.testng.internal.TestInvoker.invokeTestMethods(TestInvoker.java:146)
at org.testng.internal.TestMethodWorker.invokeTestMethods(TestMethodWorker.java:146)
at org.testng.internal.TestMethodWorker.run(TestMethodWorker.java:128)
at java.util.concurrent.ThreadPoolExecutor.runWorker(Unknown Source)
at java.util.concurrent.ThreadPoolExecutor$Worker.run(Unknown Source)
at java.lang.Thread.run(Unknown Source)
]]>
    </failure>
  </testcase> <!-- PerformCommunicationTaskScheduleTypeSearch -->
  <system-out>
    <![CDATA[Starting testcase : Performing Search Test on 'CommunicationTask-ScheduleType' Field<br/>]]>
  </system-out>
  <testcase name="PerformCommunicationTaskScheduleTypeSearch" time="533.812" classname="com.DevicesAndSearch.testcases.MultisenseAdvanceSearchTest"/>
  <system-out>
    <![CDATA[Starting testcase : Performing Search Test on 'CommunicationTask-ScheduleType' Field<br/>]]>
  </system-out>
  <testcase name="PerformCommunicationTaskPlannedDateSearch" time="442.731" classname="com.DevicesAndSearch.testcases.MultisenseAdvanceSearchTest"/>
  <system-out>
    <![CDATA[Starting testcase : Performing Search Test on 'CommunicationTask-PlannedDate' Field<br/>]]>
  </system-out>
  <testcase name="PerformConnectionAllowSimulataneousConnectionSearch" time="420.390" classname="com.DevicesAndSearch.testcases.MultisenseAdvanceSearchTest"/>
  <system-out>
    <![CDATA[Starting testcase : Performing Search Test on 'Connection AllowSimulataneousConnection' Field<br/>]]>
  </system-out>
  <testcase name="PerformConnectionAllowSimulataneousConnectionSearch" time="90.503" classname="com.DevicesAndSearch.testcases.MultisenseAdvanceSearchTest"/>
  <system-out>
    <![CDATA[Starting testcase : Performing Search Test on 'Connection AllowSimulataneousConnection' Field<br/>]]>
  </system-out>
  <testcase name="PerformConnectionCommunicationPortPoolSearch" time="478.943" classname="com.DevicesAndSearch.testcases.MultisenseAdvanceSearchTest"/>
  <system-out>
    <![CDATA[Starting testcase : Performing Search Test on 'Connection CommunicationPortPool' Field<br/>]]>
  </system-out>
  <testcase name="PerformConnectionCommunicationPortPoolSearch" time="498.626" classname="com.DevicesAndSearch.testcases.MultisenseAdvanceSearchTest"/>
  <system-out>
    <![CDATA[Starting testcase : Performing Search Test on 'Connection CommunicationPortPool' Field<br/>]]>
  </system-out>
  <testcase name="PerformConnectionDirectionSearch" time="474.963" classname="com.DevicesAndSearch.testcases.MultisenseAdvanceSearchTest"/>
  <system-out>
    <![CDATA[Starting testcase : Performing Search Test on 'Connection Direction' Field<br/>]]>
  </system-out>
  <testcase name="PerformConnectionDirectionSearch" time="464.864" classname="com.DevicesAndSearch.testcases.MultisenseAdvanceSearchTest"/>
  <system-out>
    <![CDATA[Starting testcase : Performing Search Test on 'Connection Direction' Field<br/>]]>
  </system-out>
  <testcase name="PerformConnectionNameSearch" time="481.449" classname="com.DevicesAndSearch.testcases.MultisenseAdvanceSearchTest"/>
  <system-out>
    <![CDATA[Starting testcase : Performing Search Test on 'Connection Name' Field<br/>]]>
  </system-out>
  <testcase name="PerformConnectionStatusSearch" time="138.496" classname="com.DevicesAndSearch.testcases.MultisenseAdvanceSearchTest"/>
  <system-out>
    <![CDATA[Starting testcase : Performing Search Test on 'Connection Status' Field<br/>]]>
  </system-out>
  <testcase name="PerformConnectionStatusSearch" time="484.597" classname="com.DevicesAndSearch.testcases.MultisenseAdvanceSearchTest"/>
  <system-out>
    <![CDATA[Starting testcase : Performing Search Test on 'Connection Status' Field<br/>]]>
  </system-out>
  <testcase name="PerformDeviceAttributesManufacturerSearch" time="232.848" classname="com.DevicesAndSearch.testcases.MultisenseAdvanceSearchTest"/>
  <system-out>
    <![CDATA[Starting testcase : Performing Search Test on 'Device Attributes Manufacturer' Field<br/>]]>
  </system-out>
  <testcase name="PerformDeviceAttributesModelNumberSearch" time="235.598" classname="com.DevicesAndSearch.testcases.MultisenseAdvanceSearchTest"/>
  <system-out>
    <![CDATA[Starting testcase : Performing Search Test on 'Device Attributes Model Number' Field<br/>]]>
  </system-out>
  <testcase name="PerformDeviceAttributesModelversionSearch" time="391.990" classname="com.DevicesAndSearch.testcases.MultisenseAdvanceSearchTest"/>
  <system-out>
    <![CDATA[Starting testcase : Performing Search Test on 'Device Attributes Model version' Field<br/>]]>
  </system-out>
  <testcase name="PerformDeviceAttributesYrOfCertificationSearch" time="395.970" classname="com.DevicesAndSearch.testcases.MultisenseAdvanceSearchTest"/>
  <system-out>
    <![CDATA[Starting testcase : Performing Search Test on 'Device Attributes Year of certification' Field<br/>]]>
  </system-out>
  <testcase name="PerformEstimationDataestimationSearch" time="540.310" classname="com.DevicesAndSearch.testcases.MultisenseAdvanceSearchTest"/>
  <system-out>
    <![CDATA[Starting testcase : Performing Search Test on 'Estimation Data estimation' Field<br/>]]>
  </system-out>
  <testcase name="PerformloadprofileNameSearch" time="468.001" classname="com.DevicesAndSearch.testcases.MultisenseAdvanceSearchTest"/>
  <system-out>
    <![CDATA[Starting testcase : Performing Search Test on 'Load profile Name' Field<br/>]]>
  </system-out>
  <testcase name="PerformLogbookNameSearch" time="489.176" classname="com.DevicesAndSearch.testcases.MultisenseAdvanceSearchTest"/>
  <system-out>
    <![CDATA[Starting testcase : Performing Search Test on 'Logbook Name' Field<br/>]]>
  </system-out>
  <testcase name="PerformLogbookOBIScodeSearch" time="466.240" classname="com.DevicesAndSearch.testcases.MultisenseAdvanceSearchTest"/>
  <system-out>
    <![CDATA[Starting testcase : Performing Search Test on 'Logbook OBISCode' Field<br/>]]>
  </system-out>
  <testcase name="PerformRegisterOBIScodeSearch" time="539.763" classname="com.DevicesAndSearch.testcases.MultisenseAdvanceSearchTest"/>
  <system-out>
    <![CDATA[Starting testcase : Performing Search Test on 'Register OBISCode' Field<br/>]]>
  </system-out>
  <testcase name="PerformRegisterRegisterTypeNameSearch" time="465.879" classname="com.DevicesAndSearch.testcases.MultisenseAdvanceSearchTest"/>
  <system-out>
    <![CDATA[Starting testcase : Performing Search Test on 'Register RegisterTypeName' Field<br/>]]>
  </system-out>
  <testcase name="PerformRegisterRegisterTypeUnitofMeasureSearch" time="673.189" classname="com.DevicesAndSearch.testcases.MultisenseAdvanceSearchTest"/>
  <system-out>
    <![CDATA[Starting testcase : Performing Search Test on 'Register RegisterType Unit of measure' Field<br/>]]>
  </system-out>
  <testcase name="PerformSecurityHasServiceKeySearch" time="432.588" classname="com.DevicesAndSearch.testcases.MultisenseAdvanceSearchTest"/>
  <system-out>
    <![CDATA[Starting testcase : Performing Search Test on 'Security Has Service Key' Field<br/>]]>
  </system-out>
  <testcase name="PerformTopologyHasMasterDeviceSearch" time="491.414" classname="com.DevicesAndSearch.testcases.MultisenseAdvanceSearchTest"/>
  <system-out>
    <![CDATA[Starting testcase : Performing Search Test on 'Topology HasMasterDevice' Field<br/>]]>
  </system-out>
  <testcase name="PerformTopologySlaveDeviceSearch" time="399.463" classname="com.DevicesAndSearch.testcases.MultisenseAdvanceSearchTest">
    <error type="org.openqa.selenium.NoSuchElementException" message="no such element: Unable to locate element: {&quot;method&quot;:&quot;xpath&quot;,&quot;selector&quot;:&quot;//div[@class=&#039;x-grid-view x-fit-item x-grid-view-default&#039;]//tr[10]/td[1]/div/a&quot;}
  (Session info: headless chrome=99.0.4844.74)
For documentation on this error, please visit: https://selenium.dev/exceptions/#no_such_element
Build info: version: &#039;4.1.1&#039;, revision: &#039;e8fcc2cecf&#039;
System info: host: &#039;IE1FLTJCDCK63&#039;, ip: &#039;192.168.1.6&#039;, os.name: &#039;Windows 10&#039;, os.arch: &#039;amd64&#039;, os.version: &#039;10.0&#039;, java.version: &#039;1.8.0_321&#039;
Driver info: org.openqa.selenium.chrome.ChromeDriver
Command: [b03abcddd5ec0ebad1a7b2a424e2b550, findElement {using=xpath, value=//div[@class=&#039;x-grid-view x-fit-item x-grid-view-default&#039;]//tr[10]/td[1]/div/a}]
Capabilities {acceptInsecureCerts: true, browserName: chrome, browserVersion: 99.0.4844.74, chrome: {chromedriverVersion: 99.0.4844.51 (d537ec02474b5..., userDataDir: C:\Users\h455108\AppData\Lo...}, goog:chromeOptions: {debuggerAddress: localhost:55621}, javascriptEnabled: true, networkConnectionEnabled: false, pageLoadStrategy: normal, platform: WINDOWS, platformName: WINDOWS, proxy: Proxy(), se:cdp: ws://localhost:55621/devtoo..., se:cdpVersion: 99.0.4844.74, setWindowRect: true, strictFileInteractability: false, timeouts: {implicit: 0, pageLoad: 300000, script: 30000}, unhandledPromptBehavior: dismiss and notify, webauthn:extension:credBlob: true, webauthn:extension:largeBlob: true, webauthn:virtualAuthenticators: true}
Session ID: b03abcddd5ec0ebad1a7b2a424e2b550">
      <![CDATA[org.openqa.selenium.NoSuchElementException: no such element: Unable to locate element: {"method":"xpath","selector":"//div[@class='x-grid-view x-fit-item x-grid-view-default']//tr[10]/td[1]/div/a"}
  (Session info: headless chrome=99.0.4844.74)
For documentation on this error, please visit: https://selenium.dev/exceptions/#no_such_element
Build info: version: '4.1.1', revision: 'e8fcc2cecf'
System info: host: 'IE1FLTJCDCK63', ip: '192.168.1.6', os.name: 'Windows 10', os.arch: 'amd64', os.version: '10.0', java.version: '1.8.0_321'
Driver info: org.openqa.selenium.chrome.ChromeDriver
Command: [b03abcddd5ec0ebad1a7b2a424e2b550, findElement {using=xpath, value=//div[@class='x-grid-view x-fit-item x-grid-view-default']//tr[10]/td[1]/div/a}]
Capabilities {acceptInsecureCerts: true, browserName: chrome, browserVersion: 99.0.4844.74, chrome: {chromedriverVersion: 99.0.4844.51 (d537ec02474b5..., userDataDir: C:\Users\h455108\AppData\Lo...}, goog:chromeOptions: {debuggerAddress: localhost:55621}, javascriptEnabled: true, networkConnectionEnabled: false, pageLoadStrategy: normal, platform: WINDOWS, platformName: WINDOWS, proxy: Proxy(), se:cdp: ws://localhost:55621/devtoo..., se:cdpVersion: 99.0.4844.74, setWindowRect: true, strictFileInteractability: false, timeouts: {implicit: 0, pageLoad: 300000, script: 30000}, unhandledPromptBehavior: dismiss and notify, webauthn:extension:credBlob: true, webauthn:extension:largeBlob: true, webauthn:virtualAuthenticators: true}
Session ID: b03abcddd5ec0ebad1a7b2a424e2b550
at sun.reflect.GeneratedConstructorAccessor41.newInstance(Unknown Source)
at sun.reflect.DelegatingConstructorAccessorImpl.newInstance(Unknown Source)
at java.lang.reflect.Constructor.newInstance(Unknown Source)
at org.openqa.selenium.remote.codec.w3c.W3CHttpResponseCodec.createException(W3CHttpResponseCodec.java:200)
at org.openqa.selenium.remote.codec.w3c.W3CHttpResponseCodec.decode(W3CHttpResponseCodec.java:133)
at org.openqa.selenium.remote.codec.w3c.W3CHttpResponseCodec.decode(W3CHttpResponseCodec.java:53)
at org.openqa.selenium.remote.HttpCommandExecutor.execute(HttpCommandExecutor.java:184)
at org.openqa.selenium.remote.service.DriverCommandExecutor.invokeExecute(DriverCommandExecutor.java:167)
at org.openqa.selenium.remote.service.DriverCommandExecutor.execute(DriverCommandExecutor.java:142)
at org.openqa.selenium.remote.RemoteWebDriver.execute(RemoteWebDriver.java:543)
at org.openqa.selenium.remote.ElementLocation$ElementFinder$2.findElement(ElementLocation.java:162)
at org.openqa.selenium.remote.ElementLocation.findElement(ElementLocation.java:60)
at org.openqa.selenium.remote.RemoteWebDriver.findElement(RemoteWebDriver.java:367)
at org.openqa.selenium.remote.RemoteWebDriver.findElement(RemoteWebDriver.java:359)
at com.DevicesAndSearch.pages.Search.MultisenseSearchPage.OpenDevicePage(MultisenseSearchPage.java:827)
at com.DevicesAndSearch.pages.Search.MultisenseSearchPage.ValidateAdvSearchFromDevPage(MultisenseSearchPage.java:1344)
at com.DevicesAndSearch.pages.Search.MultisenseSearchPage.ValidateAdvanceSearch(MultisenseSearchPage.java:1130)
at com.DevicesAndSearch.testcases.MultisenseAdvanceSearchTest.PerformTopologySlaveDeviceSearch(MultisenseAdvanceSearchTest.java:937)
at sun.reflect.NativeMethodAccessorImpl.invoke0(Native Method)
at sun.reflect.NativeMethodAccessorImpl.invoke(Unknown Source)
at sun.reflect.DelegatingMethodAccessorImpl.invoke(Unknown Source)
at java.lang.reflect.Method.invoke(Unknown Source)
at org.testng.internal.MethodInvocationHelper.invokeMethod(MethodInvocationHelper.java:133)
at org.testng.internal.TestInvoker.invokeMethod(TestInvoker.java:598)
at org.testng.internal.TestInvoker.invokeTestMethod(TestInvoker.java:173)
at org.testng.internal.MethodRunner.runInSequence(MethodRunner.java:46)
at org.testng.internal.TestInvoker$MethodInvocationAgent.invoke(TestInvoker.java:824)
at org.testng.internal.TestInvoker.invokeTestMethods(TestInvoker.java:146)
at org.testng.internal.TestMethodWorker.invokeTestMethods(TestMethodWorker.java:146)
at org.testng.internal.TestMethodWorker.run(TestMethodWorker.java:128)
at java.util.concurrent.ThreadPoolExecutor.runWorker(Unknown Source)
at java.util.concurrent.ThreadPoolExecutor$Worker.run(Unknown Source)
at java.lang.Thread.run(Unknown Source)
]]>
    </error>
  </testcase> <!-- PerformTopologySlaveDeviceSearch -->
  <system-out>
    <![CDATA[Starting testcase : Performing Search Test on 'Topology SlaveDevice' Field<br/>]]>
  </system-out>
  <testcase name="PerformTransitionsInstallationdateSearch" time="385.600" classname="com.DevicesAndSearch.testcases.MultisenseAdvanceSearchTest"/>
  <system-out>
    <![CDATA[Starting testcase : Performing Search Test on 'Transition Installationdate' Field<br/>]]>
  </system-out>
  <testcase name="PerformTransitionShipmentdateSearch" time="379.439" classname="com.DevicesAndSearch.testcases.MultisenseAdvanceSearchTest"/>
  <system-out>
    <![CDATA[Starting testcase : Performing Search Test on 'Transition Shipmentdate' Field<br/>]]>
  </system-out>
</testsuite> <!-- com.DevicesAndSearch.testcases.MultisenseAdvanceSearchTest -->
