<?xml version="1.0" encoding="UTF-8"?>
<!-- Generated by org.testng.reporters.JUnitReportReporter -->
<testsuite skipped="0" hostname="IE1FLTJCDCK63" name="com.Workspace.testcases.IssuesSelectionTest" tests="43" failures="0" timestamp="2022-03-19T23:47:02 IST" time="802.604" errors="1">
  <testcase name="verifyNavigationToIssuesPage" time="98.202" classname="com.Workspace.testcases.IssuesSelectionTest"/>
  <system-out>
    <![CDATA[Starting testcase Verify Navigation to Workspace Issues page<br/>]]>
  </system-out>
  <testcase name="clickwrkissdevdd" time="6.846" classname="com.Workspace.testcases.IssuesSelectionTest"/>
  <system-out/>
  <testcase name="clickwrkissduedtdd" time="16.344" classname="com.Workspace.testcases.IssuesSelectionTest"/>
  <system-out/>
  <testcase name="clickwrktypedd" time="14.905" classname="com.Workspace.testcases.IssuesSelectionTest"/>
  <system-out/>
  <testcase name="clickwrkgrdd" time="16.240" classname="com.Workspace.testcases.IssuesSelectionTest"/>
  <system-out/>
  <testcase name="clickusrdd" time="12.334" classname="com.Workspace.testcases.IssuesSelectionTest"/>
  <system-out/>
  <testcase name="clickstatusbwdd" time="20.052" classname="com.Workspace.testcases.IssuesSelectionTest"/>
  <system-out/>
  <testcase name="clickreasonissdd" time="11.772" classname="com.Workspace.testcases.IssuesSelectionTest"/>
  <system-out/>
  <testcase name="clickpriorsort" time="7.914" classname="com.Workspace.testcases.IssuesSelectionTest"/>
  <system-out/>
  <testcase name="clicksort" time="4.009" classname="com.Workspace.testcases.IssuesSelectionTest"/>
  <system-out/>
  <testcase name="clickrmsort" time="6.042" classname="com.Workspace.testcases.IssuesSelectionTest"/>
  <system-out/>
  <testcase name="clickdwnld" time="5.312" classname="com.Workspace.testcases.IssuesSelectionTest"/>
  <system-out/>
  <testcase name="clickbulkactions" time="3.571" classname="com.Workspace.testcases.IssuesSelectionTest"/>
  <system-out/>
  <testcase name="clickbulkactionssel" time="9.026" classname="com.Workspace.testcases.IssuesSelectionTest"/>
  <system-out/>
  <testcase name="clickbulkactionsselone" time="15.255" classname="com.Workspace.testcases.IssuesSelectionTest"/>
  <system-out/>
  <testcase name="clickbulkactionsselalrmactassign" time="11.679" classname="com.Workspace.testcases.IssuesSelectionTest"/>
  <system-out/>
  <testcase name="clickbulkactionsselissactclsalrm" time="46.255" classname="com.Workspace.testcases.IssuesSelectionTest"/>
  <system-out/>
  <testcase name="clickbulkactionsselissactRetrycommtask" time="35.997" classname="com.Workspace.testcases.IssuesSelectionTest"/>
  <system-out/>
  <testcase name="clickbulkactionsselissactRetrycommtasknow" time="35.292" classname="com.Workspace.testcases.IssuesSelectionTest"/>
  <system-out/>
  <testcase name="clickbulkactionsselissactRetryconnection" time="37.395" classname="com.Workspace.testcases.IssuesSelectionTest"/>
  <system-out/>
  <testcase name="clickbulkactionsselissactsetprio" time="36.375" classname="com.Workspace.testcases.IssuesSelectionTest"/>
  <system-out/>
  <testcase name="clickbulkactionsselissactsnz" time="42.823" classname="com.Workspace.testcases.IssuesSelectionTest"/>
  <system-out/>
  <testcase name="clickbulkactionsselall" time="46.910" classname="com.Workspace.testcases.IssuesSelectionTest">
    <error type="org.openqa.selenium.NoSuchElementException" message="no such element: Unable to locate element: {&quot;method&quot;:&quot;xpath&quot;,&quot;selector&quot;:&quot;//span[text()=&#039;Finish&#039;]//ancestor::a&quot;}
  (Session info: headless chrome=99.0.4844.74)
For documentation on this error, please visit: https://selenium.dev/exceptions/#no_such_element
Build info: version: &#039;4.1.1&#039;, revision: &#039;e8fcc2cecf&#039;
System info: host: &#039;IE1FLTJCDCK63&#039;, ip: &#039;192.168.1.6&#039;, os.name: &#039;Windows 10&#039;, os.arch: &#039;amd64&#039;, os.version: &#039;10.0&#039;, java.version: &#039;1.8.0_321&#039;
Driver info: org.openqa.selenium.chrome.ChromeDriver
Command: [82b169242be9a9b9e16fe46d7d7bc1b6, findElement {using=xpath, value=//span[text()=&#039;Finish&#039;]//ancestor::a}]
Capabilities {acceptInsecureCerts: true, browserName: chrome, browserVersion: 99.0.4844.74, chrome: {chromedriverVersion: 99.0.4844.51 (d537ec02474b5..., userDataDir: C:\Users\h455108\AppData\Lo...}, goog:chromeOptions: {debuggerAddress: localhost:63678}, javascriptEnabled: true, networkConnectionEnabled: false, pageLoadStrategy: normal, platform: WINDOWS, platformName: WINDOWS, proxy: Proxy(), se:cdp: ws://localhost:63678/devtoo..., se:cdpVersion: 99.0.4844.74, setWindowRect: true, strictFileInteractability: false, timeouts: {implicit: 0, pageLoad: 300000, script: 30000}, unhandledPromptBehavior: dismiss and notify, webauthn:extension:credBlob: true, webauthn:extension:largeBlob: true, webauthn:virtualAuthenticators: true}
Session ID: 82b169242be9a9b9e16fe46d7d7bc1b6">
      <![CDATA[org.openqa.selenium.NoSuchElementException: no such element: Unable to locate element: {"method":"xpath","selector":"//span[text()='Finish']//ancestor::a"}
  (Session info: headless chrome=99.0.4844.74)
For documentation on this error, please visit: https://selenium.dev/exceptions/#no_such_element
Build info: version: '4.1.1', revision: 'e8fcc2cecf'
System info: host: 'IE1FLTJCDCK63', ip: '192.168.1.6', os.name: 'Windows 10', os.arch: 'amd64', os.version: '10.0', java.version: '1.8.0_321'
Driver info: org.openqa.selenium.chrome.ChromeDriver
Command: [82b169242be9a9b9e16fe46d7d7bc1b6, findElement {using=xpath, value=//span[text()='Finish']//ancestor::a}]
Capabilities {acceptInsecureCerts: true, browserName: chrome, browserVersion: 99.0.4844.74, chrome: {chromedriverVersion: 99.0.4844.51 (d537ec02474b5..., userDataDir: C:\Users\h455108\AppData\Lo...}, goog:chromeOptions: {debuggerAddress: localhost:63678}, javascriptEnabled: true, networkConnectionEnabled: false, pageLoadStrategy: normal, platform: WINDOWS, platformName: WINDOWS, proxy: Proxy(), se:cdp: ws://localhost:63678/devtoo..., se:cdpVersion: 99.0.4844.74, setWindowRect: true, strictFileInteractability: false, timeouts: {implicit: 0, pageLoad: 300000, script: 30000}, unhandledPromptBehavior: dismiss and notify, webauthn:extension:credBlob: true, webauthn:extension:largeBlob: true, webauthn:virtualAuthenticators: true}
Session ID: 82b169242be9a9b9e16fe46d7d7bc1b6
at sun.reflect.GeneratedConstructorAccessor41.newInstance(Unknown Source)
at sun.reflect.DelegatingConstructorAccessorImpl.newInstance(Unknown Source)
at java.lang.reflect.Constructor.newInstance(Unknown Source)
at org.openqa.selenium.remote.codec.w3c.W3CHttpResponseCodec.createException(W3CHttpResponseCodec.java:200)
at org.openqa.selenium.remote.codec.w3c.W3CHttpResponseCodec.decode(W3CHttpResponseCodec.java:133)
at org.openqa.selenium.remote.codec.w3c.W3CHttpResponseCodec.decode(W3CHttpResponseCodec.java:53)
at org.openqa.selenium.remote.HttpCommandExecutor.execute(HttpCommandExecutor.java:184)
at org.openqa.selenium.remote.service.DriverCommandExecutor.invokeExecute(DriverCommandExecutor.java:167)
at org.openqa.selenium.remote.service.DriverCommandExecutor.execute(DriverCommandExecutor.java:142)
at org.openqa.selenium.remote.RemoteWebDriver.execute(RemoteWebDriver.java:543)
at org.openqa.selenium.remote.ElementLocation$ElementFinder$2.findElement(ElementLocation.java:162)
at org.openqa.selenium.remote.ElementLocation.findElement(ElementLocation.java:60)
at org.openqa.selenium.remote.RemoteWebDriver.findElement(RemoteWebDriver.java:367)
at org.openqa.selenium.remote.RemoteWebDriver.findElement(RemoteWebDriver.java:359)
at com.Workspace.testcases.IssuesSelectionTest.clickbulkactionsselall(IssuesSelectionTest.java:1011)
at sun.reflect.NativeMethodAccessorImpl.invoke0(Native Method)
at sun.reflect.NativeMethodAccessorImpl.invoke(Unknown Source)
at sun.reflect.DelegatingMethodAccessorImpl.invoke(Unknown Source)
at java.lang.reflect.Method.invoke(Unknown Source)
at org.testng.internal.MethodInvocationHelper.invokeMethod(MethodInvocationHelper.java:133)
at org.testng.internal.TestInvoker.invokeMethod(TestInvoker.java:598)
at org.testng.internal.TestInvoker.invokeTestMethod(TestInvoker.java:173)
at org.testng.internal.MethodRunner.runInSequence(MethodRunner.java:46)
at org.testng.internal.TestInvoker$MethodInvocationAgent.invoke(TestInvoker.java:824)
at org.testng.internal.TestInvoker.invokeTestMethods(TestInvoker.java:146)
at org.testng.internal.TestMethodWorker.invokeTestMethods(TestMethodWorker.java:146)
at org.testng.internal.TestMethodWorker.run(TestMethodWorker.java:128)
at java.util.concurrent.ThreadPoolExecutor.runWorker(Unknown Source)
at java.util.concurrent.ThreadPoolExecutor$Worker.run(Unknown Source)
at java.lang.Thread.run(Unknown Source)
]]>
    </error>
  </testcase> <!-- clickbulkactionsselall -->
  <system-out/>
  <testcase name="clickbulkactionsselisnextpage" time="15.740" classname="com.Workspace.testcases.IssuesSelectionTest"/>
  <system-out/>
  <testcase name="scrollIssrmpage" time="8.376" classname="com.Workspace.testcases.IssuesSelectionTest"/>
  <system-out/>
  <testcase name="clickbulkactionsselisperpage" time="6.707" classname="com.Workspace.testcases.IssuesSelectionTest"/>
  <system-out/>
  <testcase name="verifyNavigationToIssuesoverviewPage" time="17.451" classname="com.Workspace.testcases.IssuesSelectionTest"/>
  <system-out/>
  <testcase name="clickwrkalrmovrduedtdd" time="14.758" classname="com.Workspace.testcases.IssuesSelectionTest"/>
  <system-out/>
  <testcase name="clickisstypedd" time="18.553" classname="com.Workspace.testcases.IssuesSelectionTest"/>
  <system-out/>
  <testcase name="clickissmovrwrkgrdd" time="16.221" classname="com.Workspace.testcases.IssuesSelectionTest"/>
  <system-out/>
  <testcase name="clickissovrusrdd" time="13.063" classname="com.Workspace.testcases.IssuesSelectionTest"/>
  <system-out/>
  <testcase name="verifyNavigationToopenIssuesPage" time="10.460" classname="com.Workspace.testcases.IssuesSelectionTest"/>
  <system-out/>
  <testcase name="clickwrkopenalrmduedtdd" time="14.831" classname="com.Workspace.testcases.IssuesSelectionTest"/>
  <system-out/>
  <testcase name="clickopenisstypedd" time="13.487" classname="com.Workspace.testcases.IssuesSelectionTest"/>
  <system-out/>
  <testcase name="clickopenalrmwrkgrdd" time="15.924" classname="com.Workspace.testcases.IssuesSelectionTest"/>
  <system-out/>
  <testcase name="clickopenissusrdd" time="12.007" classname="com.Workspace.testcases.IssuesSelectionTest"/>
  <system-out/>
  <testcase name="clickreasonopnissuesdd" time="11.138" classname="com.Workspace.testcases.IssuesSelectionTest"/>
  <system-out/>
  <testcase name="verifyNavigationTowrkIssuesPage" time="6.837" classname="com.Workspace.testcases.IssuesSelectionTest"/>
  <system-out/>
  <testcase name="clickmywrkissduedtdd" time="14.934" classname="com.Workspace.testcases.IssuesSelectionTest"/>
  <system-out/>
  <testcase name="clickwrknisstypedd" time="12.757" classname="com.Workspace.testcases.IssuesSelectionTest"/>
  <system-out/>
  <testcase name="clickwrkisswrkgrdd" time="15.903" classname="com.Workspace.testcases.IssuesSelectionTest"/>
  <system-out/>
  <testcase name="clickwrkissusrdd" time="11.796" classname="com.Workspace.testcases.IssuesSelectionTest"/>
  <system-out/>
  <testcase name="clickreasonwrkgrpsdd" time="11.111" classname="com.Workspace.testcases.IssuesSelectionTest"/>
  <system-out/>
</testsuite> <!-- com.Workspace.testcases.IssuesSelectionTest -->
