<?xml version="1.0" encoding="UTF-8"?>
<!-- Generated by org.testng.reporters.JUnitReportReporter -->
<testsuite hostname="AVDCINDED-7" failures="0" tests="10" name="com.Workspace.testcases.MultiSence_WorkSpace_Alarms_Myopenalarms" time="240.724" errors="1" timestamp="2022-09-29T09:15:36 IST" skipped="0">
  <testcase classname="com.Workspace.testcases.MultiSence_WorkSpace_Alarms_Myopenalarms" name="TC001_NavigateToAlarmsPage" time="82.195"/>
  <system-out/>
  <testcase classname="com.Workspace.testcases.MultiSence_WorkSpace_Alarms_Myopenalarms" name="TC002_ValidateAlarmIDFilters" time="21.435"/>
  <system-out/>
  <testcase classname="com.Workspace.testcases.MultiSence_WorkSpace_Alarms_Myopenalarms" name="TC003_ValidateAlarmDeviceFilter" time="11.373"/>
  <system-out/>
  <testcase classname="com.Workspace.testcases.MultiSence_WorkSpace_Alarms_Myopenalarms" name="TC004_ValidateAlarmDeviceGroupFilter" time="7.849"/>
  <system-out/>
  <testcase classname="com.Workspace.testcases.MultiSence_WorkSpace_Alarms_Myopenalarms" name="TC005_ValidateAlarmDuedateFilter" time="23.906">
    <error message="no such element: Unable to locate element: {&quot;method&quot;:&quot;xpath&quot;,&quot;selector&quot;:&quot;(//*[@class=&#039;x-grid-cell x-grid-td x-grid-cell-headerId-alarms-grid-due-date&#039;])[1]&quot;}
  (Session info: chrome=106.0.5249.62)
For documentation on this error, please visit: https://selenium.dev/exceptions/#no_such_element
Build info: version: &#039;4.1.1&#039;, revision: &#039;e8fcc2cecf&#039;
System info: host: &#039;AVDCINDED-7&#039;, ip: &#039;10.72.85.178&#039;, os.name: &#039;Windows 10&#039;, os.arch: &#039;amd64&#039;, os.version: &#039;10.0&#039;, java.version: &#039;17.0.4.1&#039;
Driver info: org.openqa.selenium.chrome.ChromeDriver
Command: [57f625375a5362de9b4f877448c8fc7c, findElement {using=xpath, value=(//*[@class=&#039;x-grid-cell x-grid-td x-grid-cell-headerId-alarms-grid-due-date&#039;])[1]}]
Capabilities {acceptInsecureCerts: true, browserName: chrome, browserVersion: 106.0.5249.62, chrome: {chromedriverVersion: 106.0.5249.61 (511755355844..., userDataDir: C:\Users\H524070\AppData\Lo...}, goog:chromeOptions: {debuggerAddress: localhost:54657}, javascriptEnabled: true, networkConnectionEnabled: false, pageLoadStrategy: normal, platform: WINDOWS, platformName: WINDOWS, proxy: Proxy(), se:cdp: ws://localhost:54657/devtoo..., se:cdpVersion: 106.0.5249.62, setWindowRect: true, strictFileInteractability: false, timeouts: {implicit: 0, pageLoad: 300000, script: 30000}, unhandledPromptBehavior: dismiss and notify, webauthn:extension:credBlob: true, webauthn:extension:largeBlob: true, webauthn:virtualAuthenticators: true}
Session ID: 57f625375a5362de9b4f877448c8fc7c" type="org.openqa.selenium.NoSuchElementException">
      <![CDATA[org.openqa.selenium.NoSuchElementException: no such element: Unable to locate element: {"method":"xpath","selector":"(//*[@class='x-grid-cell x-grid-td x-grid-cell-headerId-alarms-grid-due-date'])[1]"}
  (Session info: chrome=106.0.5249.62)
For documentation on this error, please visit: https://selenium.dev/exceptions/#no_such_element
Build info: version: '4.1.1', revision: 'e8fcc2cecf'
System info: host: 'AVDCINDED-7', ip: '10.72.85.178', os.name: 'Windows 10', os.arch: 'amd64', os.version: '10.0', java.version: '17.0.4.1'
Driver info: org.openqa.selenium.chrome.ChromeDriver
Command: [57f625375a5362de9b4f877448c8fc7c, findElement {using=xpath, value=(//*[@class='x-grid-cell x-grid-td x-grid-cell-headerId-alarms-grid-due-date'])[1]}]
Capabilities {acceptInsecureCerts: true, browserName: chrome, browserVersion: 106.0.5249.62, chrome: {chromedriverVersion: 106.0.5249.61 (511755355844..., userDataDir: C:\Users\H524070\AppData\Lo...}, goog:chromeOptions: {debuggerAddress: localhost:54657}, javascriptEnabled: true, networkConnectionEnabled: false, pageLoadStrategy: normal, platform: WINDOWS, platformName: WINDOWS, proxy: Proxy(), se:cdp: ws://localhost:54657/devtoo..., se:cdpVersion: 106.0.5249.62, setWindowRect: true, strictFileInteractability: false, timeouts: {implicit: 0, pageLoad: 300000, script: 30000}, unhandledPromptBehavior: dismiss and notify, webauthn:extension:credBlob: true, webauthn:extension:largeBlob: true, webauthn:virtualAuthenticators: true}
Session ID: 57f625375a5362de9b4f877448c8fc7c
at java.base/jdk.internal.reflect.NativeConstructorAccessorImpl.newInstance0(Native Method)
at java.base/jdk.internal.reflect.NativeConstructorAccessorImpl.newInstance(NativeConstructorAccessorImpl.java:77)
at java.base/jdk.internal.reflect.DelegatingConstructorAccessorImpl.newInstance(DelegatingConstructorAccessorImpl.java:45)
at java.base/java.lang.reflect.Constructor.newInstanceWithCaller(Constructor.java:499)
at java.base/java.lang.reflect.Constructor.newInstance(Constructor.java:480)
at org.openqa.selenium.remote.codec.w3c.W3CHttpResponseCodec.createException(W3CHttpResponseCodec.java:200)
at org.openqa.selenium.remote.codec.w3c.W3CHttpResponseCodec.decode(W3CHttpResponseCodec.java:133)
at org.openqa.selenium.remote.codec.w3c.W3CHttpResponseCodec.decode(W3CHttpResponseCodec.java:53)
at org.openqa.selenium.remote.HttpCommandExecutor.execute(HttpCommandExecutor.java:184)
at org.openqa.selenium.remote.service.DriverCommandExecutor.invokeExecute(DriverCommandExecutor.java:167)
at org.openqa.selenium.remote.service.DriverCommandExecutor.execute(DriverCommandExecutor.java:142)
at org.openqa.selenium.remote.RemoteWebDriver.execute(RemoteWebDriver.java:543)
at org.openqa.selenium.remote.ElementLocation$ElementFinder$2.findElement(ElementLocation.java:162)
at org.openqa.selenium.remote.ElementLocation.findElement(ElementLocation.java:60)
at org.openqa.selenium.remote.RemoteWebDriver.findElement(RemoteWebDriver.java:367)
at org.openqa.selenium.remote.RemoteWebDriver.findElement(RemoteWebDriver.java:359)
at com.Workspace.pages.AlarmsSelectionPage.DueDateValidation(AlarmsSelectionPage.java:316)
at com.Workspace.pages.AlarmsSelectionPage.selectFilterAndValidateValue(AlarmsSelectionPage.java:114)
at com.Workspace.testcases.MultiSence_WorkSpace_Alarms_Myopenalarms.TC005_ValidateAlarmDuedateFilter(MultiSence_WorkSpace_Alarms_Myopenalarms.java:54)
at java.base/jdk.internal.reflect.NativeMethodAccessorImpl.invoke0(Native Method)
at java.base/jdk.internal.reflect.NativeMethodAccessorImpl.invoke(NativeMethodAccessorImpl.java:77)
at java.base/jdk.internal.reflect.DelegatingMethodAccessorImpl.invoke(DelegatingMethodAccessorImpl.java:43)
at java.base/java.lang.reflect.Method.invoke(Method.java:568)
at org.testng.internal.MethodInvocationHelper.invokeMethod(MethodInvocationHelper.java:133)
at org.testng.internal.TestInvoker.invokeMethod(TestInvoker.java:598)
at org.testng.internal.TestInvoker.invokeTestMethod(TestInvoker.java:173)
at org.testng.internal.MethodRunner.runInSequence(MethodRunner.java:46)
at org.testng.internal.TestInvoker$MethodInvocationAgent.invoke(TestInvoker.java:824)
at org.testng.internal.TestInvoker.invokeTestMethods(TestInvoker.java:146)
at org.testng.internal.TestMethodWorker.invokeTestMethods(TestMethodWorker.java:146)
at org.testng.internal.TestMethodWorker.run(TestMethodWorker.java:128)
at java.base/java.util.concurrent.ThreadPoolExecutor.runWorker(ThreadPoolExecutor.java:1136)
at java.base/java.util.concurrent.ThreadPoolExecutor$Worker.run(ThreadPoolExecutor.java:635)
at java.base/java.lang.Thread.run(Thread.java:833)
]]>
    </error>
  </testcase> <!-- TC005_ValidateAlarmDuedateFilter -->
  <system-out/>
  <testcase classname="com.Workspace.testcases.MultiSence_WorkSpace_Alarms_Myopenalarms" name="TC006_ValidateAlarmStatusFilter" time="8.952"/>
  <system-out/>
  <testcase classname="com.Workspace.testcases.MultiSence_WorkSpace_Alarms_Myopenalarms" name="TC007_ValidateAlarmClearedFilter" time="40.272"/>
  <system-out/>
  <testcase classname="com.Workspace.testcases.MultiSence_WorkSpace_Alarms_Myopenalarms" name="TC008_ValidateAlarmWorkgroupFilter" time="8.927"/>
  <system-out/>
  <testcase classname="com.Workspace.testcases.MultiSence_WorkSpace_Alarms_Myopenalarms" name="TC009_ValidateAlarmUserFilter" time="28.396"/>
  <system-out/>
  <testcase classname="com.Workspace.testcases.MultiSence_WorkSpace_Alarms_Myopenalarms" name="TC010_ValidateAlarmReasonFilter" time="7.419"/>
  <system-out/>
</testsuite> <!-- com.Workspace.testcases.MultiSence_WorkSpace_Alarms_Myopenalarms -->
